ARM GAS  C:\Users\Berbardo\AppData\Local\Temp\ccDZ8fDz.s 			page 1


   1              		.cpu cortex-m4
   2              		.eabi_attribute 27, 1
   3              		.eabi_attribute 28, 1
   4              		.eabi_attribute 20, 1
   5              		.eabi_attribute 21, 1
   6              		.eabi_attribute 23, 3
   7              		.eabi_attribute 24, 1
   8              		.eabi_attribute 25, 1
   9              		.eabi_attribute 26, 1
  10              		.eabi_attribute 30, 1
  11              		.eabi_attribute 34, 1
  12              		.eabi_attribute 18, 4
  13              		.file	"stm32f3xx_hal_msp.c"
  14              		.text
  15              	.Ltext0:
  16              		.cfi_sections	.debug_frame
  17              		.section	.text.HAL_MspInit,"ax",%progbits
  18              		.align	1
  19              		.global	HAL_MspInit
  20              		.arch armv7e-m
  21              		.syntax unified
  22              		.thumb
  23              		.thumb_func
  24              		.fpu fpv4-sp-d16
  26              	HAL_MspInit:
  27              	.LFB126:
  28              		.file 1 "cube/Src/stm32f3xx_hal_msp.c"
   1:cube/Src/stm32f3xx_hal_msp.c **** /* USER CODE BEGIN Header */
   2:cube/Src/stm32f3xx_hal_msp.c **** /**
   3:cube/Src/stm32f3xx_hal_msp.c ****   ******************************************************************************
   4:cube/Src/stm32f3xx_hal_msp.c ****   * File Name          : stm32f3xx_hal_msp.c
   5:cube/Src/stm32f3xx_hal_msp.c ****   * Description        : This file provides code for the MSP Initialization 
   6:cube/Src/stm32f3xx_hal_msp.c ****   *                      and de-Initialization codes.
   7:cube/Src/stm32f3xx_hal_msp.c ****   ******************************************************************************
   8:cube/Src/stm32f3xx_hal_msp.c ****   * @attention
   9:cube/Src/stm32f3xx_hal_msp.c ****   *
  10:cube/Src/stm32f3xx_hal_msp.c ****   * <h2><center>&copy; Copyright (c) 2019 STMicroelectronics.
  11:cube/Src/stm32f3xx_hal_msp.c ****   * All rights reserved.</center></h2>
  12:cube/Src/stm32f3xx_hal_msp.c ****   *
  13:cube/Src/stm32f3xx_hal_msp.c ****   * This software component is licensed by ST under BSD 3-Clause license,
  14:cube/Src/stm32f3xx_hal_msp.c ****   * the "License"; You may not use this file except in compliance with the
  15:cube/Src/stm32f3xx_hal_msp.c ****   * License. You may obtain a copy of the License at:
  16:cube/Src/stm32f3xx_hal_msp.c ****   *                        opensource.org/licenses/BSD-3-Clause
  17:cube/Src/stm32f3xx_hal_msp.c ****   *
  18:cube/Src/stm32f3xx_hal_msp.c ****   ******************************************************************************
  19:cube/Src/stm32f3xx_hal_msp.c ****   */
  20:cube/Src/stm32f3xx_hal_msp.c **** /* USER CODE END Header */
  21:cube/Src/stm32f3xx_hal_msp.c **** 
  22:cube/Src/stm32f3xx_hal_msp.c **** /* Includes ------------------------------------------------------------------*/
  23:cube/Src/stm32f3xx_hal_msp.c **** #include "main.h"
  24:cube/Src/stm32f3xx_hal_msp.c **** /* USER CODE BEGIN Includes */
  25:cube/Src/stm32f3xx_hal_msp.c **** 
  26:cube/Src/stm32f3xx_hal_msp.c **** /* USER CODE END Includes */
  27:cube/Src/stm32f3xx_hal_msp.c **** 
  28:cube/Src/stm32f3xx_hal_msp.c **** /* Private typedef -----------------------------------------------------------*/
  29:cube/Src/stm32f3xx_hal_msp.c **** /* USER CODE BEGIN TD */
  30:cube/Src/stm32f3xx_hal_msp.c **** 
ARM GAS  C:\Users\Berbardo\AppData\Local\Temp\ccDZ8fDz.s 			page 2


  31:cube/Src/stm32f3xx_hal_msp.c **** /* USER CODE END TD */
  32:cube/Src/stm32f3xx_hal_msp.c **** 
  33:cube/Src/stm32f3xx_hal_msp.c **** /* Private define ------------------------------------------------------------*/
  34:cube/Src/stm32f3xx_hal_msp.c **** /* USER CODE BEGIN Define */
  35:cube/Src/stm32f3xx_hal_msp.c ****  
  36:cube/Src/stm32f3xx_hal_msp.c **** /* USER CODE END Define */
  37:cube/Src/stm32f3xx_hal_msp.c **** 
  38:cube/Src/stm32f3xx_hal_msp.c **** /* Private macro -------------------------------------------------------------*/
  39:cube/Src/stm32f3xx_hal_msp.c **** /* USER CODE BEGIN Macro */
  40:cube/Src/stm32f3xx_hal_msp.c **** 
  41:cube/Src/stm32f3xx_hal_msp.c **** /* USER CODE END Macro */
  42:cube/Src/stm32f3xx_hal_msp.c **** 
  43:cube/Src/stm32f3xx_hal_msp.c **** /* Private variables ---------------------------------------------------------*/
  44:cube/Src/stm32f3xx_hal_msp.c **** /* USER CODE BEGIN PV */
  45:cube/Src/stm32f3xx_hal_msp.c **** 
  46:cube/Src/stm32f3xx_hal_msp.c **** /* USER CODE END PV */
  47:cube/Src/stm32f3xx_hal_msp.c **** 
  48:cube/Src/stm32f3xx_hal_msp.c **** /* Private function prototypes -----------------------------------------------*/
  49:cube/Src/stm32f3xx_hal_msp.c **** /* USER CODE BEGIN PFP */
  50:cube/Src/stm32f3xx_hal_msp.c **** 
  51:cube/Src/stm32f3xx_hal_msp.c **** /* USER CODE END PFP */
  52:cube/Src/stm32f3xx_hal_msp.c **** 
  53:cube/Src/stm32f3xx_hal_msp.c **** /* External functions --------------------------------------------------------*/
  54:cube/Src/stm32f3xx_hal_msp.c **** /* USER CODE BEGIN ExternalFunctions */
  55:cube/Src/stm32f3xx_hal_msp.c **** 
  56:cube/Src/stm32f3xx_hal_msp.c **** /* USER CODE END ExternalFunctions */
  57:cube/Src/stm32f3xx_hal_msp.c **** 
  58:cube/Src/stm32f3xx_hal_msp.c **** /* USER CODE BEGIN 0 */
  59:cube/Src/stm32f3xx_hal_msp.c **** 
  60:cube/Src/stm32f3xx_hal_msp.c **** /* USER CODE END 0 */
  61:cube/Src/stm32f3xx_hal_msp.c **** /**
  62:cube/Src/stm32f3xx_hal_msp.c ****   * Initializes the Global MSP.
  63:cube/Src/stm32f3xx_hal_msp.c ****   */
  64:cube/Src/stm32f3xx_hal_msp.c **** void HAL_MspInit(void)
  65:cube/Src/stm32f3xx_hal_msp.c **** {
  29              		.loc 1 65 1 view -0
  30              		.cfi_startproc
  31              		@ args = 0, pretend = 0, frame = 8
  32              		@ frame_needed = 0, uses_anonymous_args = 0
  33              		@ link register save eliminated.
  34 0000 82B0     		sub	sp, sp, #8
  35              		.cfi_def_cfa_offset 8
  66:cube/Src/stm32f3xx_hal_msp.c ****   /* USER CODE BEGIN MspInit 0 */
  67:cube/Src/stm32f3xx_hal_msp.c **** 
  68:cube/Src/stm32f3xx_hal_msp.c ****   /* USER CODE END MspInit 0 */
  69:cube/Src/stm32f3xx_hal_msp.c **** 
  70:cube/Src/stm32f3xx_hal_msp.c ****   __HAL_RCC_SYSCFG_CLK_ENABLE();
  36              		.loc 1 70 3 view .LVU1
  37              	.LBB2:
  38              		.loc 1 70 3 view .LVU2
  39              		.loc 1 70 3 view .LVU3
  40 0002 0A4B     		ldr	r3, .L3
  41 0004 9A69     		ldr	r2, [r3, #24]
  42 0006 42F00102 		orr	r2, r2, #1
  43 000a 9A61     		str	r2, [r3, #24]
  44              		.loc 1 70 3 view .LVU4
  45 000c 9A69     		ldr	r2, [r3, #24]
ARM GAS  C:\Users\Berbardo\AppData\Local\Temp\ccDZ8fDz.s 			page 3


  46 000e 02F00102 		and	r2, r2, #1
  47 0012 0092     		str	r2, [sp]
  48              		.loc 1 70 3 view .LVU5
  49 0014 009A     		ldr	r2, [sp]
  50              	.LBE2:
  71:cube/Src/stm32f3xx_hal_msp.c ****   __HAL_RCC_PWR_CLK_ENABLE();
  51              		.loc 1 71 3 view .LVU6
  52              	.LBB3:
  53              		.loc 1 71 3 view .LVU7
  54              		.loc 1 71 3 view .LVU8
  55 0016 DA69     		ldr	r2, [r3, #28]
  56 0018 42F08052 		orr	r2, r2, #268435456
  57 001c DA61     		str	r2, [r3, #28]
  58              		.loc 1 71 3 view .LVU9
  59 001e DB69     		ldr	r3, [r3, #28]
  60 0020 03F08053 		and	r3, r3, #268435456
  61 0024 0193     		str	r3, [sp, #4]
  62              		.loc 1 71 3 view .LVU10
  63 0026 019B     		ldr	r3, [sp, #4]
  64              	.LBE3:
  72:cube/Src/stm32f3xx_hal_msp.c **** 
  73:cube/Src/stm32f3xx_hal_msp.c ****   /* System interrupt init*/
  74:cube/Src/stm32f3xx_hal_msp.c **** 
  75:cube/Src/stm32f3xx_hal_msp.c ****   /* USER CODE BEGIN MspInit 1 */
  76:cube/Src/stm32f3xx_hal_msp.c **** 
  77:cube/Src/stm32f3xx_hal_msp.c ****   /* USER CODE END MspInit 1 */
  78:cube/Src/stm32f3xx_hal_msp.c **** }
  65              		.loc 1 78 1 is_stmt 0 view .LVU11
  66 0028 02B0     		add	sp, sp, #8
  67              		.cfi_def_cfa_offset 0
  68              		@ sp needed
  69 002a 7047     		bx	lr
  70              	.L4:
  71              		.align	2
  72              	.L3:
  73 002c 00100240 		.word	1073876992
  74              		.cfi_endproc
  75              	.LFE126:
  77              		.text
  78              	.Letext0:
  79              		.file 2 "c:\\program files (x86)\\gnu tools arm embedded\\8 2019-q3-update\\arm-none-eabi\\include
  80              		.file 3 "c:\\program files (x86)\\gnu tools arm embedded\\8 2019-q3-update\\arm-none-eabi\\include
  81              		.file 4 "cube/Drivers/CMSIS/Include/core_cm4.h"
  82              		.file 5 "cube/Drivers/CMSIS/Device/ST/STM32F3xx/Include/system_stm32f3xx.h"
  83              		.file 6 "cube/Drivers/CMSIS/Device/ST/STM32F3xx/Include/stm32f303xe.h"
  84              		.file 7 "c:\\program files (x86)\\gnu tools arm embedded\\8 2019-q3-update\\lib\\gcc\\arm-none-eab
  85              		.file 8 "c:\\program files (x86)\\gnu tools arm embedded\\8 2019-q3-update\\arm-none-eabi\\include
  86              		.file 9 "c:\\program files (x86)\\gnu tools arm embedded\\8 2019-q3-update\\arm-none-eabi\\include
  87              		.file 10 "c:\\program files (x86)\\gnu tools arm embedded\\8 2019-q3-update\\arm-none-eabi\\includ
  88              		.file 11 "cube/Drivers/STM32F3xx_HAL_Driver/Inc/stm32f3xx_hal.h"
ARM GAS  C:\Users\Berbardo\AppData\Local\Temp\ccDZ8fDz.s 			page 4


DEFINED SYMBOLS
                            *ABS*:00000000 stm32f3xx_hal_msp.c
C:\Users\Berbardo\AppData\Local\Temp\ccDZ8fDz.s:18     .text.HAL_MspInit:00000000 $t
C:\Users\Berbardo\AppData\Local\Temp\ccDZ8fDz.s:26     .text.HAL_MspInit:00000000 HAL_MspInit
C:\Users\Berbardo\AppData\Local\Temp\ccDZ8fDz.s:73     .text.HAL_MspInit:0000002c $d
                           .group:00000000 wm4.0.cbadcd7125b439f63d13d43ae17ce4cb
                           .group:00000000 wm4.target_vl53l1_1.h.12.551c1b90918b951c5224feb9b75565bd
                           .group:00000000 wm4.stm32f3xx_hal_conf.h.37.cb1c9cb802da867d86527a1477311c20
                           .group:00000000 wm4.stm32f3xx.h.55.fe34e0340b06ab20c90f3cf1d792e0eb
                           .group:00000000 wm4.stm32f303xe.h.51.65501469ddbb8a3dac94b2f9d61c4e79
                           .group:00000000 wm4._newlib_version.h.4.9ba035841e762c3308916a0ce96032e7
                           .group:00000000 wm4.features.h.33.d0b7f3cd6ee95f610104014bb3ed522a
                           .group:00000000 wm4._default_types.h.15.247e5cd201eca3442cbf5404108c4935
                           .group:00000000 wm4._intsup.h.10.48bafbb683905c4daa4565a85aeeb264
                           .group:00000000 wm4._stdint.h.10.c24fa3af3bc1706662bb5593a907e841
                           .group:00000000 wm4.stdint.h.23.d53047a68f4a85177f80b422d52785ed
                           .group:00000000 wm4.core_cm4.h.74.09ac1776756364a5a5d23084aa23e459
                           .group:00000000 wm4.cmsis_gcc.h.36.39970cb43ce4b53c82644a1f9bc2eab9
                           .group:00000000 wm4.core_cm4.h.223.390ff9b0e06949b13520d8b6746f63e8
                           .group:00000000 wm4.stm32f303xe.h.787.6957ba193b5d3b55f4f9c444bc42cb63
                           .group:00000000 wm4.stm32f3xx.h.191.245d83eb21a6c69e2950c577a7134277
                           .group:00000000 wm4.newlib.h.8.f6e543eac3f2f65163ba2ffe3b04987b
                           .group:00000000 wm4.ieeefp.h.77.5499ed899a78229fbaf6d102924f4714
                           .group:00000000 wm4.config.h.224.c701144a7b0518c6ee9b9b5465b79f81
                           .group:00000000 wm4._ansi.h.31.de524f58584151836e90d8620a16f8e8
                           .group:00000000 wm4.stdio.h.31.7c0e28c411445f3f9c5b11accf882760
                           .group:00000000 wm4.stddef.h.187.2ff233552538c6ff9b8575ca8ea52cb3
                           .group:00000000 wm4.cdefs.h.49.6260d97adb8d27534cbdc0f868b8ea87
                           .group:00000000 wm4.stddef.h.39.ec95e8feac892e292b69dc7ae75b0d64
                           .group:00000000 wm4.stdarg.h.34.3a23a216c0c293b3d2ea2e89281481e6
                           .group:00000000 wm4._types.h.20.dd0d04dca3800a0d2a6129b87f3adbb2
                           .group:00000000 wm4.stddef.h.161.5349cb105733e8777bfb0cf53c4e3f34
                           .group:00000000 wm4._types.h.127.34941de1b2539d59d5cac00e0dd27a45
                           .group:00000000 wm4.reent.h.17.e292bf8b0bec6c96e131a54347145a30
                           .group:00000000 wm4.lock.h.2.1461d1fff82dffe8bfddc23307f6484f
                           .group:00000000 wm4.reent.h.77.dcd6129ff07fe81bd5636db29abe53b2
                           .group:00000000 wm4.types.h.40.c2dcbbb5c1f4f0e5cb716ebf7776da48
                           .group:00000000 wm4.stdio.h.2.4aa87247282eca6c8f36f9de33d8df1a
                           .group:00000000 wm4.stdio.h.81.2a55589bfa3ee24eeb84e3c79458e4a9
                           .group:00000000 wm4.stm32f3xx_hal_def.h.76.500c7c9bfcb8d4adebf82d1af27ff044
                           .group:00000000 wm4.stm32f3xx_hal_rcc.h.64.06cc24fd94394ddd03725d84823331b1
                           .group:00000000 wm4.stm32f3xx_hal_rcc_ex.h.38.96615d6f3e5897bb79454968f7fc6c86
                           .group:00000000 wm4.stm32f3xx_hal_gpio.h.38.11db931fcbf37182e25c3927ddf6e8ba
                           .group:00000000 wm4.stm32f3xx_hal_gpio_ex.h.38.46a6c05d651e2a032ac66cebe63916b8
                           .group:00000000 wm4.stm32f3xx_hal_dma.h.38.61966c780efd486aa451ae49ca247997
                           .group:00000000 wm4.stm32f3xx_hal_dma_ex.h.38.195e7d437d9280b9f4e6bae0fa00db04
                           .group:00000000 wm4.stm32f3xx_hal_dma.h.423.83da80eb3e6ae96f050d0c5e4b55e4b9
                           .group:00000000 wm4.stm32f3xx_hal_cortex.h.38.c5c1d06be9dad8e7837dbe16f3535233
                           .group:00000000 wm4.stm32f3xx_hal_flash.h.38.2b4c202390dfbe69a578ce118ab4d799
                           .group:00000000 wm4.stm32f3xx_hal_flash_ex.h.38.65931ad4b848f69ba672eb38b2753615
                           .group:00000000 wm4.stm32f3xx_hal_i2c.h.38.e3750f5f029ebf729a7cf07e85cad615
                           .group:00000000 wm4.stm32f3xx_hal_i2c_ex.h.38.bdd47c8bc2d21749d9fd72e6b8484890
                           .group:00000000 wm4.stm32f3xx_hal_i2c.h.626.05cba3c85b66bb4631bfd2ebbfab1b06
                           .group:00000000 wm4.stm32f3xx_hal_pwr.h.38.efb6ce75a5c12d6b2c7c914e7a94ec2b
                           .group:00000000 wm4.stm32f3xx_hal_pwr_ex.h.38.d228edc56905d96af2d831d3c8e0487a
                           .group:00000000 wm4.stm32f3xx_hal.h.60.11e72be277d7cf245b56360bacde3327

ARM GAS  C:\Users\Berbardo\AppData\Local\Temp\ccDZ8fDz.s 			page 5


NO UNDEFINED SYMBOLS
