ARM GAS  C:\Users\Berbardo\AppData\Local\Temp\ccyBTC3b.s 			page 1


   1              		.cpu cortex-m4
   2              		.eabi_attribute 27, 1
   3              		.eabi_attribute 28, 1
   4              		.eabi_attribute 20, 1
   5              		.eabi_attribute 21, 1
   6              		.eabi_attribute 23, 3
   7              		.eabi_attribute 24, 1
   8              		.eabi_attribute 25, 1
   9              		.eabi_attribute 26, 1
  10              		.eabi_attribute 30, 1
  11              		.eabi_attribute 34, 1
  12              		.eabi_attribute 18, 4
  13              		.file	"stm32f3xx_hal_i2c_ex.c"
  14              		.text
  15              	.Ltext0:
  16              		.cfi_sections	.debug_frame
  17              		.section	.text.HAL_I2CEx_ConfigAnalogFilter,"ax",%progbits
  18              		.align	1
  19              		.global	HAL_I2CEx_ConfigAnalogFilter
  20              		.arch armv7e-m
  21              		.syntax unified
  22              		.thumb
  23              		.thumb_func
  24              		.fpu fpv4-sp-d16
  26              	HAL_I2CEx_ConfigAnalogFilter:
  27              	.LVL0:
  28              	.LFB126:
  29              		.file 1 "cube/Drivers/STM32F3xx_HAL_Driver/Src/stm32f3xx_hal_i2c_ex.c"
   1:cube/Drivers/STM32F3xx_HAL_Driver/Src/stm32f3xx_hal_i2c_ex.c **** /**
   2:cube/Drivers/STM32F3xx_HAL_Driver/Src/stm32f3xx_hal_i2c_ex.c ****   ******************************************************************************
   3:cube/Drivers/STM32F3xx_HAL_Driver/Src/stm32f3xx_hal_i2c_ex.c ****   * @file    stm32f3xx_hal_i2c_ex.c
   4:cube/Drivers/STM32F3xx_HAL_Driver/Src/stm32f3xx_hal_i2c_ex.c ****   * @author  MCD Application Team
   5:cube/Drivers/STM32F3xx_HAL_Driver/Src/stm32f3xx_hal_i2c_ex.c ****   * @brief   I2C Extended HAL module driver.
   6:cube/Drivers/STM32F3xx_HAL_Driver/Src/stm32f3xx_hal_i2c_ex.c ****   *          This file provides firmware functions to manage the following
   7:cube/Drivers/STM32F3xx_HAL_Driver/Src/stm32f3xx_hal_i2c_ex.c ****   *          functionalities of I2C Extended peripheral:
   8:cube/Drivers/STM32F3xx_HAL_Driver/Src/stm32f3xx_hal_i2c_ex.c ****   *           + Extended features functions
   9:cube/Drivers/STM32F3xx_HAL_Driver/Src/stm32f3xx_hal_i2c_ex.c ****   *
  10:cube/Drivers/STM32F3xx_HAL_Driver/Src/stm32f3xx_hal_i2c_ex.c ****   @verbatim
  11:cube/Drivers/STM32F3xx_HAL_Driver/Src/stm32f3xx_hal_i2c_ex.c ****   ==============================================================================
  12:cube/Drivers/STM32F3xx_HAL_Driver/Src/stm32f3xx_hal_i2c_ex.c ****                ##### I2C peripheral Extended features  #####
  13:cube/Drivers/STM32F3xx_HAL_Driver/Src/stm32f3xx_hal_i2c_ex.c ****   ==============================================================================
  14:cube/Drivers/STM32F3xx_HAL_Driver/Src/stm32f3xx_hal_i2c_ex.c **** 
  15:cube/Drivers/STM32F3xx_HAL_Driver/Src/stm32f3xx_hal_i2c_ex.c ****   [..] Comparing to other previous devices, the I2C interface for STM32F3xx
  16:cube/Drivers/STM32F3xx_HAL_Driver/Src/stm32f3xx_hal_i2c_ex.c ****        devices contains the following additional features
  17:cube/Drivers/STM32F3xx_HAL_Driver/Src/stm32f3xx_hal_i2c_ex.c **** 
  18:cube/Drivers/STM32F3xx_HAL_Driver/Src/stm32f3xx_hal_i2c_ex.c ****        (+) Possibility to disable or enable Analog Noise Filter
  19:cube/Drivers/STM32F3xx_HAL_Driver/Src/stm32f3xx_hal_i2c_ex.c ****        (+) Use of a configured Digital Noise Filter
  20:cube/Drivers/STM32F3xx_HAL_Driver/Src/stm32f3xx_hal_i2c_ex.c ****        (+) Disable or enable wakeup from Stop mode(s)
  21:cube/Drivers/STM32F3xx_HAL_Driver/Src/stm32f3xx_hal_i2c_ex.c ****        (+) Disable or enable Fast Mode Plus
  22:cube/Drivers/STM32F3xx_HAL_Driver/Src/stm32f3xx_hal_i2c_ex.c **** 
  23:cube/Drivers/STM32F3xx_HAL_Driver/Src/stm32f3xx_hal_i2c_ex.c ****                      ##### How to use this driver #####
  24:cube/Drivers/STM32F3xx_HAL_Driver/Src/stm32f3xx_hal_i2c_ex.c ****   ==============================================================================
  25:cube/Drivers/STM32F3xx_HAL_Driver/Src/stm32f3xx_hal_i2c_ex.c ****   [..] This driver provides functions to configure Noise Filter and Wake Up Feature
  26:cube/Drivers/STM32F3xx_HAL_Driver/Src/stm32f3xx_hal_i2c_ex.c ****     (#) Configure I2C Analog noise filter using the function HAL_I2CEx_ConfigAnalogFilter()
  27:cube/Drivers/STM32F3xx_HAL_Driver/Src/stm32f3xx_hal_i2c_ex.c ****     (#) Configure I2C Digital noise filter using the function HAL_I2CEx_ConfigDigitalFilter()
  28:cube/Drivers/STM32F3xx_HAL_Driver/Src/stm32f3xx_hal_i2c_ex.c ****     (#) Configure the enable or disable of I2C Wake Up Mode using the functions :
  29:cube/Drivers/STM32F3xx_HAL_Driver/Src/stm32f3xx_hal_i2c_ex.c ****           (++) HAL_I2CEx_EnableWakeUp()
ARM GAS  C:\Users\Berbardo\AppData\Local\Temp\ccyBTC3b.s 			page 2


  30:cube/Drivers/STM32F3xx_HAL_Driver/Src/stm32f3xx_hal_i2c_ex.c ****           (++) HAL_I2CEx_DisableWakeUp()
  31:cube/Drivers/STM32F3xx_HAL_Driver/Src/stm32f3xx_hal_i2c_ex.c ****     (#) Configure the enable or disable of fast mode plus driving capability using the functions :
  32:cube/Drivers/STM32F3xx_HAL_Driver/Src/stm32f3xx_hal_i2c_ex.c ****           (++) HAL_I2CEx_EnableFastModePlus()
  33:cube/Drivers/STM32F3xx_HAL_Driver/Src/stm32f3xx_hal_i2c_ex.c ****           (++) HAL_I2CEx_DisableFastModePlus()
  34:cube/Drivers/STM32F3xx_HAL_Driver/Src/stm32f3xx_hal_i2c_ex.c ****   @endverbatim
  35:cube/Drivers/STM32F3xx_HAL_Driver/Src/stm32f3xx_hal_i2c_ex.c ****   ******************************************************************************
  36:cube/Drivers/STM32F3xx_HAL_Driver/Src/stm32f3xx_hal_i2c_ex.c ****   * @attention
  37:cube/Drivers/STM32F3xx_HAL_Driver/Src/stm32f3xx_hal_i2c_ex.c ****   *
  38:cube/Drivers/STM32F3xx_HAL_Driver/Src/stm32f3xx_hal_i2c_ex.c ****   * <h2><center>&copy; COPYRIGHT(c) 2016 STMicroelectronics</center></h2>
  39:cube/Drivers/STM32F3xx_HAL_Driver/Src/stm32f3xx_hal_i2c_ex.c ****   *
  40:cube/Drivers/STM32F3xx_HAL_Driver/Src/stm32f3xx_hal_i2c_ex.c ****   * Redistribution and use in source and binary forms, with or without modification,
  41:cube/Drivers/STM32F3xx_HAL_Driver/Src/stm32f3xx_hal_i2c_ex.c ****   * are permitted provided that the following conditions are met:
  42:cube/Drivers/STM32F3xx_HAL_Driver/Src/stm32f3xx_hal_i2c_ex.c ****   *   1. Redistributions of source code must retain the above copyright notice,
  43:cube/Drivers/STM32F3xx_HAL_Driver/Src/stm32f3xx_hal_i2c_ex.c ****   *      this list of conditions and the following disclaimer.
  44:cube/Drivers/STM32F3xx_HAL_Driver/Src/stm32f3xx_hal_i2c_ex.c ****   *   2. Redistributions in binary form must reproduce the above copyright notice,
  45:cube/Drivers/STM32F3xx_HAL_Driver/Src/stm32f3xx_hal_i2c_ex.c ****   *      this list of conditions and the following disclaimer in the documentation
  46:cube/Drivers/STM32F3xx_HAL_Driver/Src/stm32f3xx_hal_i2c_ex.c ****   *      and/or other materials provided with the distribution.
  47:cube/Drivers/STM32F3xx_HAL_Driver/Src/stm32f3xx_hal_i2c_ex.c ****   *   3. Neither the name of STMicroelectronics nor the names of its contributors
  48:cube/Drivers/STM32F3xx_HAL_Driver/Src/stm32f3xx_hal_i2c_ex.c ****   *      may be used to endorse or promote products derived from this software
  49:cube/Drivers/STM32F3xx_HAL_Driver/Src/stm32f3xx_hal_i2c_ex.c ****   *      without specific prior written permission.
  50:cube/Drivers/STM32F3xx_HAL_Driver/Src/stm32f3xx_hal_i2c_ex.c ****   *
  51:cube/Drivers/STM32F3xx_HAL_Driver/Src/stm32f3xx_hal_i2c_ex.c ****   * THIS SOFTWARE IS PROVIDED BY THE COPYRIGHT HOLDERS AND CONTRIBUTORS "AS IS"
  52:cube/Drivers/STM32F3xx_HAL_Driver/Src/stm32f3xx_hal_i2c_ex.c ****   * AND ANY EXPRESS OR IMPLIED WARRANTIES, INCLUDING, BUT NOT LIMITED TO, THE
  53:cube/Drivers/STM32F3xx_HAL_Driver/Src/stm32f3xx_hal_i2c_ex.c ****   * IMPLIED WARRANTIES OF MERCHANTABILITY AND FITNESS FOR A PARTICULAR PURPOSE ARE
  54:cube/Drivers/STM32F3xx_HAL_Driver/Src/stm32f3xx_hal_i2c_ex.c ****   * DISCLAIMED. IN NO EVENT SHALL THE COPYRIGHT HOLDER OR CONTRIBUTORS BE LIABLE
  55:cube/Drivers/STM32F3xx_HAL_Driver/Src/stm32f3xx_hal_i2c_ex.c ****   * FOR ANY DIRECT, INDIRECT, INCIDENTAL, SPECIAL, EXEMPLARY, OR CONSEQUENTIAL
  56:cube/Drivers/STM32F3xx_HAL_Driver/Src/stm32f3xx_hal_i2c_ex.c ****   * DAMAGES (INCLUDING, BUT NOT LIMITED TO, PROCUREMENT OF SUBSTITUTE GOODS OR
  57:cube/Drivers/STM32F3xx_HAL_Driver/Src/stm32f3xx_hal_i2c_ex.c ****   * SERVICES; LOSS OF USE, DATA, OR PROFITS; OR BUSINESS INTERRUPTION) HOWEVER
  58:cube/Drivers/STM32F3xx_HAL_Driver/Src/stm32f3xx_hal_i2c_ex.c ****   * CAUSED AND ON ANY THEORY OF LIABILITY, WHETHER IN CONTRACT, STRICT LIABILITY,
  59:cube/Drivers/STM32F3xx_HAL_Driver/Src/stm32f3xx_hal_i2c_ex.c ****   * OR TORT (INCLUDING NEGLIGENCE OR OTHERWISE) ARISING IN ANY WAY OUT OF THE USE
  60:cube/Drivers/STM32F3xx_HAL_Driver/Src/stm32f3xx_hal_i2c_ex.c ****   * OF THIS SOFTWARE, EVEN IF ADVISED OF THE POSSIBILITY OF SUCH DAMAGE.
  61:cube/Drivers/STM32F3xx_HAL_Driver/Src/stm32f3xx_hal_i2c_ex.c ****   *
  62:cube/Drivers/STM32F3xx_HAL_Driver/Src/stm32f3xx_hal_i2c_ex.c ****   ******************************************************************************
  63:cube/Drivers/STM32F3xx_HAL_Driver/Src/stm32f3xx_hal_i2c_ex.c ****   */
  64:cube/Drivers/STM32F3xx_HAL_Driver/Src/stm32f3xx_hal_i2c_ex.c **** 
  65:cube/Drivers/STM32F3xx_HAL_Driver/Src/stm32f3xx_hal_i2c_ex.c **** /* Includes ------------------------------------------------------------------*/
  66:cube/Drivers/STM32F3xx_HAL_Driver/Src/stm32f3xx_hal_i2c_ex.c **** #include "stm32f3xx_hal.h"
  67:cube/Drivers/STM32F3xx_HAL_Driver/Src/stm32f3xx_hal_i2c_ex.c **** 
  68:cube/Drivers/STM32F3xx_HAL_Driver/Src/stm32f3xx_hal_i2c_ex.c **** /** @addtogroup STM32F3xx_HAL_Driver
  69:cube/Drivers/STM32F3xx_HAL_Driver/Src/stm32f3xx_hal_i2c_ex.c ****   * @{
  70:cube/Drivers/STM32F3xx_HAL_Driver/Src/stm32f3xx_hal_i2c_ex.c ****   */
  71:cube/Drivers/STM32F3xx_HAL_Driver/Src/stm32f3xx_hal_i2c_ex.c **** 
  72:cube/Drivers/STM32F3xx_HAL_Driver/Src/stm32f3xx_hal_i2c_ex.c **** /** @defgroup I2CEx I2CEx
  73:cube/Drivers/STM32F3xx_HAL_Driver/Src/stm32f3xx_hal_i2c_ex.c ****   * @brief I2C Extended HAL module driver
  74:cube/Drivers/STM32F3xx_HAL_Driver/Src/stm32f3xx_hal_i2c_ex.c ****   * @{
  75:cube/Drivers/STM32F3xx_HAL_Driver/Src/stm32f3xx_hal_i2c_ex.c ****   */
  76:cube/Drivers/STM32F3xx_HAL_Driver/Src/stm32f3xx_hal_i2c_ex.c **** 
  77:cube/Drivers/STM32F3xx_HAL_Driver/Src/stm32f3xx_hal_i2c_ex.c **** #ifdef HAL_I2C_MODULE_ENABLED
  78:cube/Drivers/STM32F3xx_HAL_Driver/Src/stm32f3xx_hal_i2c_ex.c **** 
  79:cube/Drivers/STM32F3xx_HAL_Driver/Src/stm32f3xx_hal_i2c_ex.c **** /* Private typedef -----------------------------------------------------------*/
  80:cube/Drivers/STM32F3xx_HAL_Driver/Src/stm32f3xx_hal_i2c_ex.c **** /* Private define ------------------------------------------------------------*/
  81:cube/Drivers/STM32F3xx_HAL_Driver/Src/stm32f3xx_hal_i2c_ex.c **** /* Private macro -------------------------------------------------------------*/
  82:cube/Drivers/STM32F3xx_HAL_Driver/Src/stm32f3xx_hal_i2c_ex.c **** /* Private variables ---------------------------------------------------------*/
  83:cube/Drivers/STM32F3xx_HAL_Driver/Src/stm32f3xx_hal_i2c_ex.c **** /* Private function prototypes -----------------------------------------------*/
  84:cube/Drivers/STM32F3xx_HAL_Driver/Src/stm32f3xx_hal_i2c_ex.c **** /* Private functions ---------------------------------------------------------*/
  85:cube/Drivers/STM32F3xx_HAL_Driver/Src/stm32f3xx_hal_i2c_ex.c **** 
  86:cube/Drivers/STM32F3xx_HAL_Driver/Src/stm32f3xx_hal_i2c_ex.c **** /** @defgroup I2CEx_Exported_Functions I2C Extended Exported Functions
ARM GAS  C:\Users\Berbardo\AppData\Local\Temp\ccyBTC3b.s 			page 3


  87:cube/Drivers/STM32F3xx_HAL_Driver/Src/stm32f3xx_hal_i2c_ex.c ****   * @{
  88:cube/Drivers/STM32F3xx_HAL_Driver/Src/stm32f3xx_hal_i2c_ex.c ****   */
  89:cube/Drivers/STM32F3xx_HAL_Driver/Src/stm32f3xx_hal_i2c_ex.c **** 
  90:cube/Drivers/STM32F3xx_HAL_Driver/Src/stm32f3xx_hal_i2c_ex.c **** /** @defgroup I2CEx_Exported_Functions_Group1 Extended features functions
  91:cube/Drivers/STM32F3xx_HAL_Driver/Src/stm32f3xx_hal_i2c_ex.c ****   * @brief    Extended features functions
  92:cube/Drivers/STM32F3xx_HAL_Driver/Src/stm32f3xx_hal_i2c_ex.c ****  *
  93:cube/Drivers/STM32F3xx_HAL_Driver/Src/stm32f3xx_hal_i2c_ex.c **** @verbatim
  94:cube/Drivers/STM32F3xx_HAL_Driver/Src/stm32f3xx_hal_i2c_ex.c ****  ===============================================================================
  95:cube/Drivers/STM32F3xx_HAL_Driver/Src/stm32f3xx_hal_i2c_ex.c ****                       ##### Extended features functions #####
  96:cube/Drivers/STM32F3xx_HAL_Driver/Src/stm32f3xx_hal_i2c_ex.c ****  ===============================================================================
  97:cube/Drivers/STM32F3xx_HAL_Driver/Src/stm32f3xx_hal_i2c_ex.c ****     [..] This section provides functions allowing to:
  98:cube/Drivers/STM32F3xx_HAL_Driver/Src/stm32f3xx_hal_i2c_ex.c ****       (+) Configure Noise Filters
  99:cube/Drivers/STM32F3xx_HAL_Driver/Src/stm32f3xx_hal_i2c_ex.c ****       (+) Configure Wake Up Feature
 100:cube/Drivers/STM32F3xx_HAL_Driver/Src/stm32f3xx_hal_i2c_ex.c ****       (+) Configure Fast Mode Plus
 101:cube/Drivers/STM32F3xx_HAL_Driver/Src/stm32f3xx_hal_i2c_ex.c **** 
 102:cube/Drivers/STM32F3xx_HAL_Driver/Src/stm32f3xx_hal_i2c_ex.c **** @endverbatim
 103:cube/Drivers/STM32F3xx_HAL_Driver/Src/stm32f3xx_hal_i2c_ex.c ****   * @{
 104:cube/Drivers/STM32F3xx_HAL_Driver/Src/stm32f3xx_hal_i2c_ex.c ****   */
 105:cube/Drivers/STM32F3xx_HAL_Driver/Src/stm32f3xx_hal_i2c_ex.c **** 
 106:cube/Drivers/STM32F3xx_HAL_Driver/Src/stm32f3xx_hal_i2c_ex.c **** /**
 107:cube/Drivers/STM32F3xx_HAL_Driver/Src/stm32f3xx_hal_i2c_ex.c ****   * @brief  Configure I2C Analog noise filter.
 108:cube/Drivers/STM32F3xx_HAL_Driver/Src/stm32f3xx_hal_i2c_ex.c ****   * @param  hi2c Pointer to a I2C_HandleTypeDef structure that contains
 109:cube/Drivers/STM32F3xx_HAL_Driver/Src/stm32f3xx_hal_i2c_ex.c ****   *                the configuration information for the specified I2Cx peripheral.
 110:cube/Drivers/STM32F3xx_HAL_Driver/Src/stm32f3xx_hal_i2c_ex.c ****   * @param  AnalogFilter New state of the Analog filter.
 111:cube/Drivers/STM32F3xx_HAL_Driver/Src/stm32f3xx_hal_i2c_ex.c ****   * @retval HAL status
 112:cube/Drivers/STM32F3xx_HAL_Driver/Src/stm32f3xx_hal_i2c_ex.c ****   */
 113:cube/Drivers/STM32F3xx_HAL_Driver/Src/stm32f3xx_hal_i2c_ex.c **** HAL_StatusTypeDef HAL_I2CEx_ConfigAnalogFilter(I2C_HandleTypeDef *hi2c, uint32_t AnalogFilter)
 114:cube/Drivers/STM32F3xx_HAL_Driver/Src/stm32f3xx_hal_i2c_ex.c **** {
  30              		.loc 1 114 1 view -0
  31              		.cfi_startproc
  32              		@ args = 0, pretend = 0, frame = 0
  33              		@ frame_needed = 0, uses_anonymous_args = 0
  34              		@ link register save eliminated.
 115:cube/Drivers/STM32F3xx_HAL_Driver/Src/stm32f3xx_hal_i2c_ex.c ****   /* Check the parameters */
 116:cube/Drivers/STM32F3xx_HAL_Driver/Src/stm32f3xx_hal_i2c_ex.c ****   assert_param(IS_I2C_ALL_INSTANCE(hi2c->Instance));
  35              		.loc 1 116 3 view .LVU1
 117:cube/Drivers/STM32F3xx_HAL_Driver/Src/stm32f3xx_hal_i2c_ex.c ****   assert_param(IS_I2C_ANALOG_FILTER(AnalogFilter));
  36              		.loc 1 117 3 view .LVU2
 118:cube/Drivers/STM32F3xx_HAL_Driver/Src/stm32f3xx_hal_i2c_ex.c **** 
 119:cube/Drivers/STM32F3xx_HAL_Driver/Src/stm32f3xx_hal_i2c_ex.c ****   if (hi2c->State == HAL_I2C_STATE_READY)
  37              		.loc 1 119 3 view .LVU3
  38              		.loc 1 119 11 is_stmt 0 view .LVU4
  39 0000 90F84130 		ldrb	r3, [r0, #65]	@ zero_extendqisi2
  40 0004 DBB2     		uxtb	r3, r3
  41              		.loc 1 119 6 view .LVU5
  42 0006 202B     		cmp	r3, #32
  43 0008 27D1     		bne	.L3
 120:cube/Drivers/STM32F3xx_HAL_Driver/Src/stm32f3xx_hal_i2c_ex.c ****   {
 121:cube/Drivers/STM32F3xx_HAL_Driver/Src/stm32f3xx_hal_i2c_ex.c ****     /* Process Locked */
 122:cube/Drivers/STM32F3xx_HAL_Driver/Src/stm32f3xx_hal_i2c_ex.c ****     __HAL_LOCK(hi2c);
  44              		.loc 1 122 5 is_stmt 1 view .LVU6
  45              		.loc 1 122 5 view .LVU7
  46 000a 90F84030 		ldrb	r3, [r0, #64]	@ zero_extendqisi2
  47 000e 012B     		cmp	r3, #1
  48 0010 25D0     		beq	.L4
 114:cube/Drivers/STM32F3xx_HAL_Driver/Src/stm32f3xx_hal_i2c_ex.c ****   /* Check the parameters */
  49              		.loc 1 114 1 is_stmt 0 discriminator 2 view .LVU8
ARM GAS  C:\Users\Berbardo\AppData\Local\Temp\ccyBTC3b.s 			page 4


  50 0012 10B4     		push	{r4}
  51              		.cfi_def_cfa_offset 4
  52              		.cfi_offset 4, -4
  53              		.loc 1 122 5 is_stmt 1 discriminator 2 view .LVU9
  54 0014 0123     		movs	r3, #1
  55 0016 80F84030 		strb	r3, [r0, #64]
 123:cube/Drivers/STM32F3xx_HAL_Driver/Src/stm32f3xx_hal_i2c_ex.c **** 
 124:cube/Drivers/STM32F3xx_HAL_Driver/Src/stm32f3xx_hal_i2c_ex.c ****     hi2c->State = HAL_I2C_STATE_BUSY;
  56              		.loc 1 124 5 discriminator 2 view .LVU10
  57              		.loc 1 124 17 is_stmt 0 discriminator 2 view .LVU11
  58 001a 2423     		movs	r3, #36
  59 001c 80F84130 		strb	r3, [r0, #65]
 125:cube/Drivers/STM32F3xx_HAL_Driver/Src/stm32f3xx_hal_i2c_ex.c **** 
 126:cube/Drivers/STM32F3xx_HAL_Driver/Src/stm32f3xx_hal_i2c_ex.c ****     /* Disable the selected I2C peripheral */
 127:cube/Drivers/STM32F3xx_HAL_Driver/Src/stm32f3xx_hal_i2c_ex.c ****     __HAL_I2C_DISABLE(hi2c);
  60              		.loc 1 127 5 is_stmt 1 discriminator 2 view .LVU12
  61 0020 0468     		ldr	r4, [r0]
  62 0022 2268     		ldr	r2, [r4]
  63 0024 22F00102 		bic	r2, r2, #1
  64 0028 2260     		str	r2, [r4]
 128:cube/Drivers/STM32F3xx_HAL_Driver/Src/stm32f3xx_hal_i2c_ex.c **** 
 129:cube/Drivers/STM32F3xx_HAL_Driver/Src/stm32f3xx_hal_i2c_ex.c ****     /* Reset I2Cx ANOFF bit */
 130:cube/Drivers/STM32F3xx_HAL_Driver/Src/stm32f3xx_hal_i2c_ex.c ****     hi2c->Instance->CR1 &= ~(I2C_CR1_ANFOFF);
  65              		.loc 1 130 5 discriminator 2 view .LVU13
  66              		.loc 1 130 9 is_stmt 0 discriminator 2 view .LVU14
  67 002a 0468     		ldr	r4, [r0]
  68              		.loc 1 130 25 discriminator 2 view .LVU15
  69 002c 2268     		ldr	r2, [r4]
  70 002e 22F48052 		bic	r2, r2, #4096
  71 0032 2260     		str	r2, [r4]
 131:cube/Drivers/STM32F3xx_HAL_Driver/Src/stm32f3xx_hal_i2c_ex.c **** 
 132:cube/Drivers/STM32F3xx_HAL_Driver/Src/stm32f3xx_hal_i2c_ex.c ****     /* Set analog filter bit*/
 133:cube/Drivers/STM32F3xx_HAL_Driver/Src/stm32f3xx_hal_i2c_ex.c ****     hi2c->Instance->CR1 |= AnalogFilter;
  72              		.loc 1 133 5 is_stmt 1 discriminator 2 view .LVU16
  73              		.loc 1 133 9 is_stmt 0 discriminator 2 view .LVU17
  74 0034 0268     		ldr	r2, [r0]
  75              		.loc 1 133 25 discriminator 2 view .LVU18
  76 0036 1368     		ldr	r3, [r2]
  77 0038 0B43     		orrs	r3, r3, r1
  78 003a 1360     		str	r3, [r2]
 134:cube/Drivers/STM32F3xx_HAL_Driver/Src/stm32f3xx_hal_i2c_ex.c **** 
 135:cube/Drivers/STM32F3xx_HAL_Driver/Src/stm32f3xx_hal_i2c_ex.c ****     __HAL_I2C_ENABLE(hi2c);
  79              		.loc 1 135 5 is_stmt 1 discriminator 2 view .LVU19
  80 003c 0268     		ldr	r2, [r0]
  81 003e 1368     		ldr	r3, [r2]
  82 0040 43F00103 		orr	r3, r3, #1
  83 0044 1360     		str	r3, [r2]
 136:cube/Drivers/STM32F3xx_HAL_Driver/Src/stm32f3xx_hal_i2c_ex.c **** 
 137:cube/Drivers/STM32F3xx_HAL_Driver/Src/stm32f3xx_hal_i2c_ex.c ****     hi2c->State = HAL_I2C_STATE_READY;
  84              		.loc 1 137 5 discriminator 2 view .LVU20
  85              		.loc 1 137 17 is_stmt 0 discriminator 2 view .LVU21
  86 0046 2023     		movs	r3, #32
  87 0048 80F84130 		strb	r3, [r0, #65]
 138:cube/Drivers/STM32F3xx_HAL_Driver/Src/stm32f3xx_hal_i2c_ex.c **** 
 139:cube/Drivers/STM32F3xx_HAL_Driver/Src/stm32f3xx_hal_i2c_ex.c ****     /* Process Unlocked */
 140:cube/Drivers/STM32F3xx_HAL_Driver/Src/stm32f3xx_hal_i2c_ex.c ****     __HAL_UNLOCK(hi2c);
  88              		.loc 1 140 5 is_stmt 1 discriminator 2 view .LVU22
ARM GAS  C:\Users\Berbardo\AppData\Local\Temp\ccyBTC3b.s 			page 5


  89              		.loc 1 140 5 discriminator 2 view .LVU23
  90 004c 0023     		movs	r3, #0
  91 004e 80F84030 		strb	r3, [r0, #64]
 141:cube/Drivers/STM32F3xx_HAL_Driver/Src/stm32f3xx_hal_i2c_ex.c **** 
 142:cube/Drivers/STM32F3xx_HAL_Driver/Src/stm32f3xx_hal_i2c_ex.c ****     return HAL_OK;
  92              		.loc 1 142 5 discriminator 2 view .LVU24
  93              		.loc 1 142 12 is_stmt 0 discriminator 2 view .LVU25
  94 0052 1846     		mov	r0, r3
  95              	.LVL1:
 143:cube/Drivers/STM32F3xx_HAL_Driver/Src/stm32f3xx_hal_i2c_ex.c ****   }
 144:cube/Drivers/STM32F3xx_HAL_Driver/Src/stm32f3xx_hal_i2c_ex.c ****   else
 145:cube/Drivers/STM32F3xx_HAL_Driver/Src/stm32f3xx_hal_i2c_ex.c ****   {
 146:cube/Drivers/STM32F3xx_HAL_Driver/Src/stm32f3xx_hal_i2c_ex.c ****     return HAL_BUSY;
 147:cube/Drivers/STM32F3xx_HAL_Driver/Src/stm32f3xx_hal_i2c_ex.c ****   }
 148:cube/Drivers/STM32F3xx_HAL_Driver/Src/stm32f3xx_hal_i2c_ex.c **** }
  96              		.loc 1 148 1 discriminator 2 view .LVU26
  97 0054 5DF8044B 		ldr	r4, [sp], #4
  98              		.cfi_restore 4
  99              		.cfi_def_cfa_offset 0
 100 0058 7047     		bx	lr
 101              	.LVL2:
 102              	.L3:
 146:cube/Drivers/STM32F3xx_HAL_Driver/Src/stm32f3xx_hal_i2c_ex.c ****   }
 103              		.loc 1 146 12 view .LVU27
 104 005a 0220     		movs	r0, #2
 105              	.LVL3:
 146:cube/Drivers/STM32F3xx_HAL_Driver/Src/stm32f3xx_hal_i2c_ex.c ****   }
 106              		.loc 1 146 12 view .LVU28
 107 005c 7047     		bx	lr
 108              	.LVL4:
 109              	.L4:
 122:cube/Drivers/STM32F3xx_HAL_Driver/Src/stm32f3xx_hal_i2c_ex.c **** 
 110              		.loc 1 122 5 view .LVU29
 111 005e 0220     		movs	r0, #2
 112              	.LVL5:
 113              		.loc 1 148 1 view .LVU30
 114 0060 7047     		bx	lr
 115              		.cfi_endproc
 116              	.LFE126:
 118              		.section	.text.HAL_I2CEx_ConfigDigitalFilter,"ax",%progbits
 119              		.align	1
 120              		.global	HAL_I2CEx_ConfigDigitalFilter
 121              		.syntax unified
 122              		.thumb
 123              		.thumb_func
 124              		.fpu fpv4-sp-d16
 126              	HAL_I2CEx_ConfigDigitalFilter:
 127              	.LVL6:
 128              	.LFB127:
 149:cube/Drivers/STM32F3xx_HAL_Driver/Src/stm32f3xx_hal_i2c_ex.c **** 
 150:cube/Drivers/STM32F3xx_HAL_Driver/Src/stm32f3xx_hal_i2c_ex.c **** /**
 151:cube/Drivers/STM32F3xx_HAL_Driver/Src/stm32f3xx_hal_i2c_ex.c ****   * @brief  Configure I2C Digital noise filter.
 152:cube/Drivers/STM32F3xx_HAL_Driver/Src/stm32f3xx_hal_i2c_ex.c ****   * @param  hi2c Pointer to a I2C_HandleTypeDef structure that contains
 153:cube/Drivers/STM32F3xx_HAL_Driver/Src/stm32f3xx_hal_i2c_ex.c ****   *                the configuration information for the specified I2Cx peripheral.
 154:cube/Drivers/STM32F3xx_HAL_Driver/Src/stm32f3xx_hal_i2c_ex.c ****   * @param  DigitalFilter Coefficient of digital noise filter between Min_Data=0x00 and Max_Data=0x
 155:cube/Drivers/STM32F3xx_HAL_Driver/Src/stm32f3xx_hal_i2c_ex.c ****   * @retval HAL status
 156:cube/Drivers/STM32F3xx_HAL_Driver/Src/stm32f3xx_hal_i2c_ex.c ****   */
ARM GAS  C:\Users\Berbardo\AppData\Local\Temp\ccyBTC3b.s 			page 6


 157:cube/Drivers/STM32F3xx_HAL_Driver/Src/stm32f3xx_hal_i2c_ex.c **** HAL_StatusTypeDef HAL_I2CEx_ConfigDigitalFilter(I2C_HandleTypeDef *hi2c, uint32_t DigitalFilter)
 158:cube/Drivers/STM32F3xx_HAL_Driver/Src/stm32f3xx_hal_i2c_ex.c **** {
 129              		.loc 1 158 1 is_stmt 1 view -0
 130              		.cfi_startproc
 131              		@ args = 0, pretend = 0, frame = 0
 132              		@ frame_needed = 0, uses_anonymous_args = 0
 133              		@ link register save eliminated.
 159:cube/Drivers/STM32F3xx_HAL_Driver/Src/stm32f3xx_hal_i2c_ex.c ****   uint32_t tmpreg = 0U;
 134              		.loc 1 159 3 view .LVU32
 160:cube/Drivers/STM32F3xx_HAL_Driver/Src/stm32f3xx_hal_i2c_ex.c **** 
 161:cube/Drivers/STM32F3xx_HAL_Driver/Src/stm32f3xx_hal_i2c_ex.c ****   /* Check the parameters */
 162:cube/Drivers/STM32F3xx_HAL_Driver/Src/stm32f3xx_hal_i2c_ex.c ****   assert_param(IS_I2C_ALL_INSTANCE(hi2c->Instance));
 135              		.loc 1 162 3 view .LVU33
 163:cube/Drivers/STM32F3xx_HAL_Driver/Src/stm32f3xx_hal_i2c_ex.c ****   assert_param(IS_I2C_DIGITAL_FILTER(DigitalFilter));
 136              		.loc 1 163 3 view .LVU34
 164:cube/Drivers/STM32F3xx_HAL_Driver/Src/stm32f3xx_hal_i2c_ex.c **** 
 165:cube/Drivers/STM32F3xx_HAL_Driver/Src/stm32f3xx_hal_i2c_ex.c ****   if (hi2c->State == HAL_I2C_STATE_READY)
 137              		.loc 1 165 3 view .LVU35
 138              		.loc 1 165 11 is_stmt 0 view .LVU36
 139 0000 90F84130 		ldrb	r3, [r0, #65]	@ zero_extendqisi2
 140 0004 DBB2     		uxtb	r3, r3
 141              		.loc 1 165 6 view .LVU37
 142 0006 202B     		cmp	r3, #32
 143 0008 25D1     		bne	.L11
 166:cube/Drivers/STM32F3xx_HAL_Driver/Src/stm32f3xx_hal_i2c_ex.c ****   {
 167:cube/Drivers/STM32F3xx_HAL_Driver/Src/stm32f3xx_hal_i2c_ex.c ****     /* Process Locked */
 168:cube/Drivers/STM32F3xx_HAL_Driver/Src/stm32f3xx_hal_i2c_ex.c ****     __HAL_LOCK(hi2c);
 144              		.loc 1 168 5 is_stmt 1 view .LVU38
 145              		.loc 1 168 5 view .LVU39
 146 000a 90F84030 		ldrb	r3, [r0, #64]	@ zero_extendqisi2
 147 000e 012B     		cmp	r3, #1
 148 0010 23D0     		beq	.L12
 158:cube/Drivers/STM32F3xx_HAL_Driver/Src/stm32f3xx_hal_i2c_ex.c ****   uint32_t tmpreg = 0U;
 149              		.loc 1 158 1 is_stmt 0 discriminator 2 view .LVU40
 150 0012 10B4     		push	{r4}
 151              		.cfi_def_cfa_offset 4
 152              		.cfi_offset 4, -4
 153              		.loc 1 168 5 is_stmt 1 discriminator 2 view .LVU41
 154 0014 0123     		movs	r3, #1
 155 0016 80F84030 		strb	r3, [r0, #64]
 169:cube/Drivers/STM32F3xx_HAL_Driver/Src/stm32f3xx_hal_i2c_ex.c **** 
 170:cube/Drivers/STM32F3xx_HAL_Driver/Src/stm32f3xx_hal_i2c_ex.c ****     hi2c->State = HAL_I2C_STATE_BUSY;
 156              		.loc 1 170 5 discriminator 2 view .LVU42
 157              		.loc 1 170 17 is_stmt 0 discriminator 2 view .LVU43
 158 001a 2423     		movs	r3, #36
 159 001c 80F84130 		strb	r3, [r0, #65]
 171:cube/Drivers/STM32F3xx_HAL_Driver/Src/stm32f3xx_hal_i2c_ex.c **** 
 172:cube/Drivers/STM32F3xx_HAL_Driver/Src/stm32f3xx_hal_i2c_ex.c ****     /* Disable the selected I2C peripheral */
 173:cube/Drivers/STM32F3xx_HAL_Driver/Src/stm32f3xx_hal_i2c_ex.c ****     __HAL_I2C_DISABLE(hi2c);
 160              		.loc 1 173 5 is_stmt 1 discriminator 2 view .LVU44
 161 0020 0468     		ldr	r4, [r0]
 162 0022 2268     		ldr	r2, [r4]
 163 0024 22F00102 		bic	r2, r2, #1
 164 0028 2260     		str	r2, [r4]
 174:cube/Drivers/STM32F3xx_HAL_Driver/Src/stm32f3xx_hal_i2c_ex.c **** 
 175:cube/Drivers/STM32F3xx_HAL_Driver/Src/stm32f3xx_hal_i2c_ex.c ****     /* Get the old register value */
 176:cube/Drivers/STM32F3xx_HAL_Driver/Src/stm32f3xx_hal_i2c_ex.c ****     tmpreg = hi2c->Instance->CR1;
ARM GAS  C:\Users\Berbardo\AppData\Local\Temp\ccyBTC3b.s 			page 7


 165              		.loc 1 176 5 discriminator 2 view .LVU45
 166              		.loc 1 176 18 is_stmt 0 discriminator 2 view .LVU46
 167 002a 0268     		ldr	r2, [r0]
 168              		.loc 1 176 12 discriminator 2 view .LVU47
 169 002c 1368     		ldr	r3, [r2]
 170              	.LVL7:
 177:cube/Drivers/STM32F3xx_HAL_Driver/Src/stm32f3xx_hal_i2c_ex.c **** 
 178:cube/Drivers/STM32F3xx_HAL_Driver/Src/stm32f3xx_hal_i2c_ex.c ****     /* Reset I2Cx DNF bits [11:8] */
 179:cube/Drivers/STM32F3xx_HAL_Driver/Src/stm32f3xx_hal_i2c_ex.c ****     tmpreg &= ~(I2C_CR1_DNF);
 171              		.loc 1 179 5 is_stmt 1 discriminator 2 view .LVU48
 172              		.loc 1 179 12 is_stmt 0 discriminator 2 view .LVU49
 173 002e 23F47063 		bic	r3, r3, #3840
 174              	.LVL8:
 180:cube/Drivers/STM32F3xx_HAL_Driver/Src/stm32f3xx_hal_i2c_ex.c **** 
 181:cube/Drivers/STM32F3xx_HAL_Driver/Src/stm32f3xx_hal_i2c_ex.c ****     /* Set I2Cx DNF coefficient */
 182:cube/Drivers/STM32F3xx_HAL_Driver/Src/stm32f3xx_hal_i2c_ex.c ****     tmpreg |= DigitalFilter << 8U;
 175              		.loc 1 182 5 is_stmt 1 discriminator 2 view .LVU50
 176              		.loc 1 182 12 is_stmt 0 discriminator 2 view .LVU51
 177 0032 43EA0123 		orr	r3, r3, r1, lsl #8
 178              	.LVL9:
 183:cube/Drivers/STM32F3xx_HAL_Driver/Src/stm32f3xx_hal_i2c_ex.c **** 
 184:cube/Drivers/STM32F3xx_HAL_Driver/Src/stm32f3xx_hal_i2c_ex.c ****     /* Store the new register value */
 185:cube/Drivers/STM32F3xx_HAL_Driver/Src/stm32f3xx_hal_i2c_ex.c ****     hi2c->Instance->CR1 = tmpreg;
 179              		.loc 1 185 5 is_stmt 1 discriminator 2 view .LVU52
 180              		.loc 1 185 25 is_stmt 0 discriminator 2 view .LVU53
 181 0036 1360     		str	r3, [r2]
 186:cube/Drivers/STM32F3xx_HAL_Driver/Src/stm32f3xx_hal_i2c_ex.c **** 
 187:cube/Drivers/STM32F3xx_HAL_Driver/Src/stm32f3xx_hal_i2c_ex.c ****     __HAL_I2C_ENABLE(hi2c);
 182              		.loc 1 187 5 is_stmt 1 discriminator 2 view .LVU54
 183 0038 0268     		ldr	r2, [r0]
 184 003a 1368     		ldr	r3, [r2]
 185              	.LVL10:
 186              		.loc 1 187 5 is_stmt 0 discriminator 2 view .LVU55
 187 003c 43F00103 		orr	r3, r3, #1
 188 0040 1360     		str	r3, [r2]
 188:cube/Drivers/STM32F3xx_HAL_Driver/Src/stm32f3xx_hal_i2c_ex.c **** 
 189:cube/Drivers/STM32F3xx_HAL_Driver/Src/stm32f3xx_hal_i2c_ex.c ****     hi2c->State = HAL_I2C_STATE_READY;
 189              		.loc 1 189 5 is_stmt 1 discriminator 2 view .LVU56
 190              		.loc 1 189 17 is_stmt 0 discriminator 2 view .LVU57
 191 0042 2023     		movs	r3, #32
 192 0044 80F84130 		strb	r3, [r0, #65]
 190:cube/Drivers/STM32F3xx_HAL_Driver/Src/stm32f3xx_hal_i2c_ex.c **** 
 191:cube/Drivers/STM32F3xx_HAL_Driver/Src/stm32f3xx_hal_i2c_ex.c ****     /* Process Unlocked */
 192:cube/Drivers/STM32F3xx_HAL_Driver/Src/stm32f3xx_hal_i2c_ex.c ****     __HAL_UNLOCK(hi2c);
 193              		.loc 1 192 5 is_stmt 1 discriminator 2 view .LVU58
 194              		.loc 1 192 5 discriminator 2 view .LVU59
 195 0048 0023     		movs	r3, #0
 196 004a 80F84030 		strb	r3, [r0, #64]
 193:cube/Drivers/STM32F3xx_HAL_Driver/Src/stm32f3xx_hal_i2c_ex.c **** 
 194:cube/Drivers/STM32F3xx_HAL_Driver/Src/stm32f3xx_hal_i2c_ex.c ****     return HAL_OK;
 197              		.loc 1 194 5 discriminator 2 view .LVU60
 198              		.loc 1 194 12 is_stmt 0 discriminator 2 view .LVU61
 199 004e 1846     		mov	r0, r3
 200              	.LVL11:
 195:cube/Drivers/STM32F3xx_HAL_Driver/Src/stm32f3xx_hal_i2c_ex.c ****   }
 196:cube/Drivers/STM32F3xx_HAL_Driver/Src/stm32f3xx_hal_i2c_ex.c ****   else
 197:cube/Drivers/STM32F3xx_HAL_Driver/Src/stm32f3xx_hal_i2c_ex.c ****   {
ARM GAS  C:\Users\Berbardo\AppData\Local\Temp\ccyBTC3b.s 			page 8


 198:cube/Drivers/STM32F3xx_HAL_Driver/Src/stm32f3xx_hal_i2c_ex.c ****     return HAL_BUSY;
 199:cube/Drivers/STM32F3xx_HAL_Driver/Src/stm32f3xx_hal_i2c_ex.c ****   }
 200:cube/Drivers/STM32F3xx_HAL_Driver/Src/stm32f3xx_hal_i2c_ex.c **** }
 201              		.loc 1 200 1 discriminator 2 view .LVU62
 202 0050 5DF8044B 		ldr	r4, [sp], #4
 203              		.cfi_restore 4
 204              		.cfi_def_cfa_offset 0
 205 0054 7047     		bx	lr
 206              	.LVL12:
 207              	.L11:
 198:cube/Drivers/STM32F3xx_HAL_Driver/Src/stm32f3xx_hal_i2c_ex.c ****   }
 208              		.loc 1 198 12 view .LVU63
 209 0056 0220     		movs	r0, #2
 210              	.LVL13:
 198:cube/Drivers/STM32F3xx_HAL_Driver/Src/stm32f3xx_hal_i2c_ex.c ****   }
 211              		.loc 1 198 12 view .LVU64
 212 0058 7047     		bx	lr
 213              	.LVL14:
 214              	.L12:
 168:cube/Drivers/STM32F3xx_HAL_Driver/Src/stm32f3xx_hal_i2c_ex.c **** 
 215              		.loc 1 168 5 view .LVU65
 216 005a 0220     		movs	r0, #2
 217              	.LVL15:
 218              		.loc 1 200 1 view .LVU66
 219 005c 7047     		bx	lr
 220              		.cfi_endproc
 221              	.LFE127:
 223              		.section	.text.HAL_I2CEx_EnableWakeUp,"ax",%progbits
 224              		.align	1
 225              		.global	HAL_I2CEx_EnableWakeUp
 226              		.syntax unified
 227              		.thumb
 228              		.thumb_func
 229              		.fpu fpv4-sp-d16
 231              	HAL_I2CEx_EnableWakeUp:
 232              	.LVL16:
 233              	.LFB128:
 201:cube/Drivers/STM32F3xx_HAL_Driver/Src/stm32f3xx_hal_i2c_ex.c **** 
 202:cube/Drivers/STM32F3xx_HAL_Driver/Src/stm32f3xx_hal_i2c_ex.c **** /**
 203:cube/Drivers/STM32F3xx_HAL_Driver/Src/stm32f3xx_hal_i2c_ex.c ****   * @brief  Enable I2C wakeup from Stop mode(s).
 204:cube/Drivers/STM32F3xx_HAL_Driver/Src/stm32f3xx_hal_i2c_ex.c ****   * @param  hi2c Pointer to a I2C_HandleTypeDef structure that contains
 205:cube/Drivers/STM32F3xx_HAL_Driver/Src/stm32f3xx_hal_i2c_ex.c ****   *                the configuration information for the specified I2Cx peripheral.
 206:cube/Drivers/STM32F3xx_HAL_Driver/Src/stm32f3xx_hal_i2c_ex.c ****   * @retval HAL status
 207:cube/Drivers/STM32F3xx_HAL_Driver/Src/stm32f3xx_hal_i2c_ex.c ****   */
 208:cube/Drivers/STM32F3xx_HAL_Driver/Src/stm32f3xx_hal_i2c_ex.c **** HAL_StatusTypeDef HAL_I2CEx_EnableWakeUp(I2C_HandleTypeDef *hi2c)
 209:cube/Drivers/STM32F3xx_HAL_Driver/Src/stm32f3xx_hal_i2c_ex.c **** {
 234              		.loc 1 209 1 is_stmt 1 view -0
 235              		.cfi_startproc
 236              		@ args = 0, pretend = 0, frame = 0
 237              		@ frame_needed = 0, uses_anonymous_args = 0
 238              		@ link register save eliminated.
 210:cube/Drivers/STM32F3xx_HAL_Driver/Src/stm32f3xx_hal_i2c_ex.c ****   /* Check the parameters */
 211:cube/Drivers/STM32F3xx_HAL_Driver/Src/stm32f3xx_hal_i2c_ex.c ****   assert_param(IS_I2C_WAKEUP_FROMSTOP_INSTANCE(hi2c->Instance));
 239              		.loc 1 211 3 view .LVU68
 212:cube/Drivers/STM32F3xx_HAL_Driver/Src/stm32f3xx_hal_i2c_ex.c **** 
 213:cube/Drivers/STM32F3xx_HAL_Driver/Src/stm32f3xx_hal_i2c_ex.c ****   if (hi2c->State == HAL_I2C_STATE_READY)
 240              		.loc 1 213 3 view .LVU69
ARM GAS  C:\Users\Berbardo\AppData\Local\Temp\ccyBTC3b.s 			page 9


 241              		.loc 1 213 11 is_stmt 0 view .LVU70
 242 0000 90F84130 		ldrb	r3, [r0, #65]	@ zero_extendqisi2
 243 0004 DBB2     		uxtb	r3, r3
 244              		.loc 1 213 6 view .LVU71
 245 0006 202B     		cmp	r3, #32
 246 0008 20D1     		bne	.L19
 214:cube/Drivers/STM32F3xx_HAL_Driver/Src/stm32f3xx_hal_i2c_ex.c ****   {
 215:cube/Drivers/STM32F3xx_HAL_Driver/Src/stm32f3xx_hal_i2c_ex.c ****     /* Process Locked */
 216:cube/Drivers/STM32F3xx_HAL_Driver/Src/stm32f3xx_hal_i2c_ex.c ****     __HAL_LOCK(hi2c);
 247              		.loc 1 216 5 is_stmt 1 view .LVU72
 248              		.loc 1 216 5 view .LVU73
 249 000a 90F84030 		ldrb	r3, [r0, #64]	@ zero_extendqisi2
 250 000e 012B     		cmp	r3, #1
 251 0010 1ED0     		beq	.L20
 252              		.loc 1 216 5 discriminator 2 view .LVU74
 253 0012 0123     		movs	r3, #1
 254 0014 80F84030 		strb	r3, [r0, #64]
 217:cube/Drivers/STM32F3xx_HAL_Driver/Src/stm32f3xx_hal_i2c_ex.c **** 
 218:cube/Drivers/STM32F3xx_HAL_Driver/Src/stm32f3xx_hal_i2c_ex.c ****     hi2c->State = HAL_I2C_STATE_BUSY;
 255              		.loc 1 218 5 discriminator 2 view .LVU75
 256              		.loc 1 218 17 is_stmt 0 discriminator 2 view .LVU76
 257 0018 2423     		movs	r3, #36
 258 001a 80F84130 		strb	r3, [r0, #65]
 219:cube/Drivers/STM32F3xx_HAL_Driver/Src/stm32f3xx_hal_i2c_ex.c **** 
 220:cube/Drivers/STM32F3xx_HAL_Driver/Src/stm32f3xx_hal_i2c_ex.c ****     /* Disable the selected I2C peripheral */
 221:cube/Drivers/STM32F3xx_HAL_Driver/Src/stm32f3xx_hal_i2c_ex.c ****     __HAL_I2C_DISABLE(hi2c);
 259              		.loc 1 221 5 is_stmt 1 discriminator 2 view .LVU77
 260 001e 0268     		ldr	r2, [r0]
 261 0020 1368     		ldr	r3, [r2]
 262 0022 23F00103 		bic	r3, r3, #1
 263 0026 1360     		str	r3, [r2]
 222:cube/Drivers/STM32F3xx_HAL_Driver/Src/stm32f3xx_hal_i2c_ex.c **** 
 223:cube/Drivers/STM32F3xx_HAL_Driver/Src/stm32f3xx_hal_i2c_ex.c ****     /* Enable wakeup from stop mode */
 224:cube/Drivers/STM32F3xx_HAL_Driver/Src/stm32f3xx_hal_i2c_ex.c ****     hi2c->Instance->CR1 |= I2C_CR1_WUPEN;
 264              		.loc 1 224 5 discriminator 2 view .LVU78
 265              		.loc 1 224 9 is_stmt 0 discriminator 2 view .LVU79
 266 0028 0268     		ldr	r2, [r0]
 267              		.loc 1 224 25 discriminator 2 view .LVU80
 268 002a 1368     		ldr	r3, [r2]
 269 002c 43F48023 		orr	r3, r3, #262144
 270 0030 1360     		str	r3, [r2]
 225:cube/Drivers/STM32F3xx_HAL_Driver/Src/stm32f3xx_hal_i2c_ex.c **** 
 226:cube/Drivers/STM32F3xx_HAL_Driver/Src/stm32f3xx_hal_i2c_ex.c ****     __HAL_I2C_ENABLE(hi2c);
 271              		.loc 1 226 5 is_stmt 1 discriminator 2 view .LVU81
 272 0032 0268     		ldr	r2, [r0]
 273 0034 1368     		ldr	r3, [r2]
 274 0036 43F00103 		orr	r3, r3, #1
 275 003a 1360     		str	r3, [r2]
 227:cube/Drivers/STM32F3xx_HAL_Driver/Src/stm32f3xx_hal_i2c_ex.c **** 
 228:cube/Drivers/STM32F3xx_HAL_Driver/Src/stm32f3xx_hal_i2c_ex.c ****     hi2c->State = HAL_I2C_STATE_READY;
 276              		.loc 1 228 5 discriminator 2 view .LVU82
 277              		.loc 1 228 17 is_stmt 0 discriminator 2 view .LVU83
 278 003c 2023     		movs	r3, #32
 279 003e 80F84130 		strb	r3, [r0, #65]
 229:cube/Drivers/STM32F3xx_HAL_Driver/Src/stm32f3xx_hal_i2c_ex.c **** 
 230:cube/Drivers/STM32F3xx_HAL_Driver/Src/stm32f3xx_hal_i2c_ex.c ****     /* Process Unlocked */
 231:cube/Drivers/STM32F3xx_HAL_Driver/Src/stm32f3xx_hal_i2c_ex.c ****     __HAL_UNLOCK(hi2c);
ARM GAS  C:\Users\Berbardo\AppData\Local\Temp\ccyBTC3b.s 			page 10


 280              		.loc 1 231 5 is_stmt 1 discriminator 2 view .LVU84
 281              		.loc 1 231 5 discriminator 2 view .LVU85
 282 0042 0023     		movs	r3, #0
 283 0044 80F84030 		strb	r3, [r0, #64]
 232:cube/Drivers/STM32F3xx_HAL_Driver/Src/stm32f3xx_hal_i2c_ex.c **** 
 233:cube/Drivers/STM32F3xx_HAL_Driver/Src/stm32f3xx_hal_i2c_ex.c ****     return HAL_OK;
 284              		.loc 1 233 5 discriminator 2 view .LVU86
 285              		.loc 1 233 12 is_stmt 0 discriminator 2 view .LVU87
 286 0048 1846     		mov	r0, r3
 287              	.LVL17:
 288              		.loc 1 233 12 discriminator 2 view .LVU88
 289 004a 7047     		bx	lr
 290              	.LVL18:
 291              	.L19:
 234:cube/Drivers/STM32F3xx_HAL_Driver/Src/stm32f3xx_hal_i2c_ex.c ****   }
 235:cube/Drivers/STM32F3xx_HAL_Driver/Src/stm32f3xx_hal_i2c_ex.c ****   else
 236:cube/Drivers/STM32F3xx_HAL_Driver/Src/stm32f3xx_hal_i2c_ex.c ****   {
 237:cube/Drivers/STM32F3xx_HAL_Driver/Src/stm32f3xx_hal_i2c_ex.c ****     return HAL_BUSY;
 292              		.loc 1 237 12 view .LVU89
 293 004c 0220     		movs	r0, #2
 294              	.LVL19:
 295              		.loc 1 237 12 view .LVU90
 296 004e 7047     		bx	lr
 297              	.LVL20:
 298              	.L20:
 216:cube/Drivers/STM32F3xx_HAL_Driver/Src/stm32f3xx_hal_i2c_ex.c **** 
 299              		.loc 1 216 5 view .LVU91
 300 0050 0220     		movs	r0, #2
 301              	.LVL21:
 238:cube/Drivers/STM32F3xx_HAL_Driver/Src/stm32f3xx_hal_i2c_ex.c ****   }
 239:cube/Drivers/STM32F3xx_HAL_Driver/Src/stm32f3xx_hal_i2c_ex.c **** }
 302              		.loc 1 239 1 view .LVU92
 303 0052 7047     		bx	lr
 304              		.cfi_endproc
 305              	.LFE128:
 307              		.section	.text.HAL_I2CEx_DisableWakeUp,"ax",%progbits
 308              		.align	1
 309              		.global	HAL_I2CEx_DisableWakeUp
 310              		.syntax unified
 311              		.thumb
 312              		.thumb_func
 313              		.fpu fpv4-sp-d16
 315              	HAL_I2CEx_DisableWakeUp:
 316              	.LVL22:
 317              	.LFB129:
 240:cube/Drivers/STM32F3xx_HAL_Driver/Src/stm32f3xx_hal_i2c_ex.c **** 
 241:cube/Drivers/STM32F3xx_HAL_Driver/Src/stm32f3xx_hal_i2c_ex.c **** /**
 242:cube/Drivers/STM32F3xx_HAL_Driver/Src/stm32f3xx_hal_i2c_ex.c ****   * @brief  Disable I2C wakeup from Stop mode(s).
 243:cube/Drivers/STM32F3xx_HAL_Driver/Src/stm32f3xx_hal_i2c_ex.c ****   * @param  hi2c Pointer to a I2C_HandleTypeDef structure that contains
 244:cube/Drivers/STM32F3xx_HAL_Driver/Src/stm32f3xx_hal_i2c_ex.c ****   *                the configuration information for the specified I2Cx peripheral.
 245:cube/Drivers/STM32F3xx_HAL_Driver/Src/stm32f3xx_hal_i2c_ex.c ****   * @retval HAL status
 246:cube/Drivers/STM32F3xx_HAL_Driver/Src/stm32f3xx_hal_i2c_ex.c ****   */
 247:cube/Drivers/STM32F3xx_HAL_Driver/Src/stm32f3xx_hal_i2c_ex.c **** HAL_StatusTypeDef HAL_I2CEx_DisableWakeUp(I2C_HandleTypeDef *hi2c)
 248:cube/Drivers/STM32F3xx_HAL_Driver/Src/stm32f3xx_hal_i2c_ex.c **** {
 318              		.loc 1 248 1 is_stmt 1 view -0
 319              		.cfi_startproc
 320              		@ args = 0, pretend = 0, frame = 0
ARM GAS  C:\Users\Berbardo\AppData\Local\Temp\ccyBTC3b.s 			page 11


 321              		@ frame_needed = 0, uses_anonymous_args = 0
 322              		@ link register save eliminated.
 249:cube/Drivers/STM32F3xx_HAL_Driver/Src/stm32f3xx_hal_i2c_ex.c ****   /* Check the parameters */
 250:cube/Drivers/STM32F3xx_HAL_Driver/Src/stm32f3xx_hal_i2c_ex.c ****   assert_param(IS_I2C_WAKEUP_FROMSTOP_INSTANCE(hi2c->Instance));
 323              		.loc 1 250 3 view .LVU94
 251:cube/Drivers/STM32F3xx_HAL_Driver/Src/stm32f3xx_hal_i2c_ex.c **** 
 252:cube/Drivers/STM32F3xx_HAL_Driver/Src/stm32f3xx_hal_i2c_ex.c ****   if (hi2c->State == HAL_I2C_STATE_READY)
 324              		.loc 1 252 3 view .LVU95
 325              		.loc 1 252 11 is_stmt 0 view .LVU96
 326 0000 90F84130 		ldrb	r3, [r0, #65]	@ zero_extendqisi2
 327 0004 DBB2     		uxtb	r3, r3
 328              		.loc 1 252 6 view .LVU97
 329 0006 202B     		cmp	r3, #32
 330 0008 20D1     		bne	.L23
 253:cube/Drivers/STM32F3xx_HAL_Driver/Src/stm32f3xx_hal_i2c_ex.c ****   {
 254:cube/Drivers/STM32F3xx_HAL_Driver/Src/stm32f3xx_hal_i2c_ex.c ****     /* Process Locked */
 255:cube/Drivers/STM32F3xx_HAL_Driver/Src/stm32f3xx_hal_i2c_ex.c ****     __HAL_LOCK(hi2c);
 331              		.loc 1 255 5 is_stmt 1 view .LVU98
 332              		.loc 1 255 5 view .LVU99
 333 000a 90F84030 		ldrb	r3, [r0, #64]	@ zero_extendqisi2
 334 000e 012B     		cmp	r3, #1
 335 0010 1ED0     		beq	.L24
 336              		.loc 1 255 5 discriminator 2 view .LVU100
 337 0012 0123     		movs	r3, #1
 338 0014 80F84030 		strb	r3, [r0, #64]
 256:cube/Drivers/STM32F3xx_HAL_Driver/Src/stm32f3xx_hal_i2c_ex.c **** 
 257:cube/Drivers/STM32F3xx_HAL_Driver/Src/stm32f3xx_hal_i2c_ex.c ****     hi2c->State = HAL_I2C_STATE_BUSY;
 339              		.loc 1 257 5 discriminator 2 view .LVU101
 340              		.loc 1 257 17 is_stmt 0 discriminator 2 view .LVU102
 341 0018 2423     		movs	r3, #36
 342 001a 80F84130 		strb	r3, [r0, #65]
 258:cube/Drivers/STM32F3xx_HAL_Driver/Src/stm32f3xx_hal_i2c_ex.c **** 
 259:cube/Drivers/STM32F3xx_HAL_Driver/Src/stm32f3xx_hal_i2c_ex.c ****     /* Disable the selected I2C peripheral */
 260:cube/Drivers/STM32F3xx_HAL_Driver/Src/stm32f3xx_hal_i2c_ex.c ****     __HAL_I2C_DISABLE(hi2c);
 343              		.loc 1 260 5 is_stmt 1 discriminator 2 view .LVU103
 344 001e 0268     		ldr	r2, [r0]
 345 0020 1368     		ldr	r3, [r2]
 346 0022 23F00103 		bic	r3, r3, #1
 347 0026 1360     		str	r3, [r2]
 261:cube/Drivers/STM32F3xx_HAL_Driver/Src/stm32f3xx_hal_i2c_ex.c **** 
 262:cube/Drivers/STM32F3xx_HAL_Driver/Src/stm32f3xx_hal_i2c_ex.c ****     /* Enable wakeup from stop mode */
 263:cube/Drivers/STM32F3xx_HAL_Driver/Src/stm32f3xx_hal_i2c_ex.c ****     hi2c->Instance->CR1 &= ~(I2C_CR1_WUPEN);
 348              		.loc 1 263 5 discriminator 2 view .LVU104
 349              		.loc 1 263 9 is_stmt 0 discriminator 2 view .LVU105
 350 0028 0268     		ldr	r2, [r0]
 351              		.loc 1 263 25 discriminator 2 view .LVU106
 352 002a 1368     		ldr	r3, [r2]
 353 002c 23F48023 		bic	r3, r3, #262144
 354 0030 1360     		str	r3, [r2]
 264:cube/Drivers/STM32F3xx_HAL_Driver/Src/stm32f3xx_hal_i2c_ex.c **** 
 265:cube/Drivers/STM32F3xx_HAL_Driver/Src/stm32f3xx_hal_i2c_ex.c ****     __HAL_I2C_ENABLE(hi2c);
 355              		.loc 1 265 5 is_stmt 1 discriminator 2 view .LVU107
 356 0032 0268     		ldr	r2, [r0]
 357 0034 1368     		ldr	r3, [r2]
 358 0036 43F00103 		orr	r3, r3, #1
 359 003a 1360     		str	r3, [r2]
 266:cube/Drivers/STM32F3xx_HAL_Driver/Src/stm32f3xx_hal_i2c_ex.c **** 
ARM GAS  C:\Users\Berbardo\AppData\Local\Temp\ccyBTC3b.s 			page 12


 267:cube/Drivers/STM32F3xx_HAL_Driver/Src/stm32f3xx_hal_i2c_ex.c ****     hi2c->State = HAL_I2C_STATE_READY;
 360              		.loc 1 267 5 discriminator 2 view .LVU108
 361              		.loc 1 267 17 is_stmt 0 discriminator 2 view .LVU109
 362 003c 2023     		movs	r3, #32
 363 003e 80F84130 		strb	r3, [r0, #65]
 268:cube/Drivers/STM32F3xx_HAL_Driver/Src/stm32f3xx_hal_i2c_ex.c **** 
 269:cube/Drivers/STM32F3xx_HAL_Driver/Src/stm32f3xx_hal_i2c_ex.c ****     /* Process Unlocked */
 270:cube/Drivers/STM32F3xx_HAL_Driver/Src/stm32f3xx_hal_i2c_ex.c ****     __HAL_UNLOCK(hi2c);
 364              		.loc 1 270 5 is_stmt 1 discriminator 2 view .LVU110
 365              		.loc 1 270 5 discriminator 2 view .LVU111
 366 0042 0023     		movs	r3, #0
 367 0044 80F84030 		strb	r3, [r0, #64]
 271:cube/Drivers/STM32F3xx_HAL_Driver/Src/stm32f3xx_hal_i2c_ex.c **** 
 272:cube/Drivers/STM32F3xx_HAL_Driver/Src/stm32f3xx_hal_i2c_ex.c ****     return HAL_OK;
 368              		.loc 1 272 5 discriminator 2 view .LVU112
 369              		.loc 1 272 12 is_stmt 0 discriminator 2 view .LVU113
 370 0048 1846     		mov	r0, r3
 371              	.LVL23:
 372              		.loc 1 272 12 discriminator 2 view .LVU114
 373 004a 7047     		bx	lr
 374              	.LVL24:
 375              	.L23:
 273:cube/Drivers/STM32F3xx_HAL_Driver/Src/stm32f3xx_hal_i2c_ex.c ****   }
 274:cube/Drivers/STM32F3xx_HAL_Driver/Src/stm32f3xx_hal_i2c_ex.c ****   else
 275:cube/Drivers/STM32F3xx_HAL_Driver/Src/stm32f3xx_hal_i2c_ex.c ****   {
 276:cube/Drivers/STM32F3xx_HAL_Driver/Src/stm32f3xx_hal_i2c_ex.c ****     return HAL_BUSY;
 376              		.loc 1 276 12 view .LVU115
 377 004c 0220     		movs	r0, #2
 378              	.LVL25:
 379              		.loc 1 276 12 view .LVU116
 380 004e 7047     		bx	lr
 381              	.LVL26:
 382              	.L24:
 255:cube/Drivers/STM32F3xx_HAL_Driver/Src/stm32f3xx_hal_i2c_ex.c **** 
 383              		.loc 1 255 5 view .LVU117
 384 0050 0220     		movs	r0, #2
 385              	.LVL27:
 277:cube/Drivers/STM32F3xx_HAL_Driver/Src/stm32f3xx_hal_i2c_ex.c ****   }
 278:cube/Drivers/STM32F3xx_HAL_Driver/Src/stm32f3xx_hal_i2c_ex.c **** }
 386              		.loc 1 278 1 view .LVU118
 387 0052 7047     		bx	lr
 388              		.cfi_endproc
 389              	.LFE129:
 391              		.section	.text.HAL_I2CEx_EnableFastModePlus,"ax",%progbits
 392              		.align	1
 393              		.global	HAL_I2CEx_EnableFastModePlus
 394              		.syntax unified
 395              		.thumb
 396              		.thumb_func
 397              		.fpu fpv4-sp-d16
 399              	HAL_I2CEx_EnableFastModePlus:
 400              	.LVL28:
 401              	.LFB130:
 279:cube/Drivers/STM32F3xx_HAL_Driver/Src/stm32f3xx_hal_i2c_ex.c **** 
 280:cube/Drivers/STM32F3xx_HAL_Driver/Src/stm32f3xx_hal_i2c_ex.c **** /**
 281:cube/Drivers/STM32F3xx_HAL_Driver/Src/stm32f3xx_hal_i2c_ex.c ****   * @brief Enable the I2C fast mode plus driving capability.
 282:cube/Drivers/STM32F3xx_HAL_Driver/Src/stm32f3xx_hal_i2c_ex.c ****   * @param ConfigFastModePlus Selects the pin.
ARM GAS  C:\Users\Berbardo\AppData\Local\Temp\ccyBTC3b.s 			page 13


 283:cube/Drivers/STM32F3xx_HAL_Driver/Src/stm32f3xx_hal_i2c_ex.c ****   *   This parameter can be one of the @ref I2CEx_FastModePlus values
 284:cube/Drivers/STM32F3xx_HAL_Driver/Src/stm32f3xx_hal_i2c_ex.c ****   * @note  For I2C1, fast mode plus driving capability can be enabled on all selected
 285:cube/Drivers/STM32F3xx_HAL_Driver/Src/stm32f3xx_hal_i2c_ex.c ****   *        I2C1 pins using I2C_FASTMODEPLUS_I2C1 parameter or independently
 286:cube/Drivers/STM32F3xx_HAL_Driver/Src/stm32f3xx_hal_i2c_ex.c ****   *        on each one of the following pins PB6, PB7, PB8 and PB9.
 287:cube/Drivers/STM32F3xx_HAL_Driver/Src/stm32f3xx_hal_i2c_ex.c ****   * @note  For remaining I2C1 pins (PA14, PA15...) fast mode plus driving capability
 288:cube/Drivers/STM32F3xx_HAL_Driver/Src/stm32f3xx_hal_i2c_ex.c ****   *        can be enabled only by using I2C_FASTMODEPLUS_I2C1 parameter.
 289:cube/Drivers/STM32F3xx_HAL_Driver/Src/stm32f3xx_hal_i2c_ex.c ****   * @note  For all I2C2 pins fast mode plus driving capability can be enabled
 290:cube/Drivers/STM32F3xx_HAL_Driver/Src/stm32f3xx_hal_i2c_ex.c ****   *        only by using I2C_FASTMODEPLUS_I2C2 parameter.
 291:cube/Drivers/STM32F3xx_HAL_Driver/Src/stm32f3xx_hal_i2c_ex.c ****   * @note  For all I2C3 pins fast mode plus driving capability can be enabled
 292:cube/Drivers/STM32F3xx_HAL_Driver/Src/stm32f3xx_hal_i2c_ex.c ****   *        only by using I2C_FASTMODEPLUS_I2C3 parameter.
 293:cube/Drivers/STM32F3xx_HAL_Driver/Src/stm32f3xx_hal_i2c_ex.c ****   * @retval None
 294:cube/Drivers/STM32F3xx_HAL_Driver/Src/stm32f3xx_hal_i2c_ex.c ****   */
 295:cube/Drivers/STM32F3xx_HAL_Driver/Src/stm32f3xx_hal_i2c_ex.c **** void HAL_I2CEx_EnableFastModePlus(uint32_t ConfigFastModePlus)
 296:cube/Drivers/STM32F3xx_HAL_Driver/Src/stm32f3xx_hal_i2c_ex.c **** {
 402              		.loc 1 296 1 is_stmt 1 view -0
 403              		.cfi_startproc
 404              		@ args = 0, pretend = 0, frame = 8
 405              		@ frame_needed = 0, uses_anonymous_args = 0
 406              		@ link register save eliminated.
 407              		.loc 1 296 1 is_stmt 0 view .LVU120
 408 0000 82B0     		sub	sp, sp, #8
 409              		.cfi_def_cfa_offset 8
 297:cube/Drivers/STM32F3xx_HAL_Driver/Src/stm32f3xx_hal_i2c_ex.c ****   /* Check the parameter */
 298:cube/Drivers/STM32F3xx_HAL_Driver/Src/stm32f3xx_hal_i2c_ex.c ****   assert_param(IS_I2C_FASTMODEPLUS(ConfigFastModePlus));
 410              		.loc 1 298 3 is_stmt 1 view .LVU121
 299:cube/Drivers/STM32F3xx_HAL_Driver/Src/stm32f3xx_hal_i2c_ex.c **** 
 300:cube/Drivers/STM32F3xx_HAL_Driver/Src/stm32f3xx_hal_i2c_ex.c ****   /* Enable SYSCFG clock */
 301:cube/Drivers/STM32F3xx_HAL_Driver/Src/stm32f3xx_hal_i2c_ex.c ****   __HAL_RCC_SYSCFG_CLK_ENABLE();
 411              		.loc 1 301 3 view .LVU122
 412              	.LBB2:
 413              		.loc 1 301 3 view .LVU123
 414              		.loc 1 301 3 view .LVU124
 415 0002 084B     		ldr	r3, .L27
 416 0004 9A69     		ldr	r2, [r3, #24]
 417 0006 42F00102 		orr	r2, r2, #1
 418 000a 9A61     		str	r2, [r3, #24]
 419              		.loc 1 301 3 view .LVU125
 420 000c 9B69     		ldr	r3, [r3, #24]
 421 000e 03F00103 		and	r3, r3, #1
 422 0012 0193     		str	r3, [sp, #4]
 423              		.loc 1 301 3 view .LVU126
 424 0014 019B     		ldr	r3, [sp, #4]
 425              	.LBE2:
 302:cube/Drivers/STM32F3xx_HAL_Driver/Src/stm32f3xx_hal_i2c_ex.c **** 
 303:cube/Drivers/STM32F3xx_HAL_Driver/Src/stm32f3xx_hal_i2c_ex.c ****   /* Enable fast mode plus driving capability for selected pin */
 304:cube/Drivers/STM32F3xx_HAL_Driver/Src/stm32f3xx_hal_i2c_ex.c ****   SET_BIT(SYSCFG->CFGR1, (uint32_t)ConfigFastModePlus);
 426              		.loc 1 304 3 view .LVU127
 427 0016 044A     		ldr	r2, .L27+4
 428 0018 1368     		ldr	r3, [r2]
 429 001a 1843     		orrs	r0, r0, r3
 430              	.LVL29:
 431              		.loc 1 304 3 is_stmt 0 view .LVU128
 432 001c 1060     		str	r0, [r2]
 305:cube/Drivers/STM32F3xx_HAL_Driver/Src/stm32f3xx_hal_i2c_ex.c **** }
 433              		.loc 1 305 1 view .LVU129
 434 001e 02B0     		add	sp, sp, #8
 435              		.cfi_def_cfa_offset 0
ARM GAS  C:\Users\Berbardo\AppData\Local\Temp\ccyBTC3b.s 			page 14


 436              		@ sp needed
 437 0020 7047     		bx	lr
 438              	.L28:
 439 0022 00BF     		.align	2
 440              	.L27:
 441 0024 00100240 		.word	1073876992
 442 0028 00000140 		.word	1073807360
 443              		.cfi_endproc
 444              	.LFE130:
 446              		.section	.text.HAL_I2CEx_DisableFastModePlus,"ax",%progbits
 447              		.align	1
 448              		.global	HAL_I2CEx_DisableFastModePlus
 449              		.syntax unified
 450              		.thumb
 451              		.thumb_func
 452              		.fpu fpv4-sp-d16
 454              	HAL_I2CEx_DisableFastModePlus:
 455              	.LVL30:
 456              	.LFB131:
 306:cube/Drivers/STM32F3xx_HAL_Driver/Src/stm32f3xx_hal_i2c_ex.c **** 
 307:cube/Drivers/STM32F3xx_HAL_Driver/Src/stm32f3xx_hal_i2c_ex.c **** /**
 308:cube/Drivers/STM32F3xx_HAL_Driver/Src/stm32f3xx_hal_i2c_ex.c ****   * @brief Disable the I2C fast mode plus driving capability.
 309:cube/Drivers/STM32F3xx_HAL_Driver/Src/stm32f3xx_hal_i2c_ex.c ****   * @param ConfigFastModePlus Selects the pin.
 310:cube/Drivers/STM32F3xx_HAL_Driver/Src/stm32f3xx_hal_i2c_ex.c ****   *   This parameter can be one of the @ref I2CEx_FastModePlus values
 311:cube/Drivers/STM32F3xx_HAL_Driver/Src/stm32f3xx_hal_i2c_ex.c ****   * @note  For I2C1, fast mode plus driving capability can be disabled on all selected
 312:cube/Drivers/STM32F3xx_HAL_Driver/Src/stm32f3xx_hal_i2c_ex.c ****   *        I2C1 pins using I2C_FASTMODEPLUS_I2C1 parameter or independently
 313:cube/Drivers/STM32F3xx_HAL_Driver/Src/stm32f3xx_hal_i2c_ex.c ****   *        on each one of the following pins PB6, PB7, PB8 and PB9.
 314:cube/Drivers/STM32F3xx_HAL_Driver/Src/stm32f3xx_hal_i2c_ex.c ****   * @note  For remaining I2C1 pins (PA14, PA15...) fast mode plus driving capability
 315:cube/Drivers/STM32F3xx_HAL_Driver/Src/stm32f3xx_hal_i2c_ex.c ****   *        can be disabled only by using I2C_FASTMODEPLUS_I2C1 parameter.
 316:cube/Drivers/STM32F3xx_HAL_Driver/Src/stm32f3xx_hal_i2c_ex.c ****   * @note  For all I2C2 pins fast mode plus driving capability can be disabled
 317:cube/Drivers/STM32F3xx_HAL_Driver/Src/stm32f3xx_hal_i2c_ex.c ****   *        only by using I2C_FASTMODEPLUS_I2C2 parameter.
 318:cube/Drivers/STM32F3xx_HAL_Driver/Src/stm32f3xx_hal_i2c_ex.c ****   * @note  For all I2C3 pins fast mode plus driving capability can be disabled
 319:cube/Drivers/STM32F3xx_HAL_Driver/Src/stm32f3xx_hal_i2c_ex.c ****   *        only by using I2C_FASTMODEPLUS_I2C3 parameter.
 320:cube/Drivers/STM32F3xx_HAL_Driver/Src/stm32f3xx_hal_i2c_ex.c ****   * @retval None
 321:cube/Drivers/STM32F3xx_HAL_Driver/Src/stm32f3xx_hal_i2c_ex.c ****   */
 322:cube/Drivers/STM32F3xx_HAL_Driver/Src/stm32f3xx_hal_i2c_ex.c **** void HAL_I2CEx_DisableFastModePlus(uint32_t ConfigFastModePlus)
 323:cube/Drivers/STM32F3xx_HAL_Driver/Src/stm32f3xx_hal_i2c_ex.c **** {
 457              		.loc 1 323 1 is_stmt 1 view -0
 458              		.cfi_startproc
 459              		@ args = 0, pretend = 0, frame = 8
 460              		@ frame_needed = 0, uses_anonymous_args = 0
 461              		@ link register save eliminated.
 462              		.loc 1 323 1 is_stmt 0 view .LVU131
 463 0000 82B0     		sub	sp, sp, #8
 464              		.cfi_def_cfa_offset 8
 324:cube/Drivers/STM32F3xx_HAL_Driver/Src/stm32f3xx_hal_i2c_ex.c ****   /* Check the parameter */
 325:cube/Drivers/STM32F3xx_HAL_Driver/Src/stm32f3xx_hal_i2c_ex.c ****   assert_param(IS_I2C_FASTMODEPLUS(ConfigFastModePlus));
 465              		.loc 1 325 3 is_stmt 1 view .LVU132
 326:cube/Drivers/STM32F3xx_HAL_Driver/Src/stm32f3xx_hal_i2c_ex.c **** 
 327:cube/Drivers/STM32F3xx_HAL_Driver/Src/stm32f3xx_hal_i2c_ex.c ****   /* Enable SYSCFG clock */
 328:cube/Drivers/STM32F3xx_HAL_Driver/Src/stm32f3xx_hal_i2c_ex.c ****   __HAL_RCC_SYSCFG_CLK_ENABLE();
 466              		.loc 1 328 3 view .LVU133
 467              	.LBB3:
 468              		.loc 1 328 3 view .LVU134
 469              		.loc 1 328 3 view .LVU135
 470 0002 084B     		ldr	r3, .L31
 471 0004 9A69     		ldr	r2, [r3, #24]
ARM GAS  C:\Users\Berbardo\AppData\Local\Temp\ccyBTC3b.s 			page 15


 472 0006 42F00102 		orr	r2, r2, #1
 473 000a 9A61     		str	r2, [r3, #24]
 474              		.loc 1 328 3 view .LVU136
 475 000c 9B69     		ldr	r3, [r3, #24]
 476 000e 03F00103 		and	r3, r3, #1
 477 0012 0193     		str	r3, [sp, #4]
 478              		.loc 1 328 3 view .LVU137
 479 0014 019B     		ldr	r3, [sp, #4]
 480              	.LBE3:
 329:cube/Drivers/STM32F3xx_HAL_Driver/Src/stm32f3xx_hal_i2c_ex.c **** 
 330:cube/Drivers/STM32F3xx_HAL_Driver/Src/stm32f3xx_hal_i2c_ex.c ****   /* Disable fast mode plus driving capability for selected pin */
 331:cube/Drivers/STM32F3xx_HAL_Driver/Src/stm32f3xx_hal_i2c_ex.c ****   CLEAR_BIT(SYSCFG->CFGR1, (uint32_t)ConfigFastModePlus);
 481              		.loc 1 331 3 view .LVU138
 482 0016 044A     		ldr	r2, .L31+4
 483 0018 1368     		ldr	r3, [r2]
 484 001a 23EA0000 		bic	r0, r3, r0
 485              	.LVL31:
 486              		.loc 1 331 3 is_stmt 0 view .LVU139
 487 001e 1060     		str	r0, [r2]
 332:cube/Drivers/STM32F3xx_HAL_Driver/Src/stm32f3xx_hal_i2c_ex.c **** }
 488              		.loc 1 332 1 view .LVU140
 489 0020 02B0     		add	sp, sp, #8
 490              		.cfi_def_cfa_offset 0
 491              		@ sp needed
 492 0022 7047     		bx	lr
 493              	.L32:
 494              		.align	2
 495              	.L31:
 496 0024 00100240 		.word	1073876992
 497 0028 00000140 		.word	1073807360
 498              		.cfi_endproc
 499              	.LFE131:
 501              		.text
 502              	.Letext0:
 503              		.file 2 "c:\\program files (x86)\\gnu tools arm embedded\\8 2019-q3-update\\arm-none-eabi\\include
 504              		.file 3 "c:\\program files (x86)\\gnu tools arm embedded\\8 2019-q3-update\\arm-none-eabi\\include
 505              		.file 4 "cube/Drivers/CMSIS/Include/core_cm4.h"
 506              		.file 5 "cube/Drivers/CMSIS/Device/ST/STM32F3xx/Include/system_stm32f3xx.h"
 507              		.file 6 "cube/Drivers/CMSIS/Device/ST/STM32F3xx/Include/stm32f303xe.h"
 508              		.file 7 "c:\\program files (x86)\\gnu tools arm embedded\\8 2019-q3-update\\lib\\gcc\\arm-none-eab
 509              		.file 8 "c:\\program files (x86)\\gnu tools arm embedded\\8 2019-q3-update\\arm-none-eabi\\include
 510              		.file 9 "c:\\program files (x86)\\gnu tools arm embedded\\8 2019-q3-update\\arm-none-eabi\\include
 511              		.file 10 "c:\\program files (x86)\\gnu tools arm embedded\\8 2019-q3-update\\arm-none-eabi\\includ
 512              		.file 11 "cube/Drivers/STM32F3xx_HAL_Driver/Inc/stm32f3xx_hal_def.h"
 513              		.file 12 "cube/Drivers/STM32F3xx_HAL_Driver/Inc/stm32f3xx_hal_dma.h"
 514              		.file 13 "cube/Drivers/STM32F3xx_HAL_Driver/Inc/stm32f3xx_hal_i2c.h"
 515              		.file 14 "cube/Drivers/STM32F3xx_HAL_Driver/Inc/stm32f3xx_hal.h"
ARM GAS  C:\Users\Berbardo\AppData\Local\Temp\ccyBTC3b.s 			page 16


DEFINED SYMBOLS
                            *ABS*:00000000 stm32f3xx_hal_i2c_ex.c
C:\Users\Berbardo\AppData\Local\Temp\ccyBTC3b.s:18     .text.HAL_I2CEx_ConfigAnalogFilter:00000000 $t
C:\Users\Berbardo\AppData\Local\Temp\ccyBTC3b.s:26     .text.HAL_I2CEx_ConfigAnalogFilter:00000000 HAL_I2CEx_ConfigAnalogFilter
C:\Users\Berbardo\AppData\Local\Temp\ccyBTC3b.s:119    .text.HAL_I2CEx_ConfigDigitalFilter:00000000 $t
C:\Users\Berbardo\AppData\Local\Temp\ccyBTC3b.s:126    .text.HAL_I2CEx_ConfigDigitalFilter:00000000 HAL_I2CEx_ConfigDigitalFilter
C:\Users\Berbardo\AppData\Local\Temp\ccyBTC3b.s:224    .text.HAL_I2CEx_EnableWakeUp:00000000 $t
C:\Users\Berbardo\AppData\Local\Temp\ccyBTC3b.s:231    .text.HAL_I2CEx_EnableWakeUp:00000000 HAL_I2CEx_EnableWakeUp
C:\Users\Berbardo\AppData\Local\Temp\ccyBTC3b.s:308    .text.HAL_I2CEx_DisableWakeUp:00000000 $t
C:\Users\Berbardo\AppData\Local\Temp\ccyBTC3b.s:315    .text.HAL_I2CEx_DisableWakeUp:00000000 HAL_I2CEx_DisableWakeUp
C:\Users\Berbardo\AppData\Local\Temp\ccyBTC3b.s:392    .text.HAL_I2CEx_EnableFastModePlus:00000000 $t
C:\Users\Berbardo\AppData\Local\Temp\ccyBTC3b.s:399    .text.HAL_I2CEx_EnableFastModePlus:00000000 HAL_I2CEx_EnableFastModePlus
C:\Users\Berbardo\AppData\Local\Temp\ccyBTC3b.s:441    .text.HAL_I2CEx_EnableFastModePlus:00000024 $d
C:\Users\Berbardo\AppData\Local\Temp\ccyBTC3b.s:447    .text.HAL_I2CEx_DisableFastModePlus:00000000 $t
C:\Users\Berbardo\AppData\Local\Temp\ccyBTC3b.s:454    .text.HAL_I2CEx_DisableFastModePlus:00000000 HAL_I2CEx_DisableFastModePlus
C:\Users\Berbardo\AppData\Local\Temp\ccyBTC3b.s:496    .text.HAL_I2CEx_DisableFastModePlus:00000024 $d
                           .group:00000000 wm4.0.cbadcd7125b439f63d13d43ae17ce4cb
                           .group:00000000 wm4.target_vl53l1_1.h.12.551c1b90918b951c5224feb9b75565bd
                           .group:00000000 wm4.stm32f3xx_hal_conf.h.37.cb1c9cb802da867d86527a1477311c20
                           .group:00000000 wm4.stm32f3xx.h.55.fe34e0340b06ab20c90f3cf1d792e0eb
                           .group:00000000 wm4.stm32f303xe.h.51.65501469ddbb8a3dac94b2f9d61c4e79
                           .group:00000000 wm4._newlib_version.h.4.9ba035841e762c3308916a0ce96032e7
                           .group:00000000 wm4.features.h.33.d0b7f3cd6ee95f610104014bb3ed522a
                           .group:00000000 wm4._default_types.h.15.247e5cd201eca3442cbf5404108c4935
                           .group:00000000 wm4._intsup.h.10.48bafbb683905c4daa4565a85aeeb264
                           .group:00000000 wm4._stdint.h.10.c24fa3af3bc1706662bb5593a907e841
                           .group:00000000 wm4.stdint.h.23.d53047a68f4a85177f80b422d52785ed
                           .group:00000000 wm4.core_cm4.h.74.09ac1776756364a5a5d23084aa23e459
                           .group:00000000 wm4.cmsis_gcc.h.36.39970cb43ce4b53c82644a1f9bc2eab9
                           .group:00000000 wm4.core_cm4.h.223.390ff9b0e06949b13520d8b6746f63e8
                           .group:00000000 wm4.stm32f303xe.h.787.6957ba193b5d3b55f4f9c444bc42cb63
                           .group:00000000 wm4.stm32f3xx.h.191.245d83eb21a6c69e2950c577a7134277
                           .group:00000000 wm4.newlib.h.8.f6e543eac3f2f65163ba2ffe3b04987b
                           .group:00000000 wm4.ieeefp.h.77.5499ed899a78229fbaf6d102924f4714
                           .group:00000000 wm4.config.h.224.c701144a7b0518c6ee9b9b5465b79f81
                           .group:00000000 wm4._ansi.h.31.de524f58584151836e90d8620a16f8e8
                           .group:00000000 wm4.stdio.h.31.7c0e28c411445f3f9c5b11accf882760
                           .group:00000000 wm4.stddef.h.187.2ff233552538c6ff9b8575ca8ea52cb3
                           .group:00000000 wm4.cdefs.h.49.6260d97adb8d27534cbdc0f868b8ea87
                           .group:00000000 wm4.stddef.h.39.ec95e8feac892e292b69dc7ae75b0d64
                           .group:00000000 wm4.stdarg.h.34.3a23a216c0c293b3d2ea2e89281481e6
                           .group:00000000 wm4._types.h.20.dd0d04dca3800a0d2a6129b87f3adbb2
                           .group:00000000 wm4.stddef.h.161.5349cb105733e8777bfb0cf53c4e3f34
                           .group:00000000 wm4._types.h.127.34941de1b2539d59d5cac00e0dd27a45
                           .group:00000000 wm4.reent.h.17.e292bf8b0bec6c96e131a54347145a30
                           .group:00000000 wm4.lock.h.2.1461d1fff82dffe8bfddc23307f6484f
                           .group:00000000 wm4.reent.h.77.dcd6129ff07fe81bd5636db29abe53b2
                           .group:00000000 wm4.types.h.40.c2dcbbb5c1f4f0e5cb716ebf7776da48
                           .group:00000000 wm4.stdio.h.2.4aa87247282eca6c8f36f9de33d8df1a
                           .group:00000000 wm4.stdio.h.81.2a55589bfa3ee24eeb84e3c79458e4a9
                           .group:00000000 wm4.stm32f3xx_hal_def.h.76.500c7c9bfcb8d4adebf82d1af27ff044
                           .group:00000000 wm4.stm32f3xx_hal_rcc.h.64.06cc24fd94394ddd03725d84823331b1
                           .group:00000000 wm4.stm32f3xx_hal_rcc_ex.h.38.96615d6f3e5897bb79454968f7fc6c86
                           .group:00000000 wm4.stm32f3xx_hal_gpio.h.38.11db931fcbf37182e25c3927ddf6e8ba
                           .group:00000000 wm4.stm32f3xx_hal_gpio_ex.h.38.46a6c05d651e2a032ac66cebe63916b8
                           .group:00000000 wm4.stm32f3xx_hal_dma.h.38.61966c780efd486aa451ae49ca247997
                           .group:00000000 wm4.stm32f3xx_hal_dma_ex.h.38.195e7d437d9280b9f4e6bae0fa00db04
ARM GAS  C:\Users\Berbardo\AppData\Local\Temp\ccyBTC3b.s 			page 17


                           .group:00000000 wm4.stm32f3xx_hal_dma.h.423.83da80eb3e6ae96f050d0c5e4b55e4b9
                           .group:00000000 wm4.stm32f3xx_hal_cortex.h.38.c5c1d06be9dad8e7837dbe16f3535233
                           .group:00000000 wm4.stm32f3xx_hal_flash.h.38.2b4c202390dfbe69a578ce118ab4d799
                           .group:00000000 wm4.stm32f3xx_hal_flash_ex.h.38.65931ad4b848f69ba672eb38b2753615
                           .group:00000000 wm4.stm32f3xx_hal_i2c.h.38.e3750f5f029ebf729a7cf07e85cad615
                           .group:00000000 wm4.stm32f3xx_hal_i2c_ex.h.38.bdd47c8bc2d21749d9fd72e6b8484890
                           .group:00000000 wm4.stm32f3xx_hal_i2c.h.626.05cba3c85b66bb4631bfd2ebbfab1b06
                           .group:00000000 wm4.stm32f3xx_hal_pwr.h.38.efb6ce75a5c12d6b2c7c914e7a94ec2b
                           .group:00000000 wm4.stm32f3xx_hal_pwr_ex.h.38.d228edc56905d96af2d831d3c8e0487a
                           .group:00000000 wm4.stm32f3xx_hal.h.60.11e72be277d7cf245b56360bacde3327

NO UNDEFINED SYMBOLS
