ARM GAS  C:\Users\Berbardo\AppData\Local\Temp\ccjcwqUZ.s 			page 1


   1              		.cpu cortex-m4
   2              		.eabi_attribute 27, 1
   3              		.eabi_attribute 28, 1
   4              		.eabi_attribute 20, 1
   5              		.eabi_attribute 21, 1
   6              		.eabi_attribute 23, 3
   7              		.eabi_attribute 24, 1
   8              		.eabi_attribute 25, 1
   9              		.eabi_attribute 26, 1
  10              		.eabi_attribute 30, 1
  11              		.eabi_attribute 34, 1
  12              		.eabi_attribute 18, 4
  13              		.file	"stm32f3xx_hal_tim.c"
  14              		.text
  15              	.Ltext0:
  16              		.cfi_sections	.debug_frame
  17              	.Letext0:
  18              		.file 1 "c:\\program files (x86)\\gnu tools arm embedded\\8 2019-q3-update\\arm-none-eabi\\include
  19              		.file 2 "c:\\program files (x86)\\gnu tools arm embedded\\8 2019-q3-update\\arm-none-eabi\\include
  20              		.file 3 "cube/Drivers/CMSIS/Include/core_cm4.h"
  21              		.file 4 "cube/Drivers/CMSIS/Device/ST/STM32F3xx/Include/system_stm32f3xx.h"
  22              		.file 5 "c:\\program files (x86)\\gnu tools arm embedded\\8 2019-q3-update\\lib\\gcc\\arm-none-eab
  23              		.file 6 "c:\\program files (x86)\\gnu tools arm embedded\\8 2019-q3-update\\arm-none-eabi\\include
  24              		.file 7 "c:\\program files (x86)\\gnu tools arm embedded\\8 2019-q3-update\\arm-none-eabi\\include
  25              		.file 8 "c:\\program files (x86)\\gnu tools arm embedded\\8 2019-q3-update\\arm-none-eabi\\include
  26              		.file 9 "cube/Drivers/STM32F3xx_HAL_Driver/Inc/stm32f3xx_hal.h"
ARM GAS  C:\Users\Berbardo\AppData\Local\Temp\ccjcwqUZ.s 			page 2


DEFINED SYMBOLS
                            *ABS*:00000000 stm32f3xx_hal_tim.c
                           .group:00000000 wm4.0.a9549919c595c19c35ef13bc9ee4c8af
                           .group:00000000 wm4.target_vl53l1_1.h.12.5039e74bcd507e129caba66ab5fc05af
                           .group:00000000 wm4.stm32f3xx_hal_conf.h.37.cb1c9cb802da867d86527a1477311c20
                           .group:00000000 wm4.stm32f3xx.h.55.fe34e0340b06ab20c90f3cf1d792e0eb
                           .group:00000000 wm4.stm32f303xc.h.51.75494ed92b93e6861874d99c51c92793
                           .group:00000000 wm4._newlib_version.h.4.9ba035841e762c3308916a0ce96032e7
                           .group:00000000 wm4.features.h.33.d0b7f3cd6ee95f610104014bb3ed522a
                           .group:00000000 wm4._default_types.h.15.247e5cd201eca3442cbf5404108c4935
                           .group:00000000 wm4._intsup.h.10.48bafbb683905c4daa4565a85aeeb264
                           .group:00000000 wm4._stdint.h.10.c24fa3af3bc1706662bb5593a907e841
                           .group:00000000 wm4.stdint.h.23.d53047a68f4a85177f80b422d52785ed
                           .group:00000000 wm4.core_cm4.h.74.09ac1776756364a5a5d23084aa23e459
                           .group:00000000 wm4.cmsis_gcc.h.36.39970cb43ce4b53c82644a1f9bc2eab9
                           .group:00000000 wm4.core_cm4.h.223.390ff9b0e06949b13520d8b6746f63e8
                           .group:00000000 wm4.stm32f303xc.h.710.b77655c64e6ea7efdc9ab6a96701a5ae
                           .group:00000000 wm4.stm32f3xx.h.191.245d83eb21a6c69e2950c577a7134277
                           .group:00000000 wm4.newlib.h.8.f6e543eac3f2f65163ba2ffe3b04987b
                           .group:00000000 wm4.ieeefp.h.77.5499ed899a78229fbaf6d102924f4714
                           .group:00000000 wm4.config.h.224.c701144a7b0518c6ee9b9b5465b79f81
                           .group:00000000 wm4._ansi.h.31.de524f58584151836e90d8620a16f8e8
                           .group:00000000 wm4.stdio.h.31.7c0e28c411445f3f9c5b11accf882760
                           .group:00000000 wm4.stddef.h.187.2ff233552538c6ff9b8575ca8ea52cb3
                           .group:00000000 wm4.cdefs.h.49.6260d97adb8d27534cbdc0f868b8ea87
                           .group:00000000 wm4.stddef.h.39.ec95e8feac892e292b69dc7ae75b0d64
                           .group:00000000 wm4.stdarg.h.34.3a23a216c0c293b3d2ea2e89281481e6
                           .group:00000000 wm4._types.h.20.dd0d04dca3800a0d2a6129b87f3adbb2
                           .group:00000000 wm4.stddef.h.161.5349cb105733e8777bfb0cf53c4e3f34
                           .group:00000000 wm4._types.h.127.34941de1b2539d59d5cac00e0dd27a45
                           .group:00000000 wm4.reent.h.17.e292bf8b0bec6c96e131a54347145a30
                           .group:00000000 wm4.lock.h.2.1461d1fff82dffe8bfddc23307f6484f
                           .group:00000000 wm4.reent.h.77.dcd6129ff07fe81bd5636db29abe53b2
                           .group:00000000 wm4.types.h.40.c2dcbbb5c1f4f0e5cb716ebf7776da48
                           .group:00000000 wm4.stdio.h.2.4aa87247282eca6c8f36f9de33d8df1a
                           .group:00000000 wm4.stdio.h.81.2a55589bfa3ee24eeb84e3c79458e4a9
                           .group:00000000 wm4.stm32f3xx_hal_def.h.76.500c7c9bfcb8d4adebf82d1af27ff044
                           .group:00000000 wm4.stm32f3xx_hal_rcc.h.64.60ee232241a99e19acd27637eebe4f1c
                           .group:00000000 wm4.stm32f3xx_hal_rcc_ex.h.38.1fba3945551953e78cf69c94a0383651
                           .group:00000000 wm4.stm32f3xx_hal_gpio.h.38.11db931fcbf37182e25c3927ddf6e8ba
                           .group:00000000 wm4.stm32f3xx_hal_gpio_ex.h.38.8d493744f4b7a4f7a0f4f97db0ccbd8e
                           .group:00000000 wm4.stm32f3xx_hal_dma.h.38.61966c780efd486aa451ae49ca247997
                           .group:00000000 wm4.stm32f3xx_hal_dma_ex.h.38.195e7d437d9280b9f4e6bae0fa00db04
                           .group:00000000 wm4.stm32f3xx_hal_dma.h.423.83da80eb3e6ae96f050d0c5e4b55e4b9
                           .group:00000000 wm4.stm32f3xx_hal_cortex.h.38.c5c1d06be9dad8e7837dbe16f3535233
                           .group:00000000 wm4.stm32f3xx_hal_flash.h.38.2b4c202390dfbe69a578ce118ab4d799
                           .group:00000000 wm4.stm32f3xx_hal_flash_ex.h.38.36f8341b05728c01a88b7f1003837b1f
                           .group:00000000 wm4.stm32f3xx_hal_i2c.h.38.e3750f5f029ebf729a7cf07e85cad615
                           .group:00000000 wm4.stm32f3xx_hal_i2c_ex.h.38.74099379a9814ae4d6d1c8682fdde7ad
                           .group:00000000 wm4.stm32f3xx_hal_i2c.h.626.05cba3c85b66bb4631bfd2ebbfab1b06
                           .group:00000000 wm4.stm32f3xx_hal_pwr.h.38.efb6ce75a5c12d6b2c7c914e7a94ec2b
                           .group:00000000 wm4.stm32f3xx_hal_pwr_ex.h.38.d228edc56905d96af2d831d3c8e0487a
                           .group:00000000 wm4.stm32f3xx_hal.h.60.e1acc37932101d84a977b19b7a581169

NO UNDEFINED SYMBOLS
