ARM GAS  C:\Users\Berbardo\AppData\Local\Temp\cc2e1fhW.s 			page 1


   1              		.cpu cortex-m4
   2              		.eabi_attribute 27, 1
   3              		.eabi_attribute 28, 1
   4              		.eabi_attribute 20, 1
   5              		.eabi_attribute 21, 1
   6              		.eabi_attribute 23, 3
   7              		.eabi_attribute 24, 1
   8              		.eabi_attribute 25, 1
   9              		.eabi_attribute 26, 1
  10              		.eabi_attribute 30, 1
  11              		.eabi_attribute 34, 1
  12              		.eabi_attribute 18, 4
  13              		.file	"stm32f3xx_it.c"
  14              		.text
  15              	.Ltext0:
  16              		.cfi_sections	.debug_frame
  17              		.section	.text.NMI_Handler,"ax",%progbits
  18              		.align	1
  19              		.global	NMI_Handler
  20              		.arch armv7e-m
  21              		.syntax unified
  22              		.thumb
  23              		.thumb_func
  24              		.fpu fpv4-sp-d16
  26              	NMI_Handler:
  27              	.LFB126:
  28              		.file 1 "cube/Src/stm32f3xx_it.c"
   1:cube/Src/stm32f3xx_it.c **** /* USER CODE BEGIN Header */
   2:cube/Src/stm32f3xx_it.c **** /**
   3:cube/Src/stm32f3xx_it.c ****   ******************************************************************************
   4:cube/Src/stm32f3xx_it.c ****   * @file    stm32f3xx_it.c
   5:cube/Src/stm32f3xx_it.c ****   * @brief   Interrupt Service Routines.
   6:cube/Src/stm32f3xx_it.c ****   ******************************************************************************
   7:cube/Src/stm32f3xx_it.c ****   * @attention
   8:cube/Src/stm32f3xx_it.c ****   *
   9:cube/Src/stm32f3xx_it.c ****   * <h2><center>&copy; Copyright (c) 2019 STMicroelectronics.
  10:cube/Src/stm32f3xx_it.c ****   * All rights reserved.</center></h2>
  11:cube/Src/stm32f3xx_it.c ****   *
  12:cube/Src/stm32f3xx_it.c ****   * This software component is licensed by ST under BSD 3-Clause license,
  13:cube/Src/stm32f3xx_it.c ****   * the "License"; You may not use this file except in compliance with the
  14:cube/Src/stm32f3xx_it.c ****   * License. You may obtain a copy of the License at:
  15:cube/Src/stm32f3xx_it.c ****   *                        opensource.org/licenses/BSD-3-Clause
  16:cube/Src/stm32f3xx_it.c ****   *
  17:cube/Src/stm32f3xx_it.c ****   ******************************************************************************
  18:cube/Src/stm32f3xx_it.c ****   */
  19:cube/Src/stm32f3xx_it.c **** /* USER CODE END Header */
  20:cube/Src/stm32f3xx_it.c **** 
  21:cube/Src/stm32f3xx_it.c **** /* Includes ------------------------------------------------------------------*/
  22:cube/Src/stm32f3xx_it.c **** #include "main.h"
  23:cube/Src/stm32f3xx_it.c **** #include "stm32f3xx_it.h"
  24:cube/Src/stm32f3xx_it.c **** /* Private includes ----------------------------------------------------------*/
  25:cube/Src/stm32f3xx_it.c **** /* USER CODE BEGIN Includes */
  26:cube/Src/stm32f3xx_it.c **** /* USER CODE END Includes */
  27:cube/Src/stm32f3xx_it.c **** 
  28:cube/Src/stm32f3xx_it.c **** /* Private typedef -----------------------------------------------------------*/
  29:cube/Src/stm32f3xx_it.c **** /* USER CODE BEGIN TD */
  30:cube/Src/stm32f3xx_it.c **** 
ARM GAS  C:\Users\Berbardo\AppData\Local\Temp\cc2e1fhW.s 			page 2


  31:cube/Src/stm32f3xx_it.c **** /* USER CODE END TD */
  32:cube/Src/stm32f3xx_it.c **** 
  33:cube/Src/stm32f3xx_it.c **** /* Private define ------------------------------------------------------------*/
  34:cube/Src/stm32f3xx_it.c **** /* USER CODE BEGIN PD */
  35:cube/Src/stm32f3xx_it.c ****  
  36:cube/Src/stm32f3xx_it.c **** /* USER CODE END PD */
  37:cube/Src/stm32f3xx_it.c **** 
  38:cube/Src/stm32f3xx_it.c **** /* Private macro -------------------------------------------------------------*/
  39:cube/Src/stm32f3xx_it.c **** /* USER CODE BEGIN PM */
  40:cube/Src/stm32f3xx_it.c **** 
  41:cube/Src/stm32f3xx_it.c **** /* USER CODE END PM */
  42:cube/Src/stm32f3xx_it.c **** 
  43:cube/Src/stm32f3xx_it.c **** /* Private variables ---------------------------------------------------------*/
  44:cube/Src/stm32f3xx_it.c **** /* USER CODE BEGIN PV */
  45:cube/Src/stm32f3xx_it.c **** 
  46:cube/Src/stm32f3xx_it.c **** /* USER CODE END PV */
  47:cube/Src/stm32f3xx_it.c **** 
  48:cube/Src/stm32f3xx_it.c **** /* Private function prototypes -----------------------------------------------*/
  49:cube/Src/stm32f3xx_it.c **** /* USER CODE BEGIN PFP */
  50:cube/Src/stm32f3xx_it.c **** 
  51:cube/Src/stm32f3xx_it.c **** /* USER CODE END PFP */
  52:cube/Src/stm32f3xx_it.c **** 
  53:cube/Src/stm32f3xx_it.c **** /* Private user code ---------------------------------------------------------*/
  54:cube/Src/stm32f3xx_it.c **** /* USER CODE BEGIN 0 */
  55:cube/Src/stm32f3xx_it.c **** 
  56:cube/Src/stm32f3xx_it.c **** /* USER CODE END 0 */
  57:cube/Src/stm32f3xx_it.c **** 
  58:cube/Src/stm32f3xx_it.c **** /* External variables --------------------------------------------------------*/
  59:cube/Src/stm32f3xx_it.c **** 
  60:cube/Src/stm32f3xx_it.c **** /* USER CODE BEGIN EV */
  61:cube/Src/stm32f3xx_it.c **** 
  62:cube/Src/stm32f3xx_it.c **** /* USER CODE END EV */
  63:cube/Src/stm32f3xx_it.c **** 
  64:cube/Src/stm32f3xx_it.c **** /******************************************************************************/
  65:cube/Src/stm32f3xx_it.c **** /*           Cortex-M4 Processor Interruption and Exception Handlers          */ 
  66:cube/Src/stm32f3xx_it.c **** /******************************************************************************/
  67:cube/Src/stm32f3xx_it.c **** /**
  68:cube/Src/stm32f3xx_it.c ****   * @brief This function handles Non maskable interrupt.
  69:cube/Src/stm32f3xx_it.c ****   */
  70:cube/Src/stm32f3xx_it.c **** void NMI_Handler(void)
  71:cube/Src/stm32f3xx_it.c **** {
  29              		.loc 1 71 1 view -0
  30              		.cfi_startproc
  31              		@ args = 0, pretend = 0, frame = 0
  32              		@ frame_needed = 0, uses_anonymous_args = 0
  33              		@ link register save eliminated.
  72:cube/Src/stm32f3xx_it.c ****   /* USER CODE BEGIN NonMaskableInt_IRQn 0 */
  73:cube/Src/stm32f3xx_it.c **** 
  74:cube/Src/stm32f3xx_it.c ****   /* USER CODE END NonMaskableInt_IRQn 0 */
  75:cube/Src/stm32f3xx_it.c ****   /* USER CODE BEGIN NonMaskableInt_IRQn 1 */
  76:cube/Src/stm32f3xx_it.c **** 
  77:cube/Src/stm32f3xx_it.c ****   /* USER CODE END NonMaskableInt_IRQn 1 */
  78:cube/Src/stm32f3xx_it.c **** }
  34              		.loc 1 78 1 view .LVU1
  35 0000 7047     		bx	lr
  36              		.cfi_endproc
  37              	.LFE126:
ARM GAS  C:\Users\Berbardo\AppData\Local\Temp\cc2e1fhW.s 			page 3


  39              		.section	.text.HardFault_Handler,"ax",%progbits
  40              		.align	1
  41              		.global	HardFault_Handler
  42              		.syntax unified
  43              		.thumb
  44              		.thumb_func
  45              		.fpu fpv4-sp-d16
  47              	HardFault_Handler:
  48              	.LFB127:
  79:cube/Src/stm32f3xx_it.c **** 
  80:cube/Src/stm32f3xx_it.c **** /**
  81:cube/Src/stm32f3xx_it.c ****   * @brief This function handles Hard fault interrupt.
  82:cube/Src/stm32f3xx_it.c ****   */
  83:cube/Src/stm32f3xx_it.c **** void HardFault_Handler(void)
  84:cube/Src/stm32f3xx_it.c **** {
  49              		.loc 1 84 1 view -0
  50              		.cfi_startproc
  51              		@ Volatile: function does not return.
  52              		@ args = 0, pretend = 0, frame = 0
  53              		@ frame_needed = 0, uses_anonymous_args = 0
  54              		@ link register save eliminated.
  55              	.L3:
  85:cube/Src/stm32f3xx_it.c ****   /* USER CODE BEGIN HardFault_IRQn 0 */
  86:cube/Src/stm32f3xx_it.c **** 
  87:cube/Src/stm32f3xx_it.c ****   /* USER CODE END HardFault_IRQn 0 */
  88:cube/Src/stm32f3xx_it.c ****   while (1)
  56              		.loc 1 88 3 discriminator 1 view .LVU3
  89:cube/Src/stm32f3xx_it.c ****   {
  90:cube/Src/stm32f3xx_it.c ****     /* USER CODE BEGIN W1_HardFault_IRQn 0 */
  91:cube/Src/stm32f3xx_it.c ****     /* USER CODE END W1_HardFault_IRQn 0 */
  92:cube/Src/stm32f3xx_it.c ****   }
  57              		.loc 1 92 3 discriminator 1 view .LVU4
  58 0000 FEE7     		b	.L3
  59              		.cfi_endproc
  60              	.LFE127:
  62              		.section	.text.MemManage_Handler,"ax",%progbits
  63              		.align	1
  64              		.global	MemManage_Handler
  65              		.syntax unified
  66              		.thumb
  67              		.thumb_func
  68              		.fpu fpv4-sp-d16
  70              	MemManage_Handler:
  71              	.LFB128:
  93:cube/Src/stm32f3xx_it.c **** }
  94:cube/Src/stm32f3xx_it.c **** 
  95:cube/Src/stm32f3xx_it.c **** /**
  96:cube/Src/stm32f3xx_it.c ****   * @brief This function handles Memory management fault.
  97:cube/Src/stm32f3xx_it.c ****   */
  98:cube/Src/stm32f3xx_it.c **** void MemManage_Handler(void)
  99:cube/Src/stm32f3xx_it.c **** {
  72              		.loc 1 99 1 view -0
  73              		.cfi_startproc
  74              		@ Volatile: function does not return.
  75              		@ args = 0, pretend = 0, frame = 0
  76              		@ frame_needed = 0, uses_anonymous_args = 0
  77              		@ link register save eliminated.
ARM GAS  C:\Users\Berbardo\AppData\Local\Temp\cc2e1fhW.s 			page 4


  78              	.L5:
 100:cube/Src/stm32f3xx_it.c ****   /* USER CODE BEGIN MemoryManagement_IRQn 0 */
 101:cube/Src/stm32f3xx_it.c **** 
 102:cube/Src/stm32f3xx_it.c ****   /* USER CODE END MemoryManagement_IRQn 0 */
 103:cube/Src/stm32f3xx_it.c ****   while (1)
  79              		.loc 1 103 3 discriminator 1 view .LVU6
 104:cube/Src/stm32f3xx_it.c ****   {
 105:cube/Src/stm32f3xx_it.c ****     /* USER CODE BEGIN W1_MemoryManagement_IRQn 0 */
 106:cube/Src/stm32f3xx_it.c ****     /* USER CODE END W1_MemoryManagement_IRQn 0 */
 107:cube/Src/stm32f3xx_it.c ****   }
  80              		.loc 1 107 3 discriminator 1 view .LVU7
  81 0000 FEE7     		b	.L5
  82              		.cfi_endproc
  83              	.LFE128:
  85              		.section	.text.BusFault_Handler,"ax",%progbits
  86              		.align	1
  87              		.global	BusFault_Handler
  88              		.syntax unified
  89              		.thumb
  90              		.thumb_func
  91              		.fpu fpv4-sp-d16
  93              	BusFault_Handler:
  94              	.LFB129:
 108:cube/Src/stm32f3xx_it.c **** }
 109:cube/Src/stm32f3xx_it.c **** 
 110:cube/Src/stm32f3xx_it.c **** /**
 111:cube/Src/stm32f3xx_it.c ****   * @brief This function handles Pre-fetch fault, memory access fault.
 112:cube/Src/stm32f3xx_it.c ****   */
 113:cube/Src/stm32f3xx_it.c **** void BusFault_Handler(void)
 114:cube/Src/stm32f3xx_it.c **** {
  95              		.loc 1 114 1 view -0
  96              		.cfi_startproc
  97              		@ Volatile: function does not return.
  98              		@ args = 0, pretend = 0, frame = 0
  99              		@ frame_needed = 0, uses_anonymous_args = 0
 100              		@ link register save eliminated.
 101              	.L7:
 115:cube/Src/stm32f3xx_it.c ****   /* USER CODE BEGIN BusFault_IRQn 0 */
 116:cube/Src/stm32f3xx_it.c **** 
 117:cube/Src/stm32f3xx_it.c ****   /* USER CODE END BusFault_IRQn 0 */
 118:cube/Src/stm32f3xx_it.c ****   while (1)
 102              		.loc 1 118 3 discriminator 1 view .LVU9
 119:cube/Src/stm32f3xx_it.c ****   {
 120:cube/Src/stm32f3xx_it.c ****     /* USER CODE BEGIN W1_BusFault_IRQn 0 */
 121:cube/Src/stm32f3xx_it.c ****     /* USER CODE END W1_BusFault_IRQn 0 */
 122:cube/Src/stm32f3xx_it.c ****   }
 103              		.loc 1 122 3 discriminator 1 view .LVU10
 104 0000 FEE7     		b	.L7
 105              		.cfi_endproc
 106              	.LFE129:
 108              		.section	.text.UsageFault_Handler,"ax",%progbits
 109              		.align	1
 110              		.global	UsageFault_Handler
 111              		.syntax unified
 112              		.thumb
 113              		.thumb_func
 114              		.fpu fpv4-sp-d16
ARM GAS  C:\Users\Berbardo\AppData\Local\Temp\cc2e1fhW.s 			page 5


 116              	UsageFault_Handler:
 117              	.LFB130:
 123:cube/Src/stm32f3xx_it.c **** }
 124:cube/Src/stm32f3xx_it.c **** 
 125:cube/Src/stm32f3xx_it.c **** /**
 126:cube/Src/stm32f3xx_it.c ****   * @brief This function handles Undefined instruction or illegal state.
 127:cube/Src/stm32f3xx_it.c ****   */
 128:cube/Src/stm32f3xx_it.c **** void UsageFault_Handler(void)
 129:cube/Src/stm32f3xx_it.c **** {
 118              		.loc 1 129 1 view -0
 119              		.cfi_startproc
 120              		@ Volatile: function does not return.
 121              		@ args = 0, pretend = 0, frame = 0
 122              		@ frame_needed = 0, uses_anonymous_args = 0
 123              		@ link register save eliminated.
 124              	.L9:
 130:cube/Src/stm32f3xx_it.c ****   /* USER CODE BEGIN UsageFault_IRQn 0 */
 131:cube/Src/stm32f3xx_it.c **** 
 132:cube/Src/stm32f3xx_it.c ****   /* USER CODE END UsageFault_IRQn 0 */
 133:cube/Src/stm32f3xx_it.c ****   while (1)
 125              		.loc 1 133 3 discriminator 1 view .LVU12
 134:cube/Src/stm32f3xx_it.c ****   {
 135:cube/Src/stm32f3xx_it.c ****     /* USER CODE BEGIN W1_UsageFault_IRQn 0 */
 136:cube/Src/stm32f3xx_it.c ****     /* USER CODE END W1_UsageFault_IRQn 0 */
 137:cube/Src/stm32f3xx_it.c ****   }
 126              		.loc 1 137 3 discriminator 1 view .LVU13
 127 0000 FEE7     		b	.L9
 128              		.cfi_endproc
 129              	.LFE130:
 131              		.section	.text.SVC_Handler,"ax",%progbits
 132              		.align	1
 133              		.global	SVC_Handler
 134              		.syntax unified
 135              		.thumb
 136              		.thumb_func
 137              		.fpu fpv4-sp-d16
 139              	SVC_Handler:
 140              	.LFB131:
 138:cube/Src/stm32f3xx_it.c **** }
 139:cube/Src/stm32f3xx_it.c **** 
 140:cube/Src/stm32f3xx_it.c **** /**
 141:cube/Src/stm32f3xx_it.c ****   * @brief This function handles System service call via SWI instruction.
 142:cube/Src/stm32f3xx_it.c ****   */
 143:cube/Src/stm32f3xx_it.c **** void SVC_Handler(void)
 144:cube/Src/stm32f3xx_it.c **** {
 141              		.loc 1 144 1 view -0
 142              		.cfi_startproc
 143              		@ args = 0, pretend = 0, frame = 0
 144              		@ frame_needed = 0, uses_anonymous_args = 0
 145              		@ link register save eliminated.
 145:cube/Src/stm32f3xx_it.c ****   /* USER CODE BEGIN SVCall_IRQn 0 */
 146:cube/Src/stm32f3xx_it.c **** 
 147:cube/Src/stm32f3xx_it.c ****   /* USER CODE END SVCall_IRQn 0 */
 148:cube/Src/stm32f3xx_it.c ****   /* USER CODE BEGIN SVCall_IRQn 1 */
 149:cube/Src/stm32f3xx_it.c **** 
 150:cube/Src/stm32f3xx_it.c ****   /* USER CODE END SVCall_IRQn 1 */
 151:cube/Src/stm32f3xx_it.c **** }
ARM GAS  C:\Users\Berbardo\AppData\Local\Temp\cc2e1fhW.s 			page 6


 146              		.loc 1 151 1 view .LVU15
 147 0000 7047     		bx	lr
 148              		.cfi_endproc
 149              	.LFE131:
 151              		.section	.text.DebugMon_Handler,"ax",%progbits
 152              		.align	1
 153              		.global	DebugMon_Handler
 154              		.syntax unified
 155              		.thumb
 156              		.thumb_func
 157              		.fpu fpv4-sp-d16
 159              	DebugMon_Handler:
 160              	.LFB132:
 152:cube/Src/stm32f3xx_it.c **** 
 153:cube/Src/stm32f3xx_it.c **** /**
 154:cube/Src/stm32f3xx_it.c ****   * @brief This function handles Debug monitor.
 155:cube/Src/stm32f3xx_it.c ****   */
 156:cube/Src/stm32f3xx_it.c **** void DebugMon_Handler(void)
 157:cube/Src/stm32f3xx_it.c **** {
 161              		.loc 1 157 1 view -0
 162              		.cfi_startproc
 163              		@ args = 0, pretend = 0, frame = 0
 164              		@ frame_needed = 0, uses_anonymous_args = 0
 165              		@ link register save eliminated.
 158:cube/Src/stm32f3xx_it.c ****   /* USER CODE BEGIN DebugMonitor_IRQn 0 */
 159:cube/Src/stm32f3xx_it.c **** 
 160:cube/Src/stm32f3xx_it.c ****   /* USER CODE END DebugMonitor_IRQn 0 */
 161:cube/Src/stm32f3xx_it.c ****   /* USER CODE BEGIN DebugMonitor_IRQn 1 */
 162:cube/Src/stm32f3xx_it.c **** 
 163:cube/Src/stm32f3xx_it.c ****   /* USER CODE END DebugMonitor_IRQn 1 */
 164:cube/Src/stm32f3xx_it.c **** }
 166              		.loc 1 164 1 view .LVU17
 167 0000 7047     		bx	lr
 168              		.cfi_endproc
 169              	.LFE132:
 171              		.section	.text.PendSV_Handler,"ax",%progbits
 172              		.align	1
 173              		.global	PendSV_Handler
 174              		.syntax unified
 175              		.thumb
 176              		.thumb_func
 177              		.fpu fpv4-sp-d16
 179              	PendSV_Handler:
 180              	.LFB133:
 165:cube/Src/stm32f3xx_it.c **** 
 166:cube/Src/stm32f3xx_it.c **** /**
 167:cube/Src/stm32f3xx_it.c ****   * @brief This function handles Pendable request for system service.
 168:cube/Src/stm32f3xx_it.c ****   */
 169:cube/Src/stm32f3xx_it.c **** void PendSV_Handler(void)
 170:cube/Src/stm32f3xx_it.c **** {
 181              		.loc 1 170 1 view -0
 182              		.cfi_startproc
 183              		@ args = 0, pretend = 0, frame = 0
 184              		@ frame_needed = 0, uses_anonymous_args = 0
 185              		@ link register save eliminated.
 171:cube/Src/stm32f3xx_it.c ****   /* USER CODE BEGIN PendSV_IRQn 0 */
 172:cube/Src/stm32f3xx_it.c **** 
ARM GAS  C:\Users\Berbardo\AppData\Local\Temp\cc2e1fhW.s 			page 7


 173:cube/Src/stm32f3xx_it.c ****   /* USER CODE END PendSV_IRQn 0 */
 174:cube/Src/stm32f3xx_it.c ****   /* USER CODE BEGIN PendSV_IRQn 1 */
 175:cube/Src/stm32f3xx_it.c **** 
 176:cube/Src/stm32f3xx_it.c ****   /* USER CODE END PendSV_IRQn 1 */
 177:cube/Src/stm32f3xx_it.c **** }
 186              		.loc 1 177 1 view .LVU19
 187 0000 7047     		bx	lr
 188              		.cfi_endproc
 189              	.LFE133:
 191              		.section	.text.SysTick_Handler,"ax",%progbits
 192              		.align	1
 193              		.global	SysTick_Handler
 194              		.syntax unified
 195              		.thumb
 196              		.thumb_func
 197              		.fpu fpv4-sp-d16
 199              	SysTick_Handler:
 200              	.LFB134:
 178:cube/Src/stm32f3xx_it.c **** 
 179:cube/Src/stm32f3xx_it.c **** /**
 180:cube/Src/stm32f3xx_it.c ****   * @brief This function handles System tick timer.
 181:cube/Src/stm32f3xx_it.c ****   */
 182:cube/Src/stm32f3xx_it.c **** void SysTick_Handler(void)
 183:cube/Src/stm32f3xx_it.c **** {
 201              		.loc 1 183 1 view -0
 202              		.cfi_startproc
 203              		@ args = 0, pretend = 0, frame = 0
 204              		@ frame_needed = 0, uses_anonymous_args = 0
 205 0000 08B5     		push	{r3, lr}
 206              		.cfi_def_cfa_offset 8
 207              		.cfi_offset 3, -8
 208              		.cfi_offset 14, -4
 184:cube/Src/stm32f3xx_it.c ****   /* USER CODE BEGIN SysTick_IRQn 0 */
 185:cube/Src/stm32f3xx_it.c **** 
 186:cube/Src/stm32f3xx_it.c ****   /* USER CODE END SysTick_IRQn 0 */
 187:cube/Src/stm32f3xx_it.c ****   HAL_IncTick();
 209              		.loc 1 187 3 view .LVU21
 210 0002 FFF7FEFF 		bl	HAL_IncTick
 211              	.LVL0:
 188:cube/Src/stm32f3xx_it.c ****   /* USER CODE BEGIN SysTick_IRQn 1 */
 189:cube/Src/stm32f3xx_it.c **** 
 190:cube/Src/stm32f3xx_it.c ****   /* USER CODE END SysTick_IRQn 1 */
 191:cube/Src/stm32f3xx_it.c **** }
 212              		.loc 1 191 1 is_stmt 0 view .LVU22
 213 0006 08BD     		pop	{r3, pc}
 214              		.cfi_endproc
 215              	.LFE134:
 217              		.text
 218              	.Letext0:
 219              		.file 2 "c:\\program files (x86)\\gnu tools arm embedded\\8 2019-q3-update\\arm-none-eabi\\include
 220              		.file 3 "c:\\program files (x86)\\gnu tools arm embedded\\8 2019-q3-update\\arm-none-eabi\\include
 221              		.file 4 "cube/Drivers/CMSIS/Include/core_cm4.h"
 222              		.file 5 "cube/Drivers/CMSIS/Device/ST/STM32F3xx/Include/system_stm32f3xx.h"
 223              		.file 6 "c:\\program files (x86)\\gnu tools arm embedded\\8 2019-q3-update\\lib\\gcc\\arm-none-eab
 224              		.file 7 "c:\\program files (x86)\\gnu tools arm embedded\\8 2019-q3-update\\arm-none-eabi\\include
 225              		.file 8 "c:\\program files (x86)\\gnu tools arm embedded\\8 2019-q3-update\\arm-none-eabi\\include
 226              		.file 9 "c:\\program files (x86)\\gnu tools arm embedded\\8 2019-q3-update\\arm-none-eabi\\include
ARM GAS  C:\Users\Berbardo\AppData\Local\Temp\cc2e1fhW.s 			page 8


 227              		.file 10 "cube/Drivers/STM32F3xx_HAL_Driver/Inc/stm32f3xx_hal.h"
ARM GAS  C:\Users\Berbardo\AppData\Local\Temp\cc2e1fhW.s 			page 9


DEFINED SYMBOLS
                            *ABS*:00000000 stm32f3xx_it.c
C:\Users\Berbardo\AppData\Local\Temp\cc2e1fhW.s:18     .text.NMI_Handler:00000000 $t
C:\Users\Berbardo\AppData\Local\Temp\cc2e1fhW.s:26     .text.NMI_Handler:00000000 NMI_Handler
C:\Users\Berbardo\AppData\Local\Temp\cc2e1fhW.s:40     .text.HardFault_Handler:00000000 $t
C:\Users\Berbardo\AppData\Local\Temp\cc2e1fhW.s:47     .text.HardFault_Handler:00000000 HardFault_Handler
C:\Users\Berbardo\AppData\Local\Temp\cc2e1fhW.s:63     .text.MemManage_Handler:00000000 $t
C:\Users\Berbardo\AppData\Local\Temp\cc2e1fhW.s:70     .text.MemManage_Handler:00000000 MemManage_Handler
C:\Users\Berbardo\AppData\Local\Temp\cc2e1fhW.s:86     .text.BusFault_Handler:00000000 $t
C:\Users\Berbardo\AppData\Local\Temp\cc2e1fhW.s:93     .text.BusFault_Handler:00000000 BusFault_Handler
C:\Users\Berbardo\AppData\Local\Temp\cc2e1fhW.s:109    .text.UsageFault_Handler:00000000 $t
C:\Users\Berbardo\AppData\Local\Temp\cc2e1fhW.s:116    .text.UsageFault_Handler:00000000 UsageFault_Handler
C:\Users\Berbardo\AppData\Local\Temp\cc2e1fhW.s:132    .text.SVC_Handler:00000000 $t
C:\Users\Berbardo\AppData\Local\Temp\cc2e1fhW.s:139    .text.SVC_Handler:00000000 SVC_Handler
C:\Users\Berbardo\AppData\Local\Temp\cc2e1fhW.s:152    .text.DebugMon_Handler:00000000 $t
C:\Users\Berbardo\AppData\Local\Temp\cc2e1fhW.s:159    .text.DebugMon_Handler:00000000 DebugMon_Handler
C:\Users\Berbardo\AppData\Local\Temp\cc2e1fhW.s:172    .text.PendSV_Handler:00000000 $t
C:\Users\Berbardo\AppData\Local\Temp\cc2e1fhW.s:179    .text.PendSV_Handler:00000000 PendSV_Handler
C:\Users\Berbardo\AppData\Local\Temp\cc2e1fhW.s:192    .text.SysTick_Handler:00000000 $t
C:\Users\Berbardo\AppData\Local\Temp\cc2e1fhW.s:199    .text.SysTick_Handler:00000000 SysTick_Handler
                           .group:00000000 wm4.0.a9549919c595c19c35ef13bc9ee4c8af
                           .group:00000000 wm4.target_vl53l1_1.h.12.5039e74bcd507e129caba66ab5fc05af
                           .group:00000000 wm4.stm32f3xx_hal_conf.h.37.cb1c9cb802da867d86527a1477311c20
                           .group:00000000 wm4.stm32f3xx.h.55.fe34e0340b06ab20c90f3cf1d792e0eb
                           .group:00000000 wm4.stm32f303xc.h.51.75494ed92b93e6861874d99c51c92793
                           .group:00000000 wm4._newlib_version.h.4.9ba035841e762c3308916a0ce96032e7
                           .group:00000000 wm4.features.h.33.d0b7f3cd6ee95f610104014bb3ed522a
                           .group:00000000 wm4._default_types.h.15.247e5cd201eca3442cbf5404108c4935
                           .group:00000000 wm4._intsup.h.10.48bafbb683905c4daa4565a85aeeb264
                           .group:00000000 wm4._stdint.h.10.c24fa3af3bc1706662bb5593a907e841
                           .group:00000000 wm4.stdint.h.23.d53047a68f4a85177f80b422d52785ed
                           .group:00000000 wm4.core_cm4.h.74.09ac1776756364a5a5d23084aa23e459
                           .group:00000000 wm4.cmsis_gcc.h.36.39970cb43ce4b53c82644a1f9bc2eab9
                           .group:00000000 wm4.core_cm4.h.223.390ff9b0e06949b13520d8b6746f63e8
                           .group:00000000 wm4.stm32f303xc.h.710.b77655c64e6ea7efdc9ab6a96701a5ae
                           .group:00000000 wm4.stm32f3xx.h.191.245d83eb21a6c69e2950c577a7134277
                           .group:00000000 wm4.newlib.h.8.f6e543eac3f2f65163ba2ffe3b04987b
                           .group:00000000 wm4.ieeefp.h.77.5499ed899a78229fbaf6d102924f4714
                           .group:00000000 wm4.config.h.224.c701144a7b0518c6ee9b9b5465b79f81
                           .group:00000000 wm4._ansi.h.31.de524f58584151836e90d8620a16f8e8
                           .group:00000000 wm4.stdio.h.31.7c0e28c411445f3f9c5b11accf882760
                           .group:00000000 wm4.stddef.h.187.2ff233552538c6ff9b8575ca8ea52cb3
                           .group:00000000 wm4.cdefs.h.49.6260d97adb8d27534cbdc0f868b8ea87
                           .group:00000000 wm4.stddef.h.39.ec95e8feac892e292b69dc7ae75b0d64
                           .group:00000000 wm4.stdarg.h.34.3a23a216c0c293b3d2ea2e89281481e6
                           .group:00000000 wm4._types.h.20.dd0d04dca3800a0d2a6129b87f3adbb2
                           .group:00000000 wm4.stddef.h.161.5349cb105733e8777bfb0cf53c4e3f34
                           .group:00000000 wm4._types.h.127.34941de1b2539d59d5cac00e0dd27a45
                           .group:00000000 wm4.reent.h.17.e292bf8b0bec6c96e131a54347145a30
                           .group:00000000 wm4.lock.h.2.1461d1fff82dffe8bfddc23307f6484f
                           .group:00000000 wm4.reent.h.77.dcd6129ff07fe81bd5636db29abe53b2
                           .group:00000000 wm4.types.h.40.c2dcbbb5c1f4f0e5cb716ebf7776da48
                           .group:00000000 wm4.stdio.h.2.4aa87247282eca6c8f36f9de33d8df1a
                           .group:00000000 wm4.stdio.h.81.2a55589bfa3ee24eeb84e3c79458e4a9
                           .group:00000000 wm4.stm32f3xx_hal_def.h.76.500c7c9bfcb8d4adebf82d1af27ff044
                           .group:00000000 wm4.stm32f3xx_hal_rcc.h.64.60ee232241a99e19acd27637eebe4f1c
                           .group:00000000 wm4.stm32f3xx_hal_rcc_ex.h.38.1fba3945551953e78cf69c94a0383651
ARM GAS  C:\Users\Berbardo\AppData\Local\Temp\cc2e1fhW.s 			page 10


                           .group:00000000 wm4.stm32f3xx_hal_gpio.h.38.11db931fcbf37182e25c3927ddf6e8ba
                           .group:00000000 wm4.stm32f3xx_hal_gpio_ex.h.38.8d493744f4b7a4f7a0f4f97db0ccbd8e
                           .group:00000000 wm4.stm32f3xx_hal_dma.h.38.61966c780efd486aa451ae49ca247997
                           .group:00000000 wm4.stm32f3xx_hal_dma_ex.h.38.195e7d437d9280b9f4e6bae0fa00db04
                           .group:00000000 wm4.stm32f3xx_hal_dma.h.423.83da80eb3e6ae96f050d0c5e4b55e4b9
                           .group:00000000 wm4.stm32f3xx_hal_cortex.h.38.c5c1d06be9dad8e7837dbe16f3535233
                           .group:00000000 wm4.stm32f3xx_hal_flash.h.38.2b4c202390dfbe69a578ce118ab4d799
                           .group:00000000 wm4.stm32f3xx_hal_flash_ex.h.38.36f8341b05728c01a88b7f1003837b1f
                           .group:00000000 wm4.stm32f3xx_hal_i2c.h.38.e3750f5f029ebf729a7cf07e85cad615
                           .group:00000000 wm4.stm32f3xx_hal_i2c_ex.h.38.74099379a9814ae4d6d1c8682fdde7ad
                           .group:00000000 wm4.stm32f3xx_hal_i2c.h.626.05cba3c85b66bb4631bfd2ebbfab1b06
                           .group:00000000 wm4.stm32f3xx_hal_pwr.h.38.efb6ce75a5c12d6b2c7c914e7a94ec2b
                           .group:00000000 wm4.stm32f3xx_hal_pwr_ex.h.38.d228edc56905d96af2d831d3c8e0487a
                           .group:00000000 wm4.stm32f3xx_hal.h.60.e1acc37932101d84a977b19b7a581169

UNDEFINED SYMBOLS
HAL_IncTick
