ARM GAS  C:\Users\Berbardo\AppData\Local\Temp\ccz4ajc5.s 			page 1


   1              		.cpu cortex-m4
   2              		.eabi_attribute 27, 1
   3              		.eabi_attribute 28, 1
   4              		.eabi_attribute 20, 1
   5              		.eabi_attribute 21, 1
   6              		.eabi_attribute 23, 3
   7              		.eabi_attribute 24, 1
   8              		.eabi_attribute 25, 1
   9              		.eabi_attribute 26, 1
  10              		.eabi_attribute 30, 1
  11              		.eabi_attribute 34, 1
  12              		.eabi_attribute 18, 4
  13              		.file	"stm32f3xx_hal_pwr_ex.c"
  14              		.text
  15              	.Ltext0:
  16              		.cfi_sections	.debug_frame
  17              		.section	.text.HAL_PWR_ConfigPVD,"ax",%progbits
  18              		.align	1
  19              		.global	HAL_PWR_ConfigPVD
  20              		.arch armv7e-m
  21              		.syntax unified
  22              		.thumb
  23              		.thumb_func
  24              		.fpu fpv4-sp-d16
  26              	HAL_PWR_ConfigPVD:
  27              	.LVL0:
  28              	.LFB126:
  29              		.file 1 "cube/Drivers/STM32F3xx_HAL_Driver/Src/stm32f3xx_hal_pwr_ex.c"
   1:cube/Drivers/STM32F3xx_HAL_Driver/Src/stm32f3xx_hal_pwr_ex.c **** /**
   2:cube/Drivers/STM32F3xx_HAL_Driver/Src/stm32f3xx_hal_pwr_ex.c ****   ******************************************************************************
   3:cube/Drivers/STM32F3xx_HAL_Driver/Src/stm32f3xx_hal_pwr_ex.c ****   * @file    stm32f3xx_hal_pwr_ex.c
   4:cube/Drivers/STM32F3xx_HAL_Driver/Src/stm32f3xx_hal_pwr_ex.c ****   * @author  MCD Application Team
   5:cube/Drivers/STM32F3xx_HAL_Driver/Src/stm32f3xx_hal_pwr_ex.c ****   * @brief   Extended PWR HAL module driver.
   6:cube/Drivers/STM32F3xx_HAL_Driver/Src/stm32f3xx_hal_pwr_ex.c ****   *          This file provides firmware functions to manage the following
   7:cube/Drivers/STM32F3xx_HAL_Driver/Src/stm32f3xx_hal_pwr_ex.c ****   *          functionalities of the Power Controller (PWR) peripheral:
   8:cube/Drivers/STM32F3xx_HAL_Driver/Src/stm32f3xx_hal_pwr_ex.c ****   *           + Extended Initialization and de-initialization functions
   9:cube/Drivers/STM32F3xx_HAL_Driver/Src/stm32f3xx_hal_pwr_ex.c ****   *           + Extended Peripheral Control functions
  10:cube/Drivers/STM32F3xx_HAL_Driver/Src/stm32f3xx_hal_pwr_ex.c ****   *         
  11:cube/Drivers/STM32F3xx_HAL_Driver/Src/stm32f3xx_hal_pwr_ex.c ****   ******************************************************************************
  12:cube/Drivers/STM32F3xx_HAL_Driver/Src/stm32f3xx_hal_pwr_ex.c ****   * @attention
  13:cube/Drivers/STM32F3xx_HAL_Driver/Src/stm32f3xx_hal_pwr_ex.c ****   *
  14:cube/Drivers/STM32F3xx_HAL_Driver/Src/stm32f3xx_hal_pwr_ex.c ****   * <h2><center>&copy; COPYRIGHT(c) 2016 STMicroelectronics</center></h2>
  15:cube/Drivers/STM32F3xx_HAL_Driver/Src/stm32f3xx_hal_pwr_ex.c ****   *
  16:cube/Drivers/STM32F3xx_HAL_Driver/Src/stm32f3xx_hal_pwr_ex.c ****   * Redistribution and use in source and binary forms, with or without modification,
  17:cube/Drivers/STM32F3xx_HAL_Driver/Src/stm32f3xx_hal_pwr_ex.c ****   * are permitted provided that the following conditions are met:
  18:cube/Drivers/STM32F3xx_HAL_Driver/Src/stm32f3xx_hal_pwr_ex.c ****   *   1. Redistributions of source code must retain the above copyright notice,
  19:cube/Drivers/STM32F3xx_HAL_Driver/Src/stm32f3xx_hal_pwr_ex.c ****   *      this list of conditions and the following disclaimer.
  20:cube/Drivers/STM32F3xx_HAL_Driver/Src/stm32f3xx_hal_pwr_ex.c ****   *   2. Redistributions in binary form must reproduce the above copyright notice,
  21:cube/Drivers/STM32F3xx_HAL_Driver/Src/stm32f3xx_hal_pwr_ex.c ****   *      this list of conditions and the following disclaimer in the documentation
  22:cube/Drivers/STM32F3xx_HAL_Driver/Src/stm32f3xx_hal_pwr_ex.c ****   *      and/or other materials provided with the distribution.
  23:cube/Drivers/STM32F3xx_HAL_Driver/Src/stm32f3xx_hal_pwr_ex.c ****   *   3. Neither the name of STMicroelectronics nor the names of its contributors
  24:cube/Drivers/STM32F3xx_HAL_Driver/Src/stm32f3xx_hal_pwr_ex.c ****   *      may be used to endorse or promote products derived from this software
  25:cube/Drivers/STM32F3xx_HAL_Driver/Src/stm32f3xx_hal_pwr_ex.c ****   *      without specific prior written permission.
  26:cube/Drivers/STM32F3xx_HAL_Driver/Src/stm32f3xx_hal_pwr_ex.c ****   *
  27:cube/Drivers/STM32F3xx_HAL_Driver/Src/stm32f3xx_hal_pwr_ex.c ****   * THIS SOFTWARE IS PROVIDED BY THE COPYRIGHT HOLDERS AND CONTRIBUTORS "AS IS"
  28:cube/Drivers/STM32F3xx_HAL_Driver/Src/stm32f3xx_hal_pwr_ex.c ****   * AND ANY EXPRESS OR IMPLIED WARRANTIES, INCLUDING, BUT NOT LIMITED TO, THE
  29:cube/Drivers/STM32F3xx_HAL_Driver/Src/stm32f3xx_hal_pwr_ex.c ****   * IMPLIED WARRANTIES OF MERCHANTABILITY AND FITNESS FOR A PARTICULAR PURPOSE ARE
ARM GAS  C:\Users\Berbardo\AppData\Local\Temp\ccz4ajc5.s 			page 2


  30:cube/Drivers/STM32F3xx_HAL_Driver/Src/stm32f3xx_hal_pwr_ex.c ****   * DISCLAIMED. IN NO EVENT SHALL THE COPYRIGHT HOLDER OR CONTRIBUTORS BE LIABLE
  31:cube/Drivers/STM32F3xx_HAL_Driver/Src/stm32f3xx_hal_pwr_ex.c ****   * FOR ANY DIRECT, INDIRECT, INCIDENTAL, SPECIAL, EXEMPLARY, OR CONSEQUENTIAL
  32:cube/Drivers/STM32F3xx_HAL_Driver/Src/stm32f3xx_hal_pwr_ex.c ****   * DAMAGES (INCLUDING, BUT NOT LIMITED TO, PROCUREMENT OF SUBSTITUTE GOODS OR
  33:cube/Drivers/STM32F3xx_HAL_Driver/Src/stm32f3xx_hal_pwr_ex.c ****   * SERVICES; LOSS OF USE, DATA, OR PROFITS; OR BUSINESS INTERRUPTION) HOWEVER
  34:cube/Drivers/STM32F3xx_HAL_Driver/Src/stm32f3xx_hal_pwr_ex.c ****   * CAUSED AND ON ANY THEORY OF LIABILITY, WHETHER IN CONTRACT, STRICT LIABILITY,
  35:cube/Drivers/STM32F3xx_HAL_Driver/Src/stm32f3xx_hal_pwr_ex.c ****   * OR TORT (INCLUDING NEGLIGENCE OR OTHERWISE) ARISING IN ANY WAY OUT OF THE USE
  36:cube/Drivers/STM32F3xx_HAL_Driver/Src/stm32f3xx_hal_pwr_ex.c ****   * OF THIS SOFTWARE, EVEN IF ADVISED OF THE POSSIBILITY OF SUCH DAMAGE.
  37:cube/Drivers/STM32F3xx_HAL_Driver/Src/stm32f3xx_hal_pwr_ex.c ****   *
  38:cube/Drivers/STM32F3xx_HAL_Driver/Src/stm32f3xx_hal_pwr_ex.c ****   ******************************************************************************
  39:cube/Drivers/STM32F3xx_HAL_Driver/Src/stm32f3xx_hal_pwr_ex.c ****   */
  40:cube/Drivers/STM32F3xx_HAL_Driver/Src/stm32f3xx_hal_pwr_ex.c **** 
  41:cube/Drivers/STM32F3xx_HAL_Driver/Src/stm32f3xx_hal_pwr_ex.c **** /* Includes ------------------------------------------------------------------*/
  42:cube/Drivers/STM32F3xx_HAL_Driver/Src/stm32f3xx_hal_pwr_ex.c **** #include "stm32f3xx_hal.h"
  43:cube/Drivers/STM32F3xx_HAL_Driver/Src/stm32f3xx_hal_pwr_ex.c **** 
  44:cube/Drivers/STM32F3xx_HAL_Driver/Src/stm32f3xx_hal_pwr_ex.c **** /** @addtogroup STM32F3xx_HAL_Driver
  45:cube/Drivers/STM32F3xx_HAL_Driver/Src/stm32f3xx_hal_pwr_ex.c ****   * @{
  46:cube/Drivers/STM32F3xx_HAL_Driver/Src/stm32f3xx_hal_pwr_ex.c ****   */
  47:cube/Drivers/STM32F3xx_HAL_Driver/Src/stm32f3xx_hal_pwr_ex.c **** 
  48:cube/Drivers/STM32F3xx_HAL_Driver/Src/stm32f3xx_hal_pwr_ex.c **** /** @defgroup PWREx PWREx
  49:cube/Drivers/STM32F3xx_HAL_Driver/Src/stm32f3xx_hal_pwr_ex.c ****   * @brief    PWREx HAL module driver
  50:cube/Drivers/STM32F3xx_HAL_Driver/Src/stm32f3xx_hal_pwr_ex.c ****   * @{
  51:cube/Drivers/STM32F3xx_HAL_Driver/Src/stm32f3xx_hal_pwr_ex.c ****   */
  52:cube/Drivers/STM32F3xx_HAL_Driver/Src/stm32f3xx_hal_pwr_ex.c **** 
  53:cube/Drivers/STM32F3xx_HAL_Driver/Src/stm32f3xx_hal_pwr_ex.c **** #ifdef HAL_PWR_MODULE_ENABLED
  54:cube/Drivers/STM32F3xx_HAL_Driver/Src/stm32f3xx_hal_pwr_ex.c **** 
  55:cube/Drivers/STM32F3xx_HAL_Driver/Src/stm32f3xx_hal_pwr_ex.c **** /* Private typedef -----------------------------------------------------------*/
  56:cube/Drivers/STM32F3xx_HAL_Driver/Src/stm32f3xx_hal_pwr_ex.c **** /* Private define ------------------------------------------------------------*/
  57:cube/Drivers/STM32F3xx_HAL_Driver/Src/stm32f3xx_hal_pwr_ex.c **** /** @defgroup PWREx_Private_Constants PWR Extended Private Constants
  58:cube/Drivers/STM32F3xx_HAL_Driver/Src/stm32f3xx_hal_pwr_ex.c ****   * @{
  59:cube/Drivers/STM32F3xx_HAL_Driver/Src/stm32f3xx_hal_pwr_ex.c ****   */
  60:cube/Drivers/STM32F3xx_HAL_Driver/Src/stm32f3xx_hal_pwr_ex.c **** #define PVD_MODE_IT               (0x00010000U)
  61:cube/Drivers/STM32F3xx_HAL_Driver/Src/stm32f3xx_hal_pwr_ex.c **** #define PVD_MODE_EVT              (0x00020000U)
  62:cube/Drivers/STM32F3xx_HAL_Driver/Src/stm32f3xx_hal_pwr_ex.c **** #define PVD_RISING_EDGE           (0x00000001U)
  63:cube/Drivers/STM32F3xx_HAL_Driver/Src/stm32f3xx_hal_pwr_ex.c **** #define PVD_FALLING_EDGE          (0x00000002U)
  64:cube/Drivers/STM32F3xx_HAL_Driver/Src/stm32f3xx_hal_pwr_ex.c **** /**
  65:cube/Drivers/STM32F3xx_HAL_Driver/Src/stm32f3xx_hal_pwr_ex.c ****   * @}
  66:cube/Drivers/STM32F3xx_HAL_Driver/Src/stm32f3xx_hal_pwr_ex.c ****   */
  67:cube/Drivers/STM32F3xx_HAL_Driver/Src/stm32f3xx_hal_pwr_ex.c ****  
  68:cube/Drivers/STM32F3xx_HAL_Driver/Src/stm32f3xx_hal_pwr_ex.c **** /* Private macro -------------------------------------------------------------*/
  69:cube/Drivers/STM32F3xx_HAL_Driver/Src/stm32f3xx_hal_pwr_ex.c **** /* Private variables ---------------------------------------------------------*/
  70:cube/Drivers/STM32F3xx_HAL_Driver/Src/stm32f3xx_hal_pwr_ex.c **** /* Private function prototypes -----------------------------------------------*/
  71:cube/Drivers/STM32F3xx_HAL_Driver/Src/stm32f3xx_hal_pwr_ex.c **** /* Exported functions ---------------------------------------------------------*/
  72:cube/Drivers/STM32F3xx_HAL_Driver/Src/stm32f3xx_hal_pwr_ex.c **** 
  73:cube/Drivers/STM32F3xx_HAL_Driver/Src/stm32f3xx_hal_pwr_ex.c **** /** @defgroup PWREx_Exported_Functions PWR Extended Exported Functions
  74:cube/Drivers/STM32F3xx_HAL_Driver/Src/stm32f3xx_hal_pwr_ex.c ****   * @{
  75:cube/Drivers/STM32F3xx_HAL_Driver/Src/stm32f3xx_hal_pwr_ex.c ****   */
  76:cube/Drivers/STM32F3xx_HAL_Driver/Src/stm32f3xx_hal_pwr_ex.c **** 
  77:cube/Drivers/STM32F3xx_HAL_Driver/Src/stm32f3xx_hal_pwr_ex.c **** /** @defgroup PWREx_Exported_Functions_Group1 Peripheral Extended Control Functions
  78:cube/Drivers/STM32F3xx_HAL_Driver/Src/stm32f3xx_hal_pwr_ex.c ****   *  @brief   Extended Peripheral Control functions
  79:cube/Drivers/STM32F3xx_HAL_Driver/Src/stm32f3xx_hal_pwr_ex.c ****   *
  80:cube/Drivers/STM32F3xx_HAL_Driver/Src/stm32f3xx_hal_pwr_ex.c **** @verbatim
  81:cube/Drivers/STM32F3xx_HAL_Driver/Src/stm32f3xx_hal_pwr_ex.c **** 
  82:cube/Drivers/STM32F3xx_HAL_Driver/Src/stm32f3xx_hal_pwr_ex.c ****  ===============================================================================
  83:cube/Drivers/STM32F3xx_HAL_Driver/Src/stm32f3xx_hal_pwr_ex.c ****                  ##### Peripheral Extended control functions #####
  84:cube/Drivers/STM32F3xx_HAL_Driver/Src/stm32f3xx_hal_pwr_ex.c ****  ===============================================================================
  85:cube/Drivers/STM32F3xx_HAL_Driver/Src/stm32f3xx_hal_pwr_ex.c ****     *** PVD configuration (present on all other devices than STM32F3x8 devices) ***
  86:cube/Drivers/STM32F3xx_HAL_Driver/Src/stm32f3xx_hal_pwr_ex.c ****     =========================
ARM GAS  C:\Users\Berbardo\AppData\Local\Temp\ccz4ajc5.s 			page 3


  87:cube/Drivers/STM32F3xx_HAL_Driver/Src/stm32f3xx_hal_pwr_ex.c ****     [..]
  88:cube/Drivers/STM32F3xx_HAL_Driver/Src/stm32f3xx_hal_pwr_ex.c ****       (+) The PVD is used to monitor the VDD power supply by comparing it to a
  89:cube/Drivers/STM32F3xx_HAL_Driver/Src/stm32f3xx_hal_pwr_ex.c ****           threshold selected by the PVD Level (PLS[2:0] bits in the PWR_CR).
  90:cube/Drivers/STM32F3xx_HAL_Driver/Src/stm32f3xx_hal_pwr_ex.c ****       (+) A PVDO flag is available to indicate if VDD/VDDA is higher or lower
  91:cube/Drivers/STM32F3xx_HAL_Driver/Src/stm32f3xx_hal_pwr_ex.c ****           than the PVD threshold. This event is internally connected to the EXTI
  92:cube/Drivers/STM32F3xx_HAL_Driver/Src/stm32f3xx_hal_pwr_ex.c ****           line16 and can generate an interrupt if enabled. This is done through
  93:cube/Drivers/STM32F3xx_HAL_Driver/Src/stm32f3xx_hal_pwr_ex.c ****           __HAL_PWR_PVD_EXTI_ENABLE_IT() macro
  94:cube/Drivers/STM32F3xx_HAL_Driver/Src/stm32f3xx_hal_pwr_ex.c ****       (+) The PVD is stopped in Standby mode.
  95:cube/Drivers/STM32F3xx_HAL_Driver/Src/stm32f3xx_hal_pwr_ex.c ****       -@- PVD is not available on STM32F3x8 Product Line
  96:cube/Drivers/STM32F3xx_HAL_Driver/Src/stm32f3xx_hal_pwr_ex.c **** 
  97:cube/Drivers/STM32F3xx_HAL_Driver/Src/stm32f3xx_hal_pwr_ex.c **** 
  98:cube/Drivers/STM32F3xx_HAL_Driver/Src/stm32f3xx_hal_pwr_ex.c ****     *** Voltage regulator ***
  99:cube/Drivers/STM32F3xx_HAL_Driver/Src/stm32f3xx_hal_pwr_ex.c ****     =========================
 100:cube/Drivers/STM32F3xx_HAL_Driver/Src/stm32f3xx_hal_pwr_ex.c ****     [..]
 101:cube/Drivers/STM32F3xx_HAL_Driver/Src/stm32f3xx_hal_pwr_ex.c ****       (+) The voltage regulator is always enabled after Reset. It works in three different
 102:cube/Drivers/STM32F3xx_HAL_Driver/Src/stm32f3xx_hal_pwr_ex.c ****           modes.
 103:cube/Drivers/STM32F3xx_HAL_Driver/Src/stm32f3xx_hal_pwr_ex.c ****           In Run mode, the regulator supplies full power to the 1.8V domain (core, memories
 104:cube/Drivers/STM32F3xx_HAL_Driver/Src/stm32f3xx_hal_pwr_ex.c ****           and digital peripherals).
 105:cube/Drivers/STM32F3xx_HAL_Driver/Src/stm32f3xx_hal_pwr_ex.c ****           In Stop mode, the regulator supplies low power to the 1.8V domain, preserving
 106:cube/Drivers/STM32F3xx_HAL_Driver/Src/stm32f3xx_hal_pwr_ex.c ****           contents of registers and SRAM.
 107:cube/Drivers/STM32F3xx_HAL_Driver/Src/stm32f3xx_hal_pwr_ex.c ****           In Stop mode, the regulator is powered off. The contents of the registers and SRAM
 108:cube/Drivers/STM32F3xx_HAL_Driver/Src/stm32f3xx_hal_pwr_ex.c ****           are lost except for the Standby circuitry and the Backup Domain.
 109:cube/Drivers/STM32F3xx_HAL_Driver/Src/stm32f3xx_hal_pwr_ex.c ****           Note: in the STM32F3x8xx devices, the voltage regulator is bypassed and the
 110:cube/Drivers/STM32F3xx_HAL_Driver/Src/stm32f3xx_hal_pwr_ex.c ****           microcontroller must be powered from a nominal VDD = 1.8V +/-8U% voltage.
 111:cube/Drivers/STM32F3xx_HAL_Driver/Src/stm32f3xx_hal_pwr_ex.c **** 
 112:cube/Drivers/STM32F3xx_HAL_Driver/Src/stm32f3xx_hal_pwr_ex.c **** 
 113:cube/Drivers/STM32F3xx_HAL_Driver/Src/stm32f3xx_hal_pwr_ex.c ****       (+) A PVDO flag is available to indicate if VDD/VDDA is higher or lower
 114:cube/Drivers/STM32F3xx_HAL_Driver/Src/stm32f3xx_hal_pwr_ex.c ****           than the PVD threshold. This event is internally connected to the EXTI
 115:cube/Drivers/STM32F3xx_HAL_Driver/Src/stm32f3xx_hal_pwr_ex.c ****           line16 and can generate an interrupt if enabled. This is done through
 116:cube/Drivers/STM32F3xx_HAL_Driver/Src/stm32f3xx_hal_pwr_ex.c ****           __HAL_PWR_PVD_EXTI_ENABLE_IT() macro
 117:cube/Drivers/STM32F3xx_HAL_Driver/Src/stm32f3xx_hal_pwr_ex.c ****       (+) The PVD is stopped in Standby mode.
 118:cube/Drivers/STM32F3xx_HAL_Driver/Src/stm32f3xx_hal_pwr_ex.c **** 
 119:cube/Drivers/STM32F3xx_HAL_Driver/Src/stm32f3xx_hal_pwr_ex.c **** 
 120:cube/Drivers/STM32F3xx_HAL_Driver/Src/stm32f3xx_hal_pwr_ex.c ****     *** SDADC power configuration ***
 121:cube/Drivers/STM32F3xx_HAL_Driver/Src/stm32f3xx_hal_pwr_ex.c ****     ================================
 122:cube/Drivers/STM32F3xx_HAL_Driver/Src/stm32f3xx_hal_pwr_ex.c ****     [..]
 123:cube/Drivers/STM32F3xx_HAL_Driver/Src/stm32f3xx_hal_pwr_ex.c ****       (+) On STM32F373xC/STM32F378xx devices, there are up to 
 124:cube/Drivers/STM32F3xx_HAL_Driver/Src/stm32f3xx_hal_pwr_ex.c ****           3 SDADC instances that can be enabled/disabled.
 125:cube/Drivers/STM32F3xx_HAL_Driver/Src/stm32f3xx_hal_pwr_ex.c **** 
 126:cube/Drivers/STM32F3xx_HAL_Driver/Src/stm32f3xx_hal_pwr_ex.c **** @endverbatim
 127:cube/Drivers/STM32F3xx_HAL_Driver/Src/stm32f3xx_hal_pwr_ex.c ****   * @{
 128:cube/Drivers/STM32F3xx_HAL_Driver/Src/stm32f3xx_hal_pwr_ex.c ****   */
 129:cube/Drivers/STM32F3xx_HAL_Driver/Src/stm32f3xx_hal_pwr_ex.c **** 
 130:cube/Drivers/STM32F3xx_HAL_Driver/Src/stm32f3xx_hal_pwr_ex.c **** #if defined(STM32F302xE) || defined(STM32F303xE) || \
 131:cube/Drivers/STM32F3xx_HAL_Driver/Src/stm32f3xx_hal_pwr_ex.c ****     defined(STM32F302xC) || defined(STM32F303xC) || \
 132:cube/Drivers/STM32F3xx_HAL_Driver/Src/stm32f3xx_hal_pwr_ex.c ****     defined(STM32F303x8) || defined(STM32F334x8) || \
 133:cube/Drivers/STM32F3xx_HAL_Driver/Src/stm32f3xx_hal_pwr_ex.c ****     defined(STM32F301x8) || defined(STM32F302x8) || \
 134:cube/Drivers/STM32F3xx_HAL_Driver/Src/stm32f3xx_hal_pwr_ex.c ****     defined(STM32F373xC)
 135:cube/Drivers/STM32F3xx_HAL_Driver/Src/stm32f3xx_hal_pwr_ex.c **** 
 136:cube/Drivers/STM32F3xx_HAL_Driver/Src/stm32f3xx_hal_pwr_ex.c **** /**
 137:cube/Drivers/STM32F3xx_HAL_Driver/Src/stm32f3xx_hal_pwr_ex.c ****   * @brief Configures the voltage threshold detected by the Power Voltage Detector(PVD).
 138:cube/Drivers/STM32F3xx_HAL_Driver/Src/stm32f3xx_hal_pwr_ex.c ****   * @param sConfigPVD pointer to an PWR_PVDTypeDef structure that contains the configuration
 139:cube/Drivers/STM32F3xx_HAL_Driver/Src/stm32f3xx_hal_pwr_ex.c ****   *        information for the PVD.
 140:cube/Drivers/STM32F3xx_HAL_Driver/Src/stm32f3xx_hal_pwr_ex.c ****   * @note Refer to the electrical characteristics of your device datasheet for
 141:cube/Drivers/STM32F3xx_HAL_Driver/Src/stm32f3xx_hal_pwr_ex.c ****   *         more details about the voltage threshold corresponding to each
 142:cube/Drivers/STM32F3xx_HAL_Driver/Src/stm32f3xx_hal_pwr_ex.c ****   *         detection level.
 143:cube/Drivers/STM32F3xx_HAL_Driver/Src/stm32f3xx_hal_pwr_ex.c ****   * @retval None
ARM GAS  C:\Users\Berbardo\AppData\Local\Temp\ccz4ajc5.s 			page 4


 144:cube/Drivers/STM32F3xx_HAL_Driver/Src/stm32f3xx_hal_pwr_ex.c ****   */
 145:cube/Drivers/STM32F3xx_HAL_Driver/Src/stm32f3xx_hal_pwr_ex.c **** void HAL_PWR_ConfigPVD(PWR_PVDTypeDef *sConfigPVD)
 146:cube/Drivers/STM32F3xx_HAL_Driver/Src/stm32f3xx_hal_pwr_ex.c **** {
  30              		.loc 1 146 1 view -0
  31              		.cfi_startproc
  32              		@ args = 0, pretend = 0, frame = 0
  33              		@ frame_needed = 0, uses_anonymous_args = 0
  34              		@ link register save eliminated.
 147:cube/Drivers/STM32F3xx_HAL_Driver/Src/stm32f3xx_hal_pwr_ex.c ****   /* Check the parameters */
 148:cube/Drivers/STM32F3xx_HAL_Driver/Src/stm32f3xx_hal_pwr_ex.c ****   assert_param(IS_PWR_PVD_LEVEL(sConfigPVD->PVDLevel));
  35              		.loc 1 148 3 view .LVU1
 149:cube/Drivers/STM32F3xx_HAL_Driver/Src/stm32f3xx_hal_pwr_ex.c ****   assert_param(IS_PWR_PVD_MODE(sConfigPVD->Mode));
  36              		.loc 1 149 3 view .LVU2
 150:cube/Drivers/STM32F3xx_HAL_Driver/Src/stm32f3xx_hal_pwr_ex.c **** 
 151:cube/Drivers/STM32F3xx_HAL_Driver/Src/stm32f3xx_hal_pwr_ex.c ****   /* Set PLS[7:5] bits according to PVDLevel value */
 152:cube/Drivers/STM32F3xx_HAL_Driver/Src/stm32f3xx_hal_pwr_ex.c ****   MODIFY_REG(PWR->CR, PWR_CR_PLS, sConfigPVD->PVDLevel);
  37              		.loc 1 152 3 view .LVU3
  38 0000 1E4A     		ldr	r2, .L6
  39 0002 1368     		ldr	r3, [r2]
  40 0004 23F0E003 		bic	r3, r3, #224
  41 0008 0168     		ldr	r1, [r0]
  42 000a 0B43     		orrs	r3, r3, r1
  43 000c 1360     		str	r3, [r2]
 153:cube/Drivers/STM32F3xx_HAL_Driver/Src/stm32f3xx_hal_pwr_ex.c ****   
 154:cube/Drivers/STM32F3xx_HAL_Driver/Src/stm32f3xx_hal_pwr_ex.c ****   /* Clear any previous config. Keep it clear if no event or IT mode is selected */
 155:cube/Drivers/STM32F3xx_HAL_Driver/Src/stm32f3xx_hal_pwr_ex.c ****   __HAL_PWR_PVD_EXTI_DISABLE_EVENT();
  44              		.loc 1 155 3 view .LVU4
  45 000e 1C4B     		ldr	r3, .L6+4
  46 0010 5A68     		ldr	r2, [r3, #4]
  47 0012 22F48032 		bic	r2, r2, #65536
  48 0016 5A60     		str	r2, [r3, #4]
 156:cube/Drivers/STM32F3xx_HAL_Driver/Src/stm32f3xx_hal_pwr_ex.c ****   __HAL_PWR_PVD_EXTI_DISABLE_IT();
  49              		.loc 1 156 3 view .LVU5
  50 0018 1A68     		ldr	r2, [r3]
  51 001a 22F48032 		bic	r2, r2, #65536
  52 001e 1A60     		str	r2, [r3]
 157:cube/Drivers/STM32F3xx_HAL_Driver/Src/stm32f3xx_hal_pwr_ex.c ****   __HAL_PWR_PVD_EXTI_DISABLE_RISING_EDGE();__HAL_PWR_PVD_EXTI_DISABLE_FALLING_EDGE();
  53              		.loc 1 157 3 view .LVU6
  54 0020 9A68     		ldr	r2, [r3, #8]
  55 0022 22F48032 		bic	r2, r2, #65536
  56 0026 9A60     		str	r2, [r3, #8]
  57              		.loc 1 157 44 view .LVU7
  58 0028 DA68     		ldr	r2, [r3, #12]
  59 002a 22F48032 		bic	r2, r2, #65536
  60 002e DA60     		str	r2, [r3, #12]
 158:cube/Drivers/STM32F3xx_HAL_Driver/Src/stm32f3xx_hal_pwr_ex.c **** 
 159:cube/Drivers/STM32F3xx_HAL_Driver/Src/stm32f3xx_hal_pwr_ex.c ****   /* Configure interrupt mode */
 160:cube/Drivers/STM32F3xx_HAL_Driver/Src/stm32f3xx_hal_pwr_ex.c ****   if((sConfigPVD->Mode & PVD_MODE_IT) == PVD_MODE_IT)
  61              		.loc 1 160 3 view .LVU8
  62              		.loc 1 160 17 is_stmt 0 view .LVU9
  63 0030 4368     		ldr	r3, [r0, #4]
  64              		.loc 1 160 5 view .LVU10
  65 0032 13F4803F 		tst	r3, #65536
  66 0036 04D0     		beq	.L2
 161:cube/Drivers/STM32F3xx_HAL_Driver/Src/stm32f3xx_hal_pwr_ex.c ****   {
 162:cube/Drivers/STM32F3xx_HAL_Driver/Src/stm32f3xx_hal_pwr_ex.c ****     __HAL_PWR_PVD_EXTI_ENABLE_IT();
  67              		.loc 1 162 5 is_stmt 1 view .LVU11
ARM GAS  C:\Users\Berbardo\AppData\Local\Temp\ccz4ajc5.s 			page 5


  68 0038 114A     		ldr	r2, .L6+4
  69 003a 1368     		ldr	r3, [r2]
  70 003c 43F48033 		orr	r3, r3, #65536
  71 0040 1360     		str	r3, [r2]
  72              	.L2:
 163:cube/Drivers/STM32F3xx_HAL_Driver/Src/stm32f3xx_hal_pwr_ex.c ****   }
 164:cube/Drivers/STM32F3xx_HAL_Driver/Src/stm32f3xx_hal_pwr_ex.c ****   
 165:cube/Drivers/STM32F3xx_HAL_Driver/Src/stm32f3xx_hal_pwr_ex.c ****   /* Configure event mode */
 166:cube/Drivers/STM32F3xx_HAL_Driver/Src/stm32f3xx_hal_pwr_ex.c ****   if((sConfigPVD->Mode & PVD_MODE_EVT) == PVD_MODE_EVT)
  73              		.loc 1 166 3 view .LVU12
  74              		.loc 1 166 17 is_stmt 0 view .LVU13
  75 0042 4368     		ldr	r3, [r0, #4]
  76              		.loc 1 166 5 view .LVU14
  77 0044 13F4003F 		tst	r3, #131072
  78 0048 04D0     		beq	.L3
 167:cube/Drivers/STM32F3xx_HAL_Driver/Src/stm32f3xx_hal_pwr_ex.c ****   {
 168:cube/Drivers/STM32F3xx_HAL_Driver/Src/stm32f3xx_hal_pwr_ex.c ****     __HAL_PWR_PVD_EXTI_ENABLE_EVENT();
  79              		.loc 1 168 5 is_stmt 1 view .LVU15
  80 004a 0D4A     		ldr	r2, .L6+4
  81 004c 5368     		ldr	r3, [r2, #4]
  82 004e 43F48033 		orr	r3, r3, #65536
  83 0052 5360     		str	r3, [r2, #4]
  84              	.L3:
 169:cube/Drivers/STM32F3xx_HAL_Driver/Src/stm32f3xx_hal_pwr_ex.c ****   }
 170:cube/Drivers/STM32F3xx_HAL_Driver/Src/stm32f3xx_hal_pwr_ex.c ****   
 171:cube/Drivers/STM32F3xx_HAL_Driver/Src/stm32f3xx_hal_pwr_ex.c ****   /* Configure the edge */
 172:cube/Drivers/STM32F3xx_HAL_Driver/Src/stm32f3xx_hal_pwr_ex.c ****   if((sConfigPVD->Mode & PVD_RISING_EDGE) == PVD_RISING_EDGE)
  85              		.loc 1 172 3 view .LVU16
  86              		.loc 1 172 17 is_stmt 0 view .LVU17
  87 0054 4368     		ldr	r3, [r0, #4]
  88              		.loc 1 172 5 view .LVU18
  89 0056 13F0010F 		tst	r3, #1
  90 005a 04D0     		beq	.L4
 173:cube/Drivers/STM32F3xx_HAL_Driver/Src/stm32f3xx_hal_pwr_ex.c ****   {
 174:cube/Drivers/STM32F3xx_HAL_Driver/Src/stm32f3xx_hal_pwr_ex.c ****     __HAL_PWR_PVD_EXTI_ENABLE_RISING_EDGE();
  91              		.loc 1 174 5 is_stmt 1 view .LVU19
  92 005c 084A     		ldr	r2, .L6+4
  93 005e 9368     		ldr	r3, [r2, #8]
  94 0060 43F48033 		orr	r3, r3, #65536
  95 0064 9360     		str	r3, [r2, #8]
  96              	.L4:
 175:cube/Drivers/STM32F3xx_HAL_Driver/Src/stm32f3xx_hal_pwr_ex.c ****   }
 176:cube/Drivers/STM32F3xx_HAL_Driver/Src/stm32f3xx_hal_pwr_ex.c ****   
 177:cube/Drivers/STM32F3xx_HAL_Driver/Src/stm32f3xx_hal_pwr_ex.c ****   if((sConfigPVD->Mode & PVD_FALLING_EDGE) == PVD_FALLING_EDGE)
  97              		.loc 1 177 3 view .LVU20
  98              		.loc 1 177 17 is_stmt 0 view .LVU21
  99 0066 4368     		ldr	r3, [r0, #4]
 100              		.loc 1 177 5 view .LVU22
 101 0068 13F0020F 		tst	r3, #2
 102 006c 04D0     		beq	.L1
 178:cube/Drivers/STM32F3xx_HAL_Driver/Src/stm32f3xx_hal_pwr_ex.c ****   {
 179:cube/Drivers/STM32F3xx_HAL_Driver/Src/stm32f3xx_hal_pwr_ex.c ****     __HAL_PWR_PVD_EXTI_ENABLE_FALLING_EDGE();
 103              		.loc 1 179 5 is_stmt 1 view .LVU23
 104 006e 044A     		ldr	r2, .L6+4
 105 0070 D368     		ldr	r3, [r2, #12]
 106 0072 43F48033 		orr	r3, r3, #65536
 107 0076 D360     		str	r3, [r2, #12]
ARM GAS  C:\Users\Berbardo\AppData\Local\Temp\ccz4ajc5.s 			page 6


 108              	.L1:
 180:cube/Drivers/STM32F3xx_HAL_Driver/Src/stm32f3xx_hal_pwr_ex.c ****   }
 181:cube/Drivers/STM32F3xx_HAL_Driver/Src/stm32f3xx_hal_pwr_ex.c **** }
 109              		.loc 1 181 1 is_stmt 0 view .LVU24
 110 0078 7047     		bx	lr
 111              	.L7:
 112 007a 00BF     		.align	2
 113              	.L6:
 114 007c 00700040 		.word	1073770496
 115 0080 00040140 		.word	1073808384
 116              		.cfi_endproc
 117              	.LFE126:
 119              		.section	.text.HAL_PWR_EnablePVD,"ax",%progbits
 120              		.align	1
 121              		.global	HAL_PWR_EnablePVD
 122              		.syntax unified
 123              		.thumb
 124              		.thumb_func
 125              		.fpu fpv4-sp-d16
 127              	HAL_PWR_EnablePVD:
 128              	.LFB127:
 182:cube/Drivers/STM32F3xx_HAL_Driver/Src/stm32f3xx_hal_pwr_ex.c **** 
 183:cube/Drivers/STM32F3xx_HAL_Driver/Src/stm32f3xx_hal_pwr_ex.c **** /**
 184:cube/Drivers/STM32F3xx_HAL_Driver/Src/stm32f3xx_hal_pwr_ex.c ****   * @brief Enables the Power Voltage Detector(PVD).
 185:cube/Drivers/STM32F3xx_HAL_Driver/Src/stm32f3xx_hal_pwr_ex.c ****   * @retval None
 186:cube/Drivers/STM32F3xx_HAL_Driver/Src/stm32f3xx_hal_pwr_ex.c ****   */
 187:cube/Drivers/STM32F3xx_HAL_Driver/Src/stm32f3xx_hal_pwr_ex.c **** void HAL_PWR_EnablePVD(void)
 188:cube/Drivers/STM32F3xx_HAL_Driver/Src/stm32f3xx_hal_pwr_ex.c **** {
 129              		.loc 1 188 1 is_stmt 1 view -0
 130              		.cfi_startproc
 131              		@ args = 0, pretend = 0, frame = 0
 132              		@ frame_needed = 0, uses_anonymous_args = 0
 133              		@ link register save eliminated.
 189:cube/Drivers/STM32F3xx_HAL_Driver/Src/stm32f3xx_hal_pwr_ex.c ****   SET_BIT(PWR->CR, PWR_CR_PVDE);  
 134              		.loc 1 189 3 view .LVU26
 135 0000 024A     		ldr	r2, .L9
 136 0002 1368     		ldr	r3, [r2]
 137 0004 43F01003 		orr	r3, r3, #16
 138 0008 1360     		str	r3, [r2]
 190:cube/Drivers/STM32F3xx_HAL_Driver/Src/stm32f3xx_hal_pwr_ex.c **** }
 139              		.loc 1 190 1 is_stmt 0 view .LVU27
 140 000a 7047     		bx	lr
 141              	.L10:
 142              		.align	2
 143              	.L9:
 144 000c 00700040 		.word	1073770496
 145              		.cfi_endproc
 146              	.LFE127:
 148              		.section	.text.HAL_PWR_DisablePVD,"ax",%progbits
 149              		.align	1
 150              		.global	HAL_PWR_DisablePVD
 151              		.syntax unified
 152              		.thumb
 153              		.thumb_func
 154              		.fpu fpv4-sp-d16
 156              	HAL_PWR_DisablePVD:
 157              	.LFB128:
ARM GAS  C:\Users\Berbardo\AppData\Local\Temp\ccz4ajc5.s 			page 7


 191:cube/Drivers/STM32F3xx_HAL_Driver/Src/stm32f3xx_hal_pwr_ex.c **** 
 192:cube/Drivers/STM32F3xx_HAL_Driver/Src/stm32f3xx_hal_pwr_ex.c **** /**
 193:cube/Drivers/STM32F3xx_HAL_Driver/Src/stm32f3xx_hal_pwr_ex.c ****   * @brief Disables the Power Voltage Detector(PVD).
 194:cube/Drivers/STM32F3xx_HAL_Driver/Src/stm32f3xx_hal_pwr_ex.c ****   * @retval None
 195:cube/Drivers/STM32F3xx_HAL_Driver/Src/stm32f3xx_hal_pwr_ex.c ****   */
 196:cube/Drivers/STM32F3xx_HAL_Driver/Src/stm32f3xx_hal_pwr_ex.c **** void HAL_PWR_DisablePVD(void)
 197:cube/Drivers/STM32F3xx_HAL_Driver/Src/stm32f3xx_hal_pwr_ex.c **** {
 158              		.loc 1 197 1 is_stmt 1 view -0
 159              		.cfi_startproc
 160              		@ args = 0, pretend = 0, frame = 0
 161              		@ frame_needed = 0, uses_anonymous_args = 0
 162              		@ link register save eliminated.
 198:cube/Drivers/STM32F3xx_HAL_Driver/Src/stm32f3xx_hal_pwr_ex.c ****   CLEAR_BIT(PWR->CR, PWR_CR_PVDE);  
 163              		.loc 1 198 3 view .LVU29
 164 0000 024A     		ldr	r2, .L12
 165 0002 1368     		ldr	r3, [r2]
 166 0004 23F01003 		bic	r3, r3, #16
 167 0008 1360     		str	r3, [r2]
 199:cube/Drivers/STM32F3xx_HAL_Driver/Src/stm32f3xx_hal_pwr_ex.c **** }
 168              		.loc 1 199 1 is_stmt 0 view .LVU30
 169 000a 7047     		bx	lr
 170              	.L13:
 171              		.align	2
 172              	.L12:
 173 000c 00700040 		.word	1073770496
 174              		.cfi_endproc
 175              	.LFE128:
 177              		.section	.text.HAL_PWR_PVDCallback,"ax",%progbits
 178              		.align	1
 179              		.weak	HAL_PWR_PVDCallback
 180              		.syntax unified
 181              		.thumb
 182              		.thumb_func
 183              		.fpu fpv4-sp-d16
 185              	HAL_PWR_PVDCallback:
 186              	.LFB130:
 200:cube/Drivers/STM32F3xx_HAL_Driver/Src/stm32f3xx_hal_pwr_ex.c **** 
 201:cube/Drivers/STM32F3xx_HAL_Driver/Src/stm32f3xx_hal_pwr_ex.c **** /**
 202:cube/Drivers/STM32F3xx_HAL_Driver/Src/stm32f3xx_hal_pwr_ex.c ****   * @brief This function handles the PWR PVD interrupt request.
 203:cube/Drivers/STM32F3xx_HAL_Driver/Src/stm32f3xx_hal_pwr_ex.c ****   * @note This API should be called under the PVD_IRQHandler().
 204:cube/Drivers/STM32F3xx_HAL_Driver/Src/stm32f3xx_hal_pwr_ex.c ****   * @retval None
 205:cube/Drivers/STM32F3xx_HAL_Driver/Src/stm32f3xx_hal_pwr_ex.c ****   */
 206:cube/Drivers/STM32F3xx_HAL_Driver/Src/stm32f3xx_hal_pwr_ex.c **** void HAL_PWR_PVD_IRQHandler(void)
 207:cube/Drivers/STM32F3xx_HAL_Driver/Src/stm32f3xx_hal_pwr_ex.c **** {
 208:cube/Drivers/STM32F3xx_HAL_Driver/Src/stm32f3xx_hal_pwr_ex.c ****   /* Check PWR exti flag */
 209:cube/Drivers/STM32F3xx_HAL_Driver/Src/stm32f3xx_hal_pwr_ex.c ****   if(__HAL_PWR_PVD_EXTI_GET_FLAG() != RESET)
 210:cube/Drivers/STM32F3xx_HAL_Driver/Src/stm32f3xx_hal_pwr_ex.c ****   {
 211:cube/Drivers/STM32F3xx_HAL_Driver/Src/stm32f3xx_hal_pwr_ex.c ****     /* PWR PVD interrupt user callback */
 212:cube/Drivers/STM32F3xx_HAL_Driver/Src/stm32f3xx_hal_pwr_ex.c ****     HAL_PWR_PVDCallback();
 213:cube/Drivers/STM32F3xx_HAL_Driver/Src/stm32f3xx_hal_pwr_ex.c **** 
 214:cube/Drivers/STM32F3xx_HAL_Driver/Src/stm32f3xx_hal_pwr_ex.c ****     /* Clear PWR Exti pending bit */
 215:cube/Drivers/STM32F3xx_HAL_Driver/Src/stm32f3xx_hal_pwr_ex.c ****     __HAL_PWR_PVD_EXTI_CLEAR_FLAG();
 216:cube/Drivers/STM32F3xx_HAL_Driver/Src/stm32f3xx_hal_pwr_ex.c ****   }
 217:cube/Drivers/STM32F3xx_HAL_Driver/Src/stm32f3xx_hal_pwr_ex.c **** }
 218:cube/Drivers/STM32F3xx_HAL_Driver/Src/stm32f3xx_hal_pwr_ex.c **** 
 219:cube/Drivers/STM32F3xx_HAL_Driver/Src/stm32f3xx_hal_pwr_ex.c **** /**
 220:cube/Drivers/STM32F3xx_HAL_Driver/Src/stm32f3xx_hal_pwr_ex.c ****   * @brief PWR PVD interrupt callback
ARM GAS  C:\Users\Berbardo\AppData\Local\Temp\ccz4ajc5.s 			page 8


 221:cube/Drivers/STM32F3xx_HAL_Driver/Src/stm32f3xx_hal_pwr_ex.c ****   * @retval None
 222:cube/Drivers/STM32F3xx_HAL_Driver/Src/stm32f3xx_hal_pwr_ex.c ****   */
 223:cube/Drivers/STM32F3xx_HAL_Driver/Src/stm32f3xx_hal_pwr_ex.c **** __weak void HAL_PWR_PVDCallback(void)
 224:cube/Drivers/STM32F3xx_HAL_Driver/Src/stm32f3xx_hal_pwr_ex.c **** {
 187              		.loc 1 224 1 is_stmt 1 view -0
 188              		.cfi_startproc
 189              		@ args = 0, pretend = 0, frame = 0
 190              		@ frame_needed = 0, uses_anonymous_args = 0
 191              		@ link register save eliminated.
 225:cube/Drivers/STM32F3xx_HAL_Driver/Src/stm32f3xx_hal_pwr_ex.c ****   /* NOTE : This function Should not be modified, when the callback is needed,
 226:cube/Drivers/STM32F3xx_HAL_Driver/Src/stm32f3xx_hal_pwr_ex.c ****             the HAL_PWR_PVDCallback could be implemented in the user file
 227:cube/Drivers/STM32F3xx_HAL_Driver/Src/stm32f3xx_hal_pwr_ex.c ****    */
 228:cube/Drivers/STM32F3xx_HAL_Driver/Src/stm32f3xx_hal_pwr_ex.c **** }
 192              		.loc 1 228 1 view .LVU32
 193 0000 7047     		bx	lr
 194              		.cfi_endproc
 195              	.LFE130:
 197              		.section	.text.HAL_PWR_PVD_IRQHandler,"ax",%progbits
 198              		.align	1
 199              		.global	HAL_PWR_PVD_IRQHandler
 200              		.syntax unified
 201              		.thumb
 202              		.thumb_func
 203              		.fpu fpv4-sp-d16
 205              	HAL_PWR_PVD_IRQHandler:
 206              	.LFB129:
 207:cube/Drivers/STM32F3xx_HAL_Driver/Src/stm32f3xx_hal_pwr_ex.c ****   /* Check PWR exti flag */
 207              		.loc 1 207 1 view -0
 208              		.cfi_startproc
 209              		@ args = 0, pretend = 0, frame = 0
 210              		@ frame_needed = 0, uses_anonymous_args = 0
 211 0000 08B5     		push	{r3, lr}
 212              		.cfi_def_cfa_offset 8
 213              		.cfi_offset 3, -8
 214              		.cfi_offset 14, -4
 209:cube/Drivers/STM32F3xx_HAL_Driver/Src/stm32f3xx_hal_pwr_ex.c ****   {
 215              		.loc 1 209 3 view .LVU34
 209:cube/Drivers/STM32F3xx_HAL_Driver/Src/stm32f3xx_hal_pwr_ex.c ****   {
 216              		.loc 1 209 6 is_stmt 0 view .LVU35
 217 0002 064B     		ldr	r3, .L19
 218 0004 5B69     		ldr	r3, [r3, #20]
 209:cube/Drivers/STM32F3xx_HAL_Driver/Src/stm32f3xx_hal_pwr_ex.c ****   {
 219              		.loc 1 209 5 view .LVU36
 220 0006 13F4803F 		tst	r3, #65536
 221 000a 00D1     		bne	.L18
 222              	.L15:
 217:cube/Drivers/STM32F3xx_HAL_Driver/Src/stm32f3xx_hal_pwr_ex.c **** 
 223              		.loc 1 217 1 view .LVU37
 224 000c 08BD     		pop	{r3, pc}
 225              	.L18:
 212:cube/Drivers/STM32F3xx_HAL_Driver/Src/stm32f3xx_hal_pwr_ex.c **** 
 226              		.loc 1 212 5 is_stmt 1 view .LVU38
 227 000e FFF7FEFF 		bl	HAL_PWR_PVDCallback
 228              	.LVL1:
 215:cube/Drivers/STM32F3xx_HAL_Driver/Src/stm32f3xx_hal_pwr_ex.c ****   }
 229              		.loc 1 215 5 view .LVU39
 230 0012 024B     		ldr	r3, .L19
ARM GAS  C:\Users\Berbardo\AppData\Local\Temp\ccz4ajc5.s 			page 9


 231 0014 4FF48032 		mov	r2, #65536
 232 0018 5A61     		str	r2, [r3, #20]
 217:cube/Drivers/STM32F3xx_HAL_Driver/Src/stm32f3xx_hal_pwr_ex.c **** 
 233              		.loc 1 217 1 is_stmt 0 view .LVU40
 234 001a F7E7     		b	.L15
 235              	.L20:
 236              		.align	2
 237              	.L19:
 238 001c 00040140 		.word	1073808384
 239              		.cfi_endproc
 240              	.LFE129:
 242              		.text
 243              	.Letext0:
 244              		.file 2 "c:\\program files (x86)\\gnu tools arm embedded\\8 2019-q3-update\\arm-none-eabi\\include
 245              		.file 3 "c:\\program files (x86)\\gnu tools arm embedded\\8 2019-q3-update\\arm-none-eabi\\include
 246              		.file 4 "cube/Drivers/CMSIS/Include/core_cm4.h"
 247              		.file 5 "cube/Drivers/CMSIS/Device/ST/STM32F3xx/Include/system_stm32f3xx.h"
 248              		.file 6 "cube/Drivers/CMSIS/Device/ST/STM32F3xx/Include/stm32f303xe.h"
 249              		.file 7 "c:\\program files (x86)\\gnu tools arm embedded\\8 2019-q3-update\\lib\\gcc\\arm-none-eab
 250              		.file 8 "c:\\program files (x86)\\gnu tools arm embedded\\8 2019-q3-update\\arm-none-eabi\\include
 251              		.file 9 "c:\\program files (x86)\\gnu tools arm embedded\\8 2019-q3-update\\arm-none-eabi\\include
 252              		.file 10 "c:\\program files (x86)\\gnu tools arm embedded\\8 2019-q3-update\\arm-none-eabi\\includ
 253              		.file 11 "cube/Drivers/STM32F3xx_HAL_Driver/Inc/stm32f3xx_hal_pwr_ex.h"
 254              		.file 12 "cube/Drivers/CMSIS/Device/ST/STM32F3xx/Include/stm32f3xx.h"
 255              		.file 13 "cube/Drivers/STM32F3xx_HAL_Driver/Inc/stm32f3xx_hal.h"
ARM GAS  C:\Users\Berbardo\AppData\Local\Temp\ccz4ajc5.s 			page 10


DEFINED SYMBOLS
                            *ABS*:00000000 stm32f3xx_hal_pwr_ex.c
C:\Users\Berbardo\AppData\Local\Temp\ccz4ajc5.s:18     .text.HAL_PWR_ConfigPVD:00000000 $t
C:\Users\Berbardo\AppData\Local\Temp\ccz4ajc5.s:26     .text.HAL_PWR_ConfigPVD:00000000 HAL_PWR_ConfigPVD
C:\Users\Berbardo\AppData\Local\Temp\ccz4ajc5.s:114    .text.HAL_PWR_ConfigPVD:0000007c $d
C:\Users\Berbardo\AppData\Local\Temp\ccz4ajc5.s:120    .text.HAL_PWR_EnablePVD:00000000 $t
C:\Users\Berbardo\AppData\Local\Temp\ccz4ajc5.s:127    .text.HAL_PWR_EnablePVD:00000000 HAL_PWR_EnablePVD
C:\Users\Berbardo\AppData\Local\Temp\ccz4ajc5.s:144    .text.HAL_PWR_EnablePVD:0000000c $d
C:\Users\Berbardo\AppData\Local\Temp\ccz4ajc5.s:149    .text.HAL_PWR_DisablePVD:00000000 $t
C:\Users\Berbardo\AppData\Local\Temp\ccz4ajc5.s:156    .text.HAL_PWR_DisablePVD:00000000 HAL_PWR_DisablePVD
C:\Users\Berbardo\AppData\Local\Temp\ccz4ajc5.s:173    .text.HAL_PWR_DisablePVD:0000000c $d
C:\Users\Berbardo\AppData\Local\Temp\ccz4ajc5.s:178    .text.HAL_PWR_PVDCallback:00000000 $t
C:\Users\Berbardo\AppData\Local\Temp\ccz4ajc5.s:185    .text.HAL_PWR_PVDCallback:00000000 HAL_PWR_PVDCallback
C:\Users\Berbardo\AppData\Local\Temp\ccz4ajc5.s:198    .text.HAL_PWR_PVD_IRQHandler:00000000 $t
C:\Users\Berbardo\AppData\Local\Temp\ccz4ajc5.s:205    .text.HAL_PWR_PVD_IRQHandler:00000000 HAL_PWR_PVD_IRQHandler
C:\Users\Berbardo\AppData\Local\Temp\ccz4ajc5.s:238    .text.HAL_PWR_PVD_IRQHandler:0000001c $d
                           .group:00000000 wm4.0.cbadcd7125b439f63d13d43ae17ce4cb
                           .group:00000000 wm4.target_vl53l1_1.h.12.551c1b90918b951c5224feb9b75565bd
                           .group:00000000 wm4.stm32f3xx_hal_conf.h.37.cb1c9cb802da867d86527a1477311c20
                           .group:00000000 wm4.stm32f3xx.h.55.fe34e0340b06ab20c90f3cf1d792e0eb
                           .group:00000000 wm4.stm32f303xe.h.51.65501469ddbb8a3dac94b2f9d61c4e79
                           .group:00000000 wm4._newlib_version.h.4.9ba035841e762c3308916a0ce96032e7
                           .group:00000000 wm4.features.h.33.d0b7f3cd6ee95f610104014bb3ed522a
                           .group:00000000 wm4._default_types.h.15.247e5cd201eca3442cbf5404108c4935
                           .group:00000000 wm4._intsup.h.10.48bafbb683905c4daa4565a85aeeb264
                           .group:00000000 wm4._stdint.h.10.c24fa3af3bc1706662bb5593a907e841
                           .group:00000000 wm4.stdint.h.23.d53047a68f4a85177f80b422d52785ed
                           .group:00000000 wm4.core_cm4.h.74.09ac1776756364a5a5d23084aa23e459
                           .group:00000000 wm4.cmsis_gcc.h.36.39970cb43ce4b53c82644a1f9bc2eab9
                           .group:00000000 wm4.core_cm4.h.223.390ff9b0e06949b13520d8b6746f63e8
                           .group:00000000 wm4.stm32f303xe.h.787.6957ba193b5d3b55f4f9c444bc42cb63
                           .group:00000000 wm4.stm32f3xx.h.191.245d83eb21a6c69e2950c577a7134277
                           .group:00000000 wm4.newlib.h.8.f6e543eac3f2f65163ba2ffe3b04987b
                           .group:00000000 wm4.ieeefp.h.77.5499ed899a78229fbaf6d102924f4714
                           .group:00000000 wm4.config.h.224.c701144a7b0518c6ee9b9b5465b79f81
                           .group:00000000 wm4._ansi.h.31.de524f58584151836e90d8620a16f8e8
                           .group:00000000 wm4.stdio.h.31.7c0e28c411445f3f9c5b11accf882760
                           .group:00000000 wm4.stddef.h.187.2ff233552538c6ff9b8575ca8ea52cb3
                           .group:00000000 wm4.cdefs.h.49.6260d97adb8d27534cbdc0f868b8ea87
                           .group:00000000 wm4.stddef.h.39.ec95e8feac892e292b69dc7ae75b0d64
                           .group:00000000 wm4.stdarg.h.34.3a23a216c0c293b3d2ea2e89281481e6
                           .group:00000000 wm4._types.h.20.dd0d04dca3800a0d2a6129b87f3adbb2
                           .group:00000000 wm4.stddef.h.161.5349cb105733e8777bfb0cf53c4e3f34
                           .group:00000000 wm4._types.h.127.34941de1b2539d59d5cac00e0dd27a45
                           .group:00000000 wm4.reent.h.17.e292bf8b0bec6c96e131a54347145a30
                           .group:00000000 wm4.lock.h.2.1461d1fff82dffe8bfddc23307f6484f
                           .group:00000000 wm4.reent.h.77.dcd6129ff07fe81bd5636db29abe53b2
                           .group:00000000 wm4.types.h.40.c2dcbbb5c1f4f0e5cb716ebf7776da48
                           .group:00000000 wm4.stdio.h.2.4aa87247282eca6c8f36f9de33d8df1a
                           .group:00000000 wm4.stdio.h.81.2a55589bfa3ee24eeb84e3c79458e4a9
                           .group:00000000 wm4.stm32f3xx_hal_def.h.76.500c7c9bfcb8d4adebf82d1af27ff044
                           .group:00000000 wm4.stm32f3xx_hal_rcc.h.64.06cc24fd94394ddd03725d84823331b1
                           .group:00000000 wm4.stm32f3xx_hal_rcc_ex.h.38.96615d6f3e5897bb79454968f7fc6c86
                           .group:00000000 wm4.stm32f3xx_hal_gpio.h.38.11db931fcbf37182e25c3927ddf6e8ba
                           .group:00000000 wm4.stm32f3xx_hal_gpio_ex.h.38.46a6c05d651e2a032ac66cebe63916b8
                           .group:00000000 wm4.stm32f3xx_hal_dma.h.38.61966c780efd486aa451ae49ca247997
                           .group:00000000 wm4.stm32f3xx_hal_dma_ex.h.38.195e7d437d9280b9f4e6bae0fa00db04
ARM GAS  C:\Users\Berbardo\AppData\Local\Temp\ccz4ajc5.s 			page 11


                           .group:00000000 wm4.stm32f3xx_hal_dma.h.423.83da80eb3e6ae96f050d0c5e4b55e4b9
                           .group:00000000 wm4.stm32f3xx_hal_cortex.h.38.c5c1d06be9dad8e7837dbe16f3535233
                           .group:00000000 wm4.stm32f3xx_hal_flash.h.38.2b4c202390dfbe69a578ce118ab4d799
                           .group:00000000 wm4.stm32f3xx_hal_flash_ex.h.38.65931ad4b848f69ba672eb38b2753615
                           .group:00000000 wm4.stm32f3xx_hal_i2c.h.38.e3750f5f029ebf729a7cf07e85cad615
                           .group:00000000 wm4.stm32f3xx_hal_i2c_ex.h.38.bdd47c8bc2d21749d9fd72e6b8484890
                           .group:00000000 wm4.stm32f3xx_hal_i2c.h.626.05cba3c85b66bb4631bfd2ebbfab1b06
                           .group:00000000 wm4.stm32f3xx_hal_pwr.h.38.efb6ce75a5c12d6b2c7c914e7a94ec2b
                           .group:00000000 wm4.stm32f3xx_hal_pwr_ex.h.38.d228edc56905d96af2d831d3c8e0487a
                           .group:00000000 wm4.stm32f3xx_hal.h.60.11e72be277d7cf245b56360bacde3327

NO UNDEFINED SYMBOLS
