ARM GAS  C:\Users\Berbardo\AppData\Local\Temp\cc3wpT3y.s 			page 1


   1              		.cpu cortex-m4
   2              		.eabi_attribute 27, 1
   3              		.eabi_attribute 28, 1
   4              		.eabi_attribute 20, 1
   5              		.eabi_attribute 21, 1
   6              		.eabi_attribute 23, 3
   7              		.eabi_attribute 24, 1
   8              		.eabi_attribute 25, 1
   9              		.eabi_attribute 26, 1
  10              		.eabi_attribute 30, 1
  11              		.eabi_attribute 34, 1
  12              		.eabi_attribute 18, 4
  13              		.file	"system_stm32f3xx.c"
  14              		.text
  15              	.Ltext0:
  16              		.cfi_sections	.debug_frame
  17              		.section	.text.SystemInit,"ax",%progbits
  18              		.align	1
  19              		.global	SystemInit
  20              		.arch armv7e-m
  21              		.syntax unified
  22              		.thumb
  23              		.thumb_func
  24              		.fpu fpv4-sp-d16
  26              	SystemInit:
  27              	.LFB126:
  28              		.file 1 "cube/Src/system_stm32f3xx.c"
   1:cube/Src/system_stm32f3xx.c **** /**
   2:cube/Src/system_stm32f3xx.c ****   ******************************************************************************
   3:cube/Src/system_stm32f3xx.c ****   * @file    system_stm32f3xx.c
   4:cube/Src/system_stm32f3xx.c ****   * @author  MCD Application Team
   5:cube/Src/system_stm32f3xx.c ****   * @brief   CMSIS Cortex-M4 Device Peripheral Access Layer System Source File.
   6:cube/Src/system_stm32f3xx.c ****   *
   7:cube/Src/system_stm32f3xx.c ****   * 1. This file provides two functions and one global variable to be called from
   8:cube/Src/system_stm32f3xx.c ****   *    user application:
   9:cube/Src/system_stm32f3xx.c ****   *      - SystemInit(): This function is called at startup just after reset and 
  10:cube/Src/system_stm32f3xx.c ****   *                      before branch to main program. This call is made inside
  11:cube/Src/system_stm32f3xx.c ****   *                      the "startup_stm32f3xx.s" file.
  12:cube/Src/system_stm32f3xx.c ****   *
  13:cube/Src/system_stm32f3xx.c ****   *      - SystemCoreClock variable: Contains the core clock (HCLK), it can be used
  14:cube/Src/system_stm32f3xx.c ****   *                                  by the user application to setup the SysTick
  15:cube/Src/system_stm32f3xx.c ****   *                                  timer or configure other parameters.
  16:cube/Src/system_stm32f3xx.c ****   *
  17:cube/Src/system_stm32f3xx.c ****   *      - SystemCoreClockUpdate(): Updates the variable SystemCoreClock and must
  18:cube/Src/system_stm32f3xx.c ****   *                                 be called whenever the core clock is changed
  19:cube/Src/system_stm32f3xx.c ****   *                                 during program execution.
  20:cube/Src/system_stm32f3xx.c ****   *
  21:cube/Src/system_stm32f3xx.c ****   * 2. After each device reset the HSI (8 MHz) is used as system clock source.
  22:cube/Src/system_stm32f3xx.c ****   *    Then SystemInit() function is called, in "startup_stm32f3xx.s" file, to
  23:cube/Src/system_stm32f3xx.c ****   *    configure the system clock before to branch to main program.
  24:cube/Src/system_stm32f3xx.c ****   *
  25:cube/Src/system_stm32f3xx.c ****   * 3. This file configures the system clock as follows:
  26:cube/Src/system_stm32f3xx.c ****   *=============================================================================
  27:cube/Src/system_stm32f3xx.c ****   *                         Supported STM32F3xx device
  28:cube/Src/system_stm32f3xx.c ****   *-----------------------------------------------------------------------------
  29:cube/Src/system_stm32f3xx.c ****   *        System Clock source                    | HSI
  30:cube/Src/system_stm32f3xx.c ****   *-----------------------------------------------------------------------------
ARM GAS  C:\Users\Berbardo\AppData\Local\Temp\cc3wpT3y.s 			page 2


  31:cube/Src/system_stm32f3xx.c ****   *        SYSCLK(Hz)                             | 8000000
  32:cube/Src/system_stm32f3xx.c ****   *-----------------------------------------------------------------------------
  33:cube/Src/system_stm32f3xx.c ****   *        HCLK(Hz)                               | 8000000
  34:cube/Src/system_stm32f3xx.c ****   *-----------------------------------------------------------------------------
  35:cube/Src/system_stm32f3xx.c ****   *        AHB Prescaler                          | 1
  36:cube/Src/system_stm32f3xx.c ****   *-----------------------------------------------------------------------------
  37:cube/Src/system_stm32f3xx.c ****   *        APB2 Prescaler                         | 1
  38:cube/Src/system_stm32f3xx.c ****   *-----------------------------------------------------------------------------
  39:cube/Src/system_stm32f3xx.c ****   *        APB1 Prescaler                         | 1
  40:cube/Src/system_stm32f3xx.c ****   *-----------------------------------------------------------------------------
  41:cube/Src/system_stm32f3xx.c ****   *        USB Clock                              | DISABLE
  42:cube/Src/system_stm32f3xx.c ****   *-----------------------------------------------------------------------------
  43:cube/Src/system_stm32f3xx.c ****   *=============================================================================
  44:cube/Src/system_stm32f3xx.c ****   ******************************************************************************
  45:cube/Src/system_stm32f3xx.c ****   * @attention
  46:cube/Src/system_stm32f3xx.c ****   *
  47:cube/Src/system_stm32f3xx.c ****   * <h2><center>&copy; COPYRIGHT(c) 2016 STMicroelectronics</center></h2>
  48:cube/Src/system_stm32f3xx.c ****   *
  49:cube/Src/system_stm32f3xx.c ****   * Redistribution and use in source and binary forms, with or without modification,
  50:cube/Src/system_stm32f3xx.c ****   * are permitted provided that the following conditions are met:
  51:cube/Src/system_stm32f3xx.c ****   *   1. Redistributions of source code must retain the above copyright notice,
  52:cube/Src/system_stm32f3xx.c ****   *      this list of conditions and the following disclaimer.
  53:cube/Src/system_stm32f3xx.c ****   *   2. Redistributions in binary form must reproduce the above copyright notice,
  54:cube/Src/system_stm32f3xx.c ****   *      this list of conditions and the following disclaimer in the documentation
  55:cube/Src/system_stm32f3xx.c ****   *      and/or other materials provided with the distribution.
  56:cube/Src/system_stm32f3xx.c ****   *   3. Neither the name of STMicroelectronics nor the names of its contributors
  57:cube/Src/system_stm32f3xx.c ****   *      may be used to endorse or promote products derived from this software
  58:cube/Src/system_stm32f3xx.c ****   *      without specific prior written permission.
  59:cube/Src/system_stm32f3xx.c ****   *
  60:cube/Src/system_stm32f3xx.c ****   * THIS SOFTWARE IS PROVIDED BY THE COPYRIGHT HOLDERS AND CONTRIBUTORS "AS IS"
  61:cube/Src/system_stm32f3xx.c ****   * AND ANY EXPRESS OR IMPLIED WARRANTIES, INCLUDING, BUT NOT LIMITED TO, THE
  62:cube/Src/system_stm32f3xx.c ****   * IMPLIED WARRANTIES OF MERCHANTABILITY AND FITNESS FOR A PARTICULAR PURPOSE ARE
  63:cube/Src/system_stm32f3xx.c ****   * DISCLAIMED. IN NO EVENT SHALL THE COPYRIGHT HOLDER OR CONTRIBUTORS BE LIABLE
  64:cube/Src/system_stm32f3xx.c ****   * FOR ANY DIRECT, INDIRECT, INCIDENTAL, SPECIAL, EXEMPLARY, OR CONSEQUENTIAL
  65:cube/Src/system_stm32f3xx.c ****   * DAMAGES (INCLUDING, BUT NOT LIMITED TO, PROCUREMENT OF SUBSTITUTE GOODS OR
  66:cube/Src/system_stm32f3xx.c ****   * SERVICES; LOSS OF USE, DATA, OR PROFITS; OR BUSINESS INTERRUPTION) HOWEVER
  67:cube/Src/system_stm32f3xx.c ****   * CAUSED AND ON ANY THEORY OF LIABILITY, WHETHER IN CONTRACT, STRICT LIABILITY,
  68:cube/Src/system_stm32f3xx.c ****   * OR TORT (INCLUDING NEGLIGENCE OR OTHERWISE) ARISING IN ANY WAY OUT OF THE USE
  69:cube/Src/system_stm32f3xx.c ****   * OF THIS SOFTWARE, EVEN IF ADVISED OF THE POSSIBILITY OF SUCH DAMAGE.
  70:cube/Src/system_stm32f3xx.c ****   *
  71:cube/Src/system_stm32f3xx.c ****   ******************************************************************************
  72:cube/Src/system_stm32f3xx.c ****   */
  73:cube/Src/system_stm32f3xx.c **** 
  74:cube/Src/system_stm32f3xx.c **** /** @addtogroup CMSIS
  75:cube/Src/system_stm32f3xx.c ****   * @{
  76:cube/Src/system_stm32f3xx.c ****   */
  77:cube/Src/system_stm32f3xx.c **** 
  78:cube/Src/system_stm32f3xx.c **** /** @addtogroup stm32f3xx_system
  79:cube/Src/system_stm32f3xx.c ****   * @{
  80:cube/Src/system_stm32f3xx.c ****   */
  81:cube/Src/system_stm32f3xx.c **** 
  82:cube/Src/system_stm32f3xx.c **** /** @addtogroup STM32F3xx_System_Private_Includes
  83:cube/Src/system_stm32f3xx.c ****   * @{
  84:cube/Src/system_stm32f3xx.c ****   */
  85:cube/Src/system_stm32f3xx.c **** 
  86:cube/Src/system_stm32f3xx.c **** #include "stm32f3xx.h"
  87:cube/Src/system_stm32f3xx.c **** 
ARM GAS  C:\Users\Berbardo\AppData\Local\Temp\cc3wpT3y.s 			page 3


  88:cube/Src/system_stm32f3xx.c **** /**
  89:cube/Src/system_stm32f3xx.c ****   * @}
  90:cube/Src/system_stm32f3xx.c ****   */
  91:cube/Src/system_stm32f3xx.c **** 
  92:cube/Src/system_stm32f3xx.c **** /** @addtogroup STM32F3xx_System_Private_TypesDefinitions
  93:cube/Src/system_stm32f3xx.c ****   * @{
  94:cube/Src/system_stm32f3xx.c ****   */
  95:cube/Src/system_stm32f3xx.c **** 
  96:cube/Src/system_stm32f3xx.c **** /**
  97:cube/Src/system_stm32f3xx.c ****   * @}
  98:cube/Src/system_stm32f3xx.c ****   */
  99:cube/Src/system_stm32f3xx.c **** 
 100:cube/Src/system_stm32f3xx.c **** /** @addtogroup STM32F3xx_System_Private_Defines
 101:cube/Src/system_stm32f3xx.c ****   * @{
 102:cube/Src/system_stm32f3xx.c ****   */
 103:cube/Src/system_stm32f3xx.c **** #if !defined  (HSE_VALUE) 
 104:cube/Src/system_stm32f3xx.c ****   #define HSE_VALUE    ((uint32_t)8000000) /*!< Default value of the External oscillator in Hz.
 105:cube/Src/system_stm32f3xx.c ****                                                 This value can be provided and adapted by the user 
 106:cube/Src/system_stm32f3xx.c **** #endif /* HSE_VALUE */
 107:cube/Src/system_stm32f3xx.c **** 
 108:cube/Src/system_stm32f3xx.c **** #if !defined  (HSI_VALUE)
 109:cube/Src/system_stm32f3xx.c ****   #define HSI_VALUE    ((uint32_t)8000000) /*!< Default value of the Internal oscillator in Hz.
 110:cube/Src/system_stm32f3xx.c ****                                                 This value can be provided and adapted by the user 
 111:cube/Src/system_stm32f3xx.c **** #endif /* HSI_VALUE */
 112:cube/Src/system_stm32f3xx.c **** 
 113:cube/Src/system_stm32f3xx.c **** /*!< Uncomment the following line if you need to relocate your vector Table in
 114:cube/Src/system_stm32f3xx.c ****      Internal SRAM. */
 115:cube/Src/system_stm32f3xx.c **** /* #define VECT_TAB_SRAM */
 116:cube/Src/system_stm32f3xx.c **** #define VECT_TAB_OFFSET  0x0 /*!< Vector Table base offset field.
 117:cube/Src/system_stm32f3xx.c ****                                   This value must be a multiple of 0x200. */
 118:cube/Src/system_stm32f3xx.c **** /**
 119:cube/Src/system_stm32f3xx.c ****   * @}
 120:cube/Src/system_stm32f3xx.c ****   */
 121:cube/Src/system_stm32f3xx.c **** 
 122:cube/Src/system_stm32f3xx.c **** /** @addtogroup STM32F3xx_System_Private_Macros
 123:cube/Src/system_stm32f3xx.c ****   * @{
 124:cube/Src/system_stm32f3xx.c ****   */
 125:cube/Src/system_stm32f3xx.c **** 
 126:cube/Src/system_stm32f3xx.c **** /**
 127:cube/Src/system_stm32f3xx.c ****   * @}
 128:cube/Src/system_stm32f3xx.c ****   */
 129:cube/Src/system_stm32f3xx.c **** 
 130:cube/Src/system_stm32f3xx.c **** /** @addtogroup STM32F3xx_System_Private_Variables
 131:cube/Src/system_stm32f3xx.c ****   * @{
 132:cube/Src/system_stm32f3xx.c ****   */
 133:cube/Src/system_stm32f3xx.c ****   /* This variable is updated in three ways:
 134:cube/Src/system_stm32f3xx.c ****       1) by calling CMSIS function SystemCoreClockUpdate()
 135:cube/Src/system_stm32f3xx.c ****       2) by calling HAL API function HAL_RCC_GetHCLKFreq()
 136:cube/Src/system_stm32f3xx.c ****       3) each time HAL_RCC_ClockConfig() is called to configure the system clock frequency
 137:cube/Src/system_stm32f3xx.c ****          Note: If you use this function to configure the system clock there is no need to
 138:cube/Src/system_stm32f3xx.c ****                call the 2 first functions listed above, since SystemCoreClock variable is 
 139:cube/Src/system_stm32f3xx.c ****                updated automatically.
 140:cube/Src/system_stm32f3xx.c ****   */
 141:cube/Src/system_stm32f3xx.c **** uint32_t SystemCoreClock = 8000000;
 142:cube/Src/system_stm32f3xx.c **** 
 143:cube/Src/system_stm32f3xx.c **** const uint8_t AHBPrescTable[16] = {0, 0, 0, 0, 0, 0, 0, 0, 1, 2, 3, 4, 6, 7, 8, 9};
 144:cube/Src/system_stm32f3xx.c **** const uint8_t APBPrescTable[8]  = {0, 0, 0, 0, 1, 2, 3, 4};
ARM GAS  C:\Users\Berbardo\AppData\Local\Temp\cc3wpT3y.s 			page 4


 145:cube/Src/system_stm32f3xx.c **** 
 146:cube/Src/system_stm32f3xx.c **** /**
 147:cube/Src/system_stm32f3xx.c ****   * @}
 148:cube/Src/system_stm32f3xx.c ****   */
 149:cube/Src/system_stm32f3xx.c **** 
 150:cube/Src/system_stm32f3xx.c **** /** @addtogroup STM32F3xx_System_Private_FunctionPrototypes
 151:cube/Src/system_stm32f3xx.c ****   * @{
 152:cube/Src/system_stm32f3xx.c ****   */
 153:cube/Src/system_stm32f3xx.c **** 
 154:cube/Src/system_stm32f3xx.c **** /**
 155:cube/Src/system_stm32f3xx.c ****   * @}
 156:cube/Src/system_stm32f3xx.c ****   */
 157:cube/Src/system_stm32f3xx.c **** 
 158:cube/Src/system_stm32f3xx.c **** /** @addtogroup STM32F3xx_System_Private_Functions
 159:cube/Src/system_stm32f3xx.c ****   * @{
 160:cube/Src/system_stm32f3xx.c ****   */
 161:cube/Src/system_stm32f3xx.c **** 
 162:cube/Src/system_stm32f3xx.c **** /**
 163:cube/Src/system_stm32f3xx.c ****   * @brief  Setup the microcontroller system
 164:cube/Src/system_stm32f3xx.c ****   *         Initialize the FPU setting, vector table location and the PLL configuration is reset.
 165:cube/Src/system_stm32f3xx.c ****   * @param  None
 166:cube/Src/system_stm32f3xx.c ****   * @retval None
 167:cube/Src/system_stm32f3xx.c ****   */
 168:cube/Src/system_stm32f3xx.c **** void SystemInit(void)
 169:cube/Src/system_stm32f3xx.c **** {
  29              		.loc 1 169 1 view -0
  30              		.cfi_startproc
  31              		@ args = 0, pretend = 0, frame = 0
  32              		@ frame_needed = 0, uses_anonymous_args = 0
  33              		@ link register save eliminated.
 170:cube/Src/system_stm32f3xx.c ****   /* FPU settings ------------------------------------------------------------*/
 171:cube/Src/system_stm32f3xx.c ****   #if (__FPU_PRESENT == 1) && (__FPU_USED == 1)
 172:cube/Src/system_stm32f3xx.c ****     SCB->CPACR |= ((3UL << 10*2)|(3UL << 11*2));  /* set CP10 and CP11 Full Access */
  34              		.loc 1 172 5 view .LVU1
  35              		.loc 1 172 16 is_stmt 0 view .LVU2
  36 0000 1549     		ldr	r1, .L2
  37 0002 D1F88830 		ldr	r3, [r1, #136]
  38 0006 43F47003 		orr	r3, r3, #15728640
  39 000a C1F88830 		str	r3, [r1, #136]
 173:cube/Src/system_stm32f3xx.c ****   #endif
 174:cube/Src/system_stm32f3xx.c **** 
 175:cube/Src/system_stm32f3xx.c ****   /* Reset the RCC clock configuration to the default reset state ------------*/
 176:cube/Src/system_stm32f3xx.c ****   /* Set HSION bit */
 177:cube/Src/system_stm32f3xx.c ****   RCC->CR |= 0x00000001U;
  40              		.loc 1 177 3 is_stmt 1 view .LVU3
  41              		.loc 1 177 11 is_stmt 0 view .LVU4
  42 000e 134B     		ldr	r3, .L2+4
  43 0010 1A68     		ldr	r2, [r3]
  44 0012 42F00102 		orr	r2, r2, #1
  45 0016 1A60     		str	r2, [r3]
 178:cube/Src/system_stm32f3xx.c **** 
 179:cube/Src/system_stm32f3xx.c ****   /* Reset CFGR register */
 180:cube/Src/system_stm32f3xx.c ****   RCC->CFGR &= 0xF87FC00CU;
  46              		.loc 1 180 3 is_stmt 1 view .LVU5
  47              		.loc 1 180 13 is_stmt 0 view .LVU6
  48 0018 5868     		ldr	r0, [r3, #4]
  49 001a 114A     		ldr	r2, .L2+8
ARM GAS  C:\Users\Berbardo\AppData\Local\Temp\cc3wpT3y.s 			page 5


  50 001c 0240     		ands	r2, r2, r0
  51 001e 5A60     		str	r2, [r3, #4]
 181:cube/Src/system_stm32f3xx.c **** 
 182:cube/Src/system_stm32f3xx.c ****   /* Reset HSEON, CSSON and PLLON bits */
 183:cube/Src/system_stm32f3xx.c ****   RCC->CR &= 0xFEF6FFFFU;
  52              		.loc 1 183 3 is_stmt 1 view .LVU7
  53              		.loc 1 183 11 is_stmt 0 view .LVU8
  54 0020 1A68     		ldr	r2, [r3]
  55 0022 22F08472 		bic	r2, r2, #17301504
  56 0026 22F48032 		bic	r2, r2, #65536
  57 002a 1A60     		str	r2, [r3]
 184:cube/Src/system_stm32f3xx.c **** 
 185:cube/Src/system_stm32f3xx.c ****   /* Reset HSEBYP bit */
 186:cube/Src/system_stm32f3xx.c ****   RCC->CR &= 0xFFFBFFFFU;
  58              		.loc 1 186 3 is_stmt 1 view .LVU9
  59              		.loc 1 186 11 is_stmt 0 view .LVU10
  60 002c 1A68     		ldr	r2, [r3]
  61 002e 22F48022 		bic	r2, r2, #262144
  62 0032 1A60     		str	r2, [r3]
 187:cube/Src/system_stm32f3xx.c **** 
 188:cube/Src/system_stm32f3xx.c ****   /* Reset PLLSRC, PLLXTPRE, PLLMUL and USBPRE bits */
 189:cube/Src/system_stm32f3xx.c ****   RCC->CFGR &= 0xFF80FFFFU;
  63              		.loc 1 189 3 is_stmt 1 view .LVU11
  64              		.loc 1 189 13 is_stmt 0 view .LVU12
  65 0034 5A68     		ldr	r2, [r3, #4]
  66 0036 22F4FE02 		bic	r2, r2, #8323072
  67 003a 5A60     		str	r2, [r3, #4]
 190:cube/Src/system_stm32f3xx.c **** 
 191:cube/Src/system_stm32f3xx.c ****   /* Reset PREDIV1[3:0] bits */
 192:cube/Src/system_stm32f3xx.c ****   RCC->CFGR2 &= 0xFFFFFFF0U;
  68              		.loc 1 192 3 is_stmt 1 view .LVU13
  69              		.loc 1 192 14 is_stmt 0 view .LVU14
  70 003c DA6A     		ldr	r2, [r3, #44]
  71 003e 22F00F02 		bic	r2, r2, #15
  72 0042 DA62     		str	r2, [r3, #44]
 193:cube/Src/system_stm32f3xx.c **** 
 194:cube/Src/system_stm32f3xx.c ****   /* Reset USARTSW[1:0], I2CSW and TIMs bits */
 195:cube/Src/system_stm32f3xx.c ****   RCC->CFGR3 &= 0xFF00FCCCU;
  73              		.loc 1 195 3 is_stmt 1 view .LVU15
  74              		.loc 1 195 14 is_stmt 0 view .LVU16
  75 0044 186B     		ldr	r0, [r3, #48]
  76 0046 074A     		ldr	r2, .L2+12
  77 0048 0240     		ands	r2, r2, r0
  78 004a 1A63     		str	r2, [r3, #48]
 196:cube/Src/system_stm32f3xx.c **** 
 197:cube/Src/system_stm32f3xx.c ****   /* Disable all interrupts */
 198:cube/Src/system_stm32f3xx.c ****   RCC->CIR = 0x00000000U;
  79              		.loc 1 198 3 is_stmt 1 view .LVU17
  80              		.loc 1 198 12 is_stmt 0 view .LVU18
  81 004c 0022     		movs	r2, #0
  82 004e 9A60     		str	r2, [r3, #8]
 199:cube/Src/system_stm32f3xx.c **** 
 200:cube/Src/system_stm32f3xx.c **** #ifdef VECT_TAB_SRAM
 201:cube/Src/system_stm32f3xx.c ****   SCB->VTOR = SRAM_BASE | VECT_TAB_OFFSET; /* Vector Table Relocation in Internal SRAM */
 202:cube/Src/system_stm32f3xx.c **** #else
 203:cube/Src/system_stm32f3xx.c ****   SCB->VTOR = FLASH_BASE | VECT_TAB_OFFSET; /* Vector Table Relocation in Internal FLASH */
  83              		.loc 1 203 3 is_stmt 1 view .LVU19
ARM GAS  C:\Users\Berbardo\AppData\Local\Temp\cc3wpT3y.s 			page 6


  84              		.loc 1 203 13 is_stmt 0 view .LVU20
  85 0050 4FF00063 		mov	r3, #134217728
  86 0054 8B60     		str	r3, [r1, #8]
 204:cube/Src/system_stm32f3xx.c **** #endif
 205:cube/Src/system_stm32f3xx.c **** }
  87              		.loc 1 205 1 view .LVU21
  88 0056 7047     		bx	lr
  89              	.L3:
  90              		.align	2
  91              	.L2:
  92 0058 00ED00E0 		.word	-536810240
  93 005c 00100240 		.word	1073876992
  94 0060 0CC07FF8 		.word	-125845492
  95 0064 CCFC00FF 		.word	-16712500
  96              		.cfi_endproc
  97              	.LFE126:
  99              		.section	.text.SystemCoreClockUpdate,"ax",%progbits
 100              		.align	1
 101              		.global	SystemCoreClockUpdate
 102              		.syntax unified
 103              		.thumb
 104              		.thumb_func
 105              		.fpu fpv4-sp-d16
 107              	SystemCoreClockUpdate:
 108              	.LFB127:
 206:cube/Src/system_stm32f3xx.c **** 
 207:cube/Src/system_stm32f3xx.c **** /**
 208:cube/Src/system_stm32f3xx.c ****    * @brief  Update SystemCoreClock variable according to Clock Register Values.
 209:cube/Src/system_stm32f3xx.c ****   *         The SystemCoreClock variable contains the core clock (HCLK), it can
 210:cube/Src/system_stm32f3xx.c ****   *         be used by the user application to setup the SysTick timer or configure
 211:cube/Src/system_stm32f3xx.c ****   *         other parameters.
 212:cube/Src/system_stm32f3xx.c ****   *
 213:cube/Src/system_stm32f3xx.c ****   * @note   Each time the core clock (HCLK) changes, this function must be called
 214:cube/Src/system_stm32f3xx.c ****   *         to update SystemCoreClock variable value. Otherwise, any configuration
 215:cube/Src/system_stm32f3xx.c ****   *         based on this variable will be incorrect.
 216:cube/Src/system_stm32f3xx.c ****   *
 217:cube/Src/system_stm32f3xx.c ****   * @note   - The system frequency computed by this function is not the real
 218:cube/Src/system_stm32f3xx.c ****   *           frequency in the chip. It is calculated based on the predefined
 219:cube/Src/system_stm32f3xx.c ****   *           constant and the selected clock source:
 220:cube/Src/system_stm32f3xx.c ****   *
 221:cube/Src/system_stm32f3xx.c ****   *           - If SYSCLK source is HSI, SystemCoreClock will contain the HSI_VALUE(*)
 222:cube/Src/system_stm32f3xx.c ****   *
 223:cube/Src/system_stm32f3xx.c ****   *           - If SYSCLK source is HSE, SystemCoreClock will contain the HSE_VALUE(**)
 224:cube/Src/system_stm32f3xx.c ****   *
 225:cube/Src/system_stm32f3xx.c ****   *           - If SYSCLK source is PLL, SystemCoreClock will contain the HSE_VALUE(**)
 226:cube/Src/system_stm32f3xx.c ****   *             or HSI_VALUE(*) multiplied/divided by the PLL factors.
 227:cube/Src/system_stm32f3xx.c ****   *
 228:cube/Src/system_stm32f3xx.c ****   *         (*) HSI_VALUE is a constant defined in stm32f3xx_hal.h file (default value
 229:cube/Src/system_stm32f3xx.c ****   *             8 MHz) but the real value may vary depending on the variations
 230:cube/Src/system_stm32f3xx.c ****   *             in voltage and temperature.
 231:cube/Src/system_stm32f3xx.c ****   *
 232:cube/Src/system_stm32f3xx.c ****   *         (**) HSE_VALUE is a constant defined in stm32f3xx_hal.h file (default value
 233:cube/Src/system_stm32f3xx.c ****   *              8 MHz), user has to ensure that HSE_VALUE is same as the real
 234:cube/Src/system_stm32f3xx.c ****   *              frequency of the crystal used. Otherwise, this function may
 235:cube/Src/system_stm32f3xx.c ****   *              have wrong result.
 236:cube/Src/system_stm32f3xx.c ****   *
 237:cube/Src/system_stm32f3xx.c ****   *         - The result of this function could be not correct when using fractional
ARM GAS  C:\Users\Berbardo\AppData\Local\Temp\cc3wpT3y.s 			page 7


 238:cube/Src/system_stm32f3xx.c ****   *           value for HSE crystal.
 239:cube/Src/system_stm32f3xx.c ****   *
 240:cube/Src/system_stm32f3xx.c ****   * @param  None
 241:cube/Src/system_stm32f3xx.c ****   * @retval None
 242:cube/Src/system_stm32f3xx.c ****   */
 243:cube/Src/system_stm32f3xx.c **** void SystemCoreClockUpdate (void)
 244:cube/Src/system_stm32f3xx.c **** {
 109              		.loc 1 244 1 is_stmt 1 view -0
 110              		.cfi_startproc
 111              		@ args = 0, pretend = 0, frame = 0
 112              		@ frame_needed = 0, uses_anonymous_args = 0
 113              		@ link register save eliminated.
 245:cube/Src/system_stm32f3xx.c ****   uint32_t tmp = 0, pllmull = 0, pllsource = 0, predivfactor = 0;
 114              		.loc 1 245 3 view .LVU23
 115              	.LVL0:
 246:cube/Src/system_stm32f3xx.c **** 
 247:cube/Src/system_stm32f3xx.c ****   /* Get SYSCLK source -------------------------------------------------------*/
 248:cube/Src/system_stm32f3xx.c ****   tmp = RCC->CFGR & RCC_CFGR_SWS;
 116              		.loc 1 248 3 view .LVU24
 117              		.loc 1 248 12 is_stmt 0 view .LVU25
 118 0000 1E4B     		ldr	r3, .L12
 119 0002 5B68     		ldr	r3, [r3, #4]
 120              		.loc 1 248 7 view .LVU26
 121 0004 03F00C03 		and	r3, r3, #12
 122              	.LVL1:
 249:cube/Src/system_stm32f3xx.c **** 
 250:cube/Src/system_stm32f3xx.c ****   switch (tmp)
 123              		.loc 1 250 3 is_stmt 1 view .LVU27
 124 0008 042B     		cmp	r3, #4
 125 000a 14D0     		beq	.L5
 126 000c 082B     		cmp	r3, #8
 127 000e 16D0     		beq	.L6
 128 0010 1BB1     		cbz	r3, .L10
 251:cube/Src/system_stm32f3xx.c ****   {
 252:cube/Src/system_stm32f3xx.c ****     case RCC_CFGR_SWS_HSI:  /* HSI used as system clock */
 253:cube/Src/system_stm32f3xx.c ****       SystemCoreClock = HSI_VALUE;
 254:cube/Src/system_stm32f3xx.c ****       break;
 255:cube/Src/system_stm32f3xx.c ****     case RCC_CFGR_SWS_HSE:  /* HSE used as system clock */
 256:cube/Src/system_stm32f3xx.c ****       SystemCoreClock = HSE_VALUE;
 257:cube/Src/system_stm32f3xx.c ****       break;
 258:cube/Src/system_stm32f3xx.c ****     case RCC_CFGR_SWS_PLL:  /* PLL used as system clock */
 259:cube/Src/system_stm32f3xx.c ****       /* Get PLL clock source and multiplication factor ----------------------*/
 260:cube/Src/system_stm32f3xx.c ****       pllmull = RCC->CFGR & RCC_CFGR_PLLMUL;
 261:cube/Src/system_stm32f3xx.c ****       pllsource = RCC->CFGR & RCC_CFGR_PLLSRC;
 262:cube/Src/system_stm32f3xx.c ****       pllmull = ( pllmull >> 18) + 2;
 263:cube/Src/system_stm32f3xx.c **** 
 264:cube/Src/system_stm32f3xx.c **** #if defined (STM32F302xE) || defined (STM32F303xE) || defined (STM32F398xx)
 265:cube/Src/system_stm32f3xx.c ****         predivfactor = (RCC->CFGR2 & RCC_CFGR2_PREDIV) + 1;
 266:cube/Src/system_stm32f3xx.c ****       if (pllsource == RCC_CFGR_PLLSRC_HSE_PREDIV)
 267:cube/Src/system_stm32f3xx.c ****       {
 268:cube/Src/system_stm32f3xx.c ****         /* HSE oscillator clock selected as PREDIV1 clock entry */
 269:cube/Src/system_stm32f3xx.c ****         SystemCoreClock = (HSE_VALUE / predivfactor) * pllmull;
 270:cube/Src/system_stm32f3xx.c ****       }
 271:cube/Src/system_stm32f3xx.c ****       else
 272:cube/Src/system_stm32f3xx.c ****       {
 273:cube/Src/system_stm32f3xx.c ****         /* HSI oscillator clock selected as PREDIV1 clock entry */
 274:cube/Src/system_stm32f3xx.c ****         SystemCoreClock = (HSI_VALUE / predivfactor) * pllmull;
ARM GAS  C:\Users\Berbardo\AppData\Local\Temp\cc3wpT3y.s 			page 8


 275:cube/Src/system_stm32f3xx.c ****       }
 276:cube/Src/system_stm32f3xx.c **** #else      
 277:cube/Src/system_stm32f3xx.c ****       if (pllsource == RCC_CFGR_PLLSRC_HSI_DIV2)
 278:cube/Src/system_stm32f3xx.c ****       {
 279:cube/Src/system_stm32f3xx.c ****         /* HSI oscillator clock divided by 2 selected as PLL clock entry */
 280:cube/Src/system_stm32f3xx.c ****         SystemCoreClock = (HSI_VALUE >> 1) * pllmull;
 281:cube/Src/system_stm32f3xx.c ****       }
 282:cube/Src/system_stm32f3xx.c ****       else
 283:cube/Src/system_stm32f3xx.c ****       {
 284:cube/Src/system_stm32f3xx.c ****         predivfactor = (RCC->CFGR2 & RCC_CFGR2_PREDIV) + 1;
 285:cube/Src/system_stm32f3xx.c ****         /* HSE oscillator clock selected as PREDIV1 clock entry */
 286:cube/Src/system_stm32f3xx.c ****         SystemCoreClock = (HSE_VALUE / predivfactor) * pllmull;
 287:cube/Src/system_stm32f3xx.c ****       }
 288:cube/Src/system_stm32f3xx.c **** #endif /* STM32F302xE || STM32F303xE || STM32F398xx */
 289:cube/Src/system_stm32f3xx.c ****       break;
 290:cube/Src/system_stm32f3xx.c ****     default: /* HSI used as system clock */
 291:cube/Src/system_stm32f3xx.c ****       SystemCoreClock = HSI_VALUE;
 129              		.loc 1 291 7 view .LVU28
 130              		.loc 1 291 23 is_stmt 0 view .LVU29
 131 0012 1B4B     		ldr	r3, .L12+4
 132              	.LVL2:
 133              		.loc 1 291 23 view .LVU30
 134 0014 1B4A     		ldr	r2, .L12+8
 135 0016 1A60     		str	r2, [r3]
 292:cube/Src/system_stm32f3xx.c ****       break;
 136              		.loc 1 292 7 is_stmt 1 view .LVU31
 137 0018 02E0     		b	.L8
 138              	.LVL3:
 139              	.L10:
 253:cube/Src/system_stm32f3xx.c ****       break;
 140              		.loc 1 253 7 view .LVU32
 253:cube/Src/system_stm32f3xx.c ****       break;
 141              		.loc 1 253 23 is_stmt 0 view .LVU33
 142 001a 194B     		ldr	r3, .L12+4
 143              	.LVL4:
 253:cube/Src/system_stm32f3xx.c ****       break;
 144              		.loc 1 253 23 view .LVU34
 145 001c 194A     		ldr	r2, .L12+8
 146 001e 1A60     		str	r2, [r3]
 254:cube/Src/system_stm32f3xx.c ****     case RCC_CFGR_SWS_HSE:  /* HSE used as system clock */
 147              		.loc 1 254 7 is_stmt 1 view .LVU35
 148              	.LVL5:
 149              	.L8:
 293:cube/Src/system_stm32f3xx.c ****   }
 294:cube/Src/system_stm32f3xx.c ****   /* Compute HCLK clock frequency ----------------*/
 295:cube/Src/system_stm32f3xx.c ****   /* Get HCLK prescaler */
 296:cube/Src/system_stm32f3xx.c ****   tmp = AHBPrescTable[((RCC->CFGR & RCC_CFGR_HPRE) >> 4)];
 150              		.loc 1 296 3 view .LVU36
 151              		.loc 1 296 28 is_stmt 0 view .LVU37
 152 0020 164B     		ldr	r3, .L12
 153 0022 5B68     		ldr	r3, [r3, #4]
 154              		.loc 1 296 52 view .LVU38
 155 0024 C3F30313 		ubfx	r3, r3, #4, #4
 156              		.loc 1 296 22 view .LVU39
 157 0028 174A     		ldr	r2, .L12+12
 158 002a D15C     		ldrb	r1, [r2, r3]	@ zero_extendqisi2
 159              	.LVL6:
ARM GAS  C:\Users\Berbardo\AppData\Local\Temp\cc3wpT3y.s 			page 9


 297:cube/Src/system_stm32f3xx.c ****   /* HCLK clock frequency */
 298:cube/Src/system_stm32f3xx.c ****   SystemCoreClock >>= tmp;
 160              		.loc 1 298 3 is_stmt 1 view .LVU40
 161              		.loc 1 298 19 is_stmt 0 view .LVU41
 162 002c 144A     		ldr	r2, .L12+4
 163 002e 1368     		ldr	r3, [r2]
 164 0030 CB40     		lsrs	r3, r3, r1
 165 0032 1360     		str	r3, [r2]
 299:cube/Src/system_stm32f3xx.c **** }
 166              		.loc 1 299 1 view .LVU42
 167 0034 7047     		bx	lr
 168              	.LVL7:
 169              	.L5:
 256:cube/Src/system_stm32f3xx.c ****       break;
 170              		.loc 1 256 7 is_stmt 1 view .LVU43
 256:cube/Src/system_stm32f3xx.c ****       break;
 171              		.loc 1 256 23 is_stmt 0 view .LVU44
 172 0036 124B     		ldr	r3, .L12+4
 173              	.LVL8:
 256:cube/Src/system_stm32f3xx.c ****       break;
 174              		.loc 1 256 23 view .LVU45
 175 0038 124A     		ldr	r2, .L12+8
 176 003a 1A60     		str	r2, [r3]
 257:cube/Src/system_stm32f3xx.c ****     case RCC_CFGR_SWS_PLL:  /* PLL used as system clock */
 177              		.loc 1 257 7 is_stmt 1 view .LVU46
 178 003c F0E7     		b	.L8
 179              	.LVL9:
 180              	.L6:
 260:cube/Src/system_stm32f3xx.c ****       pllsource = RCC->CFGR & RCC_CFGR_PLLSRC;
 181              		.loc 1 260 7 view .LVU47
 260:cube/Src/system_stm32f3xx.c ****       pllsource = RCC->CFGR & RCC_CFGR_PLLSRC;
 182              		.loc 1 260 20 is_stmt 0 view .LVU48
 183 003e 0F4A     		ldr	r2, .L12
 184 0040 5368     		ldr	r3, [r2, #4]
 185              	.LVL10:
 261:cube/Src/system_stm32f3xx.c ****       pllmull = ( pllmull >> 18) + 2;
 186              		.loc 1 261 7 is_stmt 1 view .LVU49
 261:cube/Src/system_stm32f3xx.c ****       pllmull = ( pllmull >> 18) + 2;
 187              		.loc 1 261 22 is_stmt 0 view .LVU50
 188 0042 5168     		ldr	r1, [r2, #4]
 261:cube/Src/system_stm32f3xx.c ****       pllmull = ( pllmull >> 18) + 2;
 189              		.loc 1 261 17 view .LVU51
 190 0044 01F4C031 		and	r1, r1, #98304
 191              	.LVL11:
 262:cube/Src/system_stm32f3xx.c **** 
 192              		.loc 1 262 7 is_stmt 1 view .LVU52
 262:cube/Src/system_stm32f3xx.c **** 
 193              		.loc 1 262 27 is_stmt 0 view .LVU53
 194 0048 C3F38343 		ubfx	r3, r3, #18, #4
 195              	.LVL12:
 262:cube/Src/system_stm32f3xx.c **** 
 196              		.loc 1 262 15 view .LVU54
 197 004c 0233     		adds	r3, r3, #2
 198              	.LVL13:
 265:cube/Src/system_stm32f3xx.c ****       if (pllsource == RCC_CFGR_PLLSRC_HSE_PREDIV)
 199              		.loc 1 265 9 is_stmt 1 view .LVU55
 265:cube/Src/system_stm32f3xx.c ****       if (pllsource == RCC_CFGR_PLLSRC_HSE_PREDIV)
ARM GAS  C:\Users\Berbardo\AppData\Local\Temp\cc3wpT3y.s 			page 10


 200              		.loc 1 265 28 is_stmt 0 view .LVU56
 201 004e D26A     		ldr	r2, [r2, #44]
 265:cube/Src/system_stm32f3xx.c ****       if (pllsource == RCC_CFGR_PLLSRC_HSE_PREDIV)
 202              		.loc 1 265 36 view .LVU57
 203 0050 02F00F02 		and	r2, r2, #15
 265:cube/Src/system_stm32f3xx.c ****       if (pllsource == RCC_CFGR_PLLSRC_HSE_PREDIV)
 204              		.loc 1 265 22 view .LVU58
 205 0054 0132     		adds	r2, r2, #1
 206              	.LVL14:
 266:cube/Src/system_stm32f3xx.c ****       {
 207              		.loc 1 266 7 is_stmt 1 view .LVU59
 266:cube/Src/system_stm32f3xx.c ****       {
 208              		.loc 1 266 10 is_stmt 0 view .LVU60
 209 0056 B1F5803F 		cmp	r1, #65536
 210 005a 07D0     		beq	.L11
 274:cube/Src/system_stm32f3xx.c ****       }
 211              		.loc 1 274 9 is_stmt 1 view .LVU61
 274:cube/Src/system_stm32f3xx.c ****       }
 212              		.loc 1 274 38 is_stmt 0 view .LVU62
 213 005c 0949     		ldr	r1, .L12+8
 214              	.LVL15:
 274:cube/Src/system_stm32f3xx.c ****       }
 215              		.loc 1 274 38 view .LVU63
 216 005e B1FBF2F2 		udiv	r2, r1, r2
 217              	.LVL16:
 274:cube/Src/system_stm32f3xx.c ****       }
 218              		.loc 1 274 54 view .LVU64
 219 0062 03FB02F3 		mul	r3, r3, r2
 220              	.LVL17:
 274:cube/Src/system_stm32f3xx.c ****       }
 221              		.loc 1 274 25 view .LVU65
 222 0066 064A     		ldr	r2, .L12+4
 223 0068 1360     		str	r3, [r2]
 224 006a D9E7     		b	.L8
 225              	.LVL18:
 226              	.L11:
 269:cube/Src/system_stm32f3xx.c ****       }
 227              		.loc 1 269 9 is_stmt 1 view .LVU66
 269:cube/Src/system_stm32f3xx.c ****       }
 228              		.loc 1 269 38 is_stmt 0 view .LVU67
 229 006c 0549     		ldr	r1, .L12+8
 230              	.LVL19:
 269:cube/Src/system_stm32f3xx.c ****       }
 231              		.loc 1 269 38 view .LVU68
 232 006e B1FBF2F2 		udiv	r2, r1, r2
 233              	.LVL20:
 269:cube/Src/system_stm32f3xx.c ****       }
 234              		.loc 1 269 54 view .LVU69
 235 0072 03FB02F3 		mul	r3, r3, r2
 236              	.LVL21:
 269:cube/Src/system_stm32f3xx.c ****       }
 237              		.loc 1 269 25 view .LVU70
 238 0076 024A     		ldr	r2, .L12+4
 239 0078 1360     		str	r3, [r2]
 240 007a D1E7     		b	.L8
 241              	.L13:
 242              		.align	2
ARM GAS  C:\Users\Berbardo\AppData\Local\Temp\cc3wpT3y.s 			page 11


 243              	.L12:
 244 007c 00100240 		.word	1073876992
 245 0080 00000000 		.word	.LANCHOR0
 246 0084 00127A00 		.word	8000000
 247 0088 00000000 		.word	.LANCHOR1
 248              		.cfi_endproc
 249              	.LFE127:
 251              		.global	APBPrescTable
 252              		.global	AHBPrescTable
 253              		.global	SystemCoreClock
 254              		.section	.data.SystemCoreClock,"aw"
 255              		.align	2
 256              		.set	.LANCHOR0,. + 0
 259              	SystemCoreClock:
 260 0000 00127A00 		.word	8000000
 261              		.section	.rodata.AHBPrescTable,"a"
 262              		.align	2
 263              		.set	.LANCHOR1,. + 0
 266              	AHBPrescTable:
 267 0000 00       		.byte	0
 268 0001 00       		.byte	0
 269 0002 00       		.byte	0
 270 0003 00       		.byte	0
 271 0004 00       		.byte	0
 272 0005 00       		.byte	0
 273 0006 00       		.byte	0
 274 0007 00       		.byte	0
 275 0008 01       		.byte	1
 276 0009 02       		.byte	2
 277 000a 03       		.byte	3
 278 000b 04       		.byte	4
 279 000c 06       		.byte	6
 280 000d 07       		.byte	7
 281 000e 08       		.byte	8
 282 000f 09       		.byte	9
 283              		.section	.rodata.APBPrescTable,"a"
 284              		.align	2
 287              	APBPrescTable:
 288 0000 00       		.byte	0
 289 0001 00       		.byte	0
 290 0002 00       		.byte	0
 291 0003 00       		.byte	0
 292 0004 01       		.byte	1
 293 0005 02       		.byte	2
 294 0006 03       		.byte	3
 295 0007 04       		.byte	4
 296              		.text
 297              	.Letext0:
 298              		.file 2 "c:\\program files (x86)\\gnu tools arm embedded\\8 2019-q3-update\\arm-none-eabi\\include
 299              		.file 3 "c:\\program files (x86)\\gnu tools arm embedded\\8 2019-q3-update\\arm-none-eabi\\include
 300              		.file 4 "cube/Drivers/CMSIS/Include/core_cm4.h"
 301              		.file 5 "cube/Drivers/CMSIS/Device/ST/STM32F3xx/Include/system_stm32f3xx.h"
 302              		.file 6 "cube/Drivers/CMSIS/Device/ST/STM32F3xx/Include/stm32f303xe.h"
 303              		.file 7 "c:\\program files (x86)\\gnu tools arm embedded\\8 2019-q3-update\\lib\\gcc\\arm-none-eab
 304              		.file 8 "c:\\program files (x86)\\gnu tools arm embedded\\8 2019-q3-update\\arm-none-eabi\\include
 305              		.file 9 "c:\\program files (x86)\\gnu tools arm embedded\\8 2019-q3-update\\arm-none-eabi\\include
 306              		.file 10 "c:\\program files (x86)\\gnu tools arm embedded\\8 2019-q3-update\\arm-none-eabi\\includ
ARM GAS  C:\Users\Berbardo\AppData\Local\Temp\cc3wpT3y.s 			page 12


 307              		.file 11 "cube/Drivers/STM32F3xx_HAL_Driver/Inc/stm32f3xx_hal.h"
ARM GAS  C:\Users\Berbardo\AppData\Local\Temp\cc3wpT3y.s 			page 13


DEFINED SYMBOLS
                            *ABS*:00000000 system_stm32f3xx.c
C:\Users\Berbardo\AppData\Local\Temp\cc3wpT3y.s:18     .text.SystemInit:00000000 $t
C:\Users\Berbardo\AppData\Local\Temp\cc3wpT3y.s:26     .text.SystemInit:00000000 SystemInit
C:\Users\Berbardo\AppData\Local\Temp\cc3wpT3y.s:92     .text.SystemInit:00000058 $d
C:\Users\Berbardo\AppData\Local\Temp\cc3wpT3y.s:100    .text.SystemCoreClockUpdate:00000000 $t
C:\Users\Berbardo\AppData\Local\Temp\cc3wpT3y.s:107    .text.SystemCoreClockUpdate:00000000 SystemCoreClockUpdate
C:\Users\Berbardo\AppData\Local\Temp\cc3wpT3y.s:244    .text.SystemCoreClockUpdate:0000007c $d
C:\Users\Berbardo\AppData\Local\Temp\cc3wpT3y.s:287    .rodata.APBPrescTable:00000000 APBPrescTable
C:\Users\Berbardo\AppData\Local\Temp\cc3wpT3y.s:266    .rodata.AHBPrescTable:00000000 AHBPrescTable
C:\Users\Berbardo\AppData\Local\Temp\cc3wpT3y.s:259    .data.SystemCoreClock:00000000 SystemCoreClock
C:\Users\Berbardo\AppData\Local\Temp\cc3wpT3y.s:255    .data.SystemCoreClock:00000000 $d
C:\Users\Berbardo\AppData\Local\Temp\cc3wpT3y.s:262    .rodata.AHBPrescTable:00000000 $d
C:\Users\Berbardo\AppData\Local\Temp\cc3wpT3y.s:284    .rodata.APBPrescTable:00000000 $d
                           .group:00000000 wm4.0.cbadcd7125b439f63d13d43ae17ce4cb
                           .group:00000000 wm4.target_vl53l1_1.h.12.551c1b90918b951c5224feb9b75565bd
                           .group:00000000 wm4.stm32f3xx.h.55.fe34e0340b06ab20c90f3cf1d792e0eb
                           .group:00000000 wm4.stm32f303xe.h.51.65501469ddbb8a3dac94b2f9d61c4e79
                           .group:00000000 wm4._newlib_version.h.4.9ba035841e762c3308916a0ce96032e7
                           .group:00000000 wm4.features.h.33.d0b7f3cd6ee95f610104014bb3ed522a
                           .group:00000000 wm4._default_types.h.15.247e5cd201eca3442cbf5404108c4935
                           .group:00000000 wm4._intsup.h.10.48bafbb683905c4daa4565a85aeeb264
                           .group:00000000 wm4._stdint.h.10.c24fa3af3bc1706662bb5593a907e841
                           .group:00000000 wm4.stdint.h.23.d53047a68f4a85177f80b422d52785ed
                           .group:00000000 wm4.core_cm4.h.74.09ac1776756364a5a5d23084aa23e459
                           .group:00000000 wm4.cmsis_gcc.h.36.39970cb43ce4b53c82644a1f9bc2eab9
                           .group:00000000 wm4.core_cm4.h.223.390ff9b0e06949b13520d8b6746f63e8
                           .group:00000000 wm4.stm32f303xe.h.787.6957ba193b5d3b55f4f9c444bc42cb63
                           .group:00000000 wm4.stm32f3xx.h.191.245d83eb21a6c69e2950c577a7134277
                           .group:00000000 wm4.stm32f3xx_hal_conf.h.37.cb1c9cb802da867d86527a1477311c20
                           .group:00000000 wm4.newlib.h.8.f6e543eac3f2f65163ba2ffe3b04987b
                           .group:00000000 wm4.ieeefp.h.77.5499ed899a78229fbaf6d102924f4714
                           .group:00000000 wm4.config.h.224.c701144a7b0518c6ee9b9b5465b79f81
                           .group:00000000 wm4._ansi.h.31.de524f58584151836e90d8620a16f8e8
                           .group:00000000 wm4.stdio.h.31.7c0e28c411445f3f9c5b11accf882760
                           .group:00000000 wm4.stddef.h.187.2ff233552538c6ff9b8575ca8ea52cb3
                           .group:00000000 wm4.cdefs.h.49.6260d97adb8d27534cbdc0f868b8ea87
                           .group:00000000 wm4.stddef.h.39.ec95e8feac892e292b69dc7ae75b0d64
                           .group:00000000 wm4.stdarg.h.34.3a23a216c0c293b3d2ea2e89281481e6
                           .group:00000000 wm4._types.h.20.dd0d04dca3800a0d2a6129b87f3adbb2
                           .group:00000000 wm4.stddef.h.161.5349cb105733e8777bfb0cf53c4e3f34
                           .group:00000000 wm4._types.h.127.34941de1b2539d59d5cac00e0dd27a45
                           .group:00000000 wm4.reent.h.17.e292bf8b0bec6c96e131a54347145a30
                           .group:00000000 wm4.lock.h.2.1461d1fff82dffe8bfddc23307f6484f
                           .group:00000000 wm4.reent.h.77.dcd6129ff07fe81bd5636db29abe53b2
                           .group:00000000 wm4.types.h.40.c2dcbbb5c1f4f0e5cb716ebf7776da48
                           .group:00000000 wm4.stdio.h.2.4aa87247282eca6c8f36f9de33d8df1a
                           .group:00000000 wm4.stdio.h.81.2a55589bfa3ee24eeb84e3c79458e4a9
                           .group:00000000 wm4.stm32f3xx_hal_def.h.76.500c7c9bfcb8d4adebf82d1af27ff044
                           .group:00000000 wm4.stm32f3xx_hal_rcc.h.64.06cc24fd94394ddd03725d84823331b1
                           .group:00000000 wm4.stm32f3xx_hal_rcc_ex.h.38.96615d6f3e5897bb79454968f7fc6c86
                           .group:00000000 wm4.stm32f3xx_hal_gpio.h.38.11db931fcbf37182e25c3927ddf6e8ba
                           .group:00000000 wm4.stm32f3xx_hal_gpio_ex.h.38.46a6c05d651e2a032ac66cebe63916b8
                           .group:00000000 wm4.stm32f3xx_hal_dma.h.38.61966c780efd486aa451ae49ca247997
                           .group:00000000 wm4.stm32f3xx_hal_dma_ex.h.38.195e7d437d9280b9f4e6bae0fa00db04
                           .group:00000000 wm4.stm32f3xx_hal_dma.h.423.83da80eb3e6ae96f050d0c5e4b55e4b9
                           .group:00000000 wm4.stm32f3xx_hal_cortex.h.38.c5c1d06be9dad8e7837dbe16f3535233
ARM GAS  C:\Users\Berbardo\AppData\Local\Temp\cc3wpT3y.s 			page 14


                           .group:00000000 wm4.stm32f3xx_hal_flash.h.38.2b4c202390dfbe69a578ce118ab4d799
                           .group:00000000 wm4.stm32f3xx_hal_flash_ex.h.38.65931ad4b848f69ba672eb38b2753615
                           .group:00000000 wm4.stm32f3xx_hal_i2c.h.38.e3750f5f029ebf729a7cf07e85cad615
                           .group:00000000 wm4.stm32f3xx_hal_i2c_ex.h.38.bdd47c8bc2d21749d9fd72e6b8484890
                           .group:00000000 wm4.stm32f3xx_hal_i2c.h.626.05cba3c85b66bb4631bfd2ebbfab1b06
                           .group:00000000 wm4.stm32f3xx_hal_pwr.h.38.efb6ce75a5c12d6b2c7c914e7a94ec2b
                           .group:00000000 wm4.stm32f3xx_hal_pwr_ex.h.38.d228edc56905d96af2d831d3c8e0487a
                           .group:00000000 wm4.stm32f3xx_hal.h.60.11e72be277d7cf245b56360bacde3327

NO UNDEFINED SYMBOLS
