ARM GAS  C:\Users\Berbardo\AppData\Local\Temp\cc4sB6b3.s 			page 1


   1              		.cpu cortex-m4
   2              		.eabi_attribute 27, 1
   3              		.eabi_attribute 28, 1
   4              		.eabi_attribute 20, 1
   5              		.eabi_attribute 21, 1
   6              		.eabi_attribute 23, 3
   7              		.eabi_attribute 24, 1
   8              		.eabi_attribute 25, 1
   9              		.eabi_attribute 26, 1
  10              		.eabi_attribute 30, 1
  11              		.eabi_attribute 34, 1
  12              		.eabi_attribute 18, 4
  13              		.file	"main.c"
  14              		.text
  15              	.Ltext0:
  16              		.cfi_sections	.debug_frame
  17              		.section	.text.main,"ax",%progbits
  18              		.align	1
  19              		.global	main
  20              		.arch armv7e-m
  21              		.syntax unified
  22              		.thumb
  23              		.thumb_func
  24              		.fpu fpv4-sp-d16
  26              	main:
  27              	.LFB0:
  28              		.file 1 "src/main.c"
   1:src/main.c    **** /**
   2:src/main.c    ****  * @file main.c
   3:src/main.c    ****  *
   4:src/main.c    ****  * @brief Main Function.
   5:src/main.c    ****  *
   6:src/main.c    ****  * @author Bernardo Coutinho <bernardo.coutinho@thunderatz.org>
   7:src/main.c    ****  *
   8:src/main.c    ****  * @date 12/2019
   9:src/main.c    ****  */
  10:src/main.c    **** 
  11:src/main.c    **** #include "adapter_example.h"
  12:src/main.c    **** 
  13:src/main.c    **** static uint16_t measured_distance[DS_AMOUNT];
  14:src/main.c    **** 
  15:src/main.c    **** /*****************************************
  16:src/main.c    ****  * Main Function
  17:src/main.c    ****  *****************************************/
  18:src/main.c    **** 
  19:src/main.c    **** int main() {
  29              		.loc 1 19 12 view -0
  30              		.cfi_startproc
  31              		@ args = 0, pretend = 0, frame = 0
  32              		@ frame_needed = 0, uses_anonymous_args = 0
  33 0000 10B5     		push	{r4, lr}
  34              		.cfi_def_cfa_offset 8
  35              		.cfi_offset 4, -8
  36              		.cfi_offset 14, -4
  20:src/main.c    ****     distance_sensors_adapter_init();
  37              		.loc 1 20 5 view .LVU1
  38 0002 FFF7FEFF 		bl	distance_sensors_adapter_init
ARM GAS  C:\Users\Berbardo\AppData\Local\Temp\cc4sB6b3.s 			page 2


  39              	.LVL0:
  40              	.L4:
  21:src/main.c    **** 
  22:src/main.c    ****     for (;;) {
  41              		.loc 1 22 5 view .LVU2
  23:src/main.c    ****         distance_sensors_adapter_update();
  42              		.loc 1 23 9 view .LVU3
  43 0006 FFF7FEFF 		bl	distance_sensors_adapter_update
  44              	.LVL1:
  24:src/main.c    **** 
  25:src/main.c    ****         for (distance_sensor_position_t sensor_position = DS_FRONT_LEFT; sensor_position < DS_AMOUN
  45              		.loc 1 25 9 view .LVU4
  46              	.LBB2:
  47              		.loc 1 25 14 view .LVU5
  48              		.loc 1 25 41 is_stmt 0 view .LVU6
  49 000a 0024     		movs	r4, #0
  50              	.LVL2:
  51              	.L2:
  52              		.loc 1 25 9 discriminator 1 view .LVU7
  53 000c 022C     		cmp	r4, #2
  54 000e FAD8     		bhi	.L4
  26:src/main.c    ****             measured_distance[(int) sensor_position] = distance_sensors_adapter_get(sensor_position
  55              		.loc 1 26 13 is_stmt 1 discriminator 3 view .LVU8
  56              		.loc 1 26 56 is_stmt 0 discriminator 3 view .LVU9
  57 0010 2046     		mov	r0, r4
  58 0012 FFF7FEFF 		bl	distance_sensors_adapter_get
  59              	.LVL3:
  25:src/main.c    ****             measured_distance[(int) sensor_position] = distance_sensors_adapter_get(sensor_position
  60              		.loc 1 25 118 discriminator 3 view .LVU10
  61 0016 0134     		adds	r4, r4, #1
  62              	.LVL4:
  25:src/main.c    ****             measured_distance[(int) sensor_position] = distance_sensors_adapter_get(sensor_position
  63              		.loc 1 25 118 discriminator 3 view .LVU11
  64 0018 E4B2     		uxtb	r4, r4
  65              	.LVL5:
  25:src/main.c    ****             measured_distance[(int) sensor_position] = distance_sensors_adapter_get(sensor_position
  66              		.loc 1 25 118 discriminator 3 view .LVU12
  67 001a F7E7     		b	.L2
  68              	.LBE2:
  69              		.cfi_endproc
  70              	.LFE0:
  72              		.text
  73              	.Letext0:
  74              		.file 2 "c:\\program files (x86)\\gnu tools arm embedded\\8 2019-q3-update\\arm-none-eabi\\include
  75              		.file 3 "c:\\program files (x86)\\gnu tools arm embedded\\8 2019-q3-update\\arm-none-eabi\\include
  76              		.file 4 "inc/adapter_example.h"
ARM GAS  C:\Users\Berbardo\AppData\Local\Temp\cc4sB6b3.s 			page 3


DEFINED SYMBOLS
                            *ABS*:00000000 main.c
C:\Users\Berbardo\AppData\Local\Temp\cc4sB6b3.s:18     .text.main:00000000 $t
C:\Users\Berbardo\AppData\Local\Temp\cc4sB6b3.s:26     .text.main:00000000 main
                           .group:00000000 wm4.0.cbadcd7125b439f63d13d43ae17ce4cb
                           .group:00000000 wm4.target_vl53l1_1.h.12.551c1b90918b951c5224feb9b75565bd
                           .group:00000000 wm4._newlib_version.h.4.9ba035841e762c3308916a0ce96032e7
                           .group:00000000 wm4.features.h.33.d0b7f3cd6ee95f610104014bb3ed522a
                           .group:00000000 wm4._default_types.h.15.247e5cd201eca3442cbf5404108c4935
                           .group:00000000 wm4._intsup.h.10.48bafbb683905c4daa4565a85aeeb264
                           .group:00000000 wm4._stdint.h.10.c24fa3af3bc1706662bb5593a907e841
                           .group:00000000 wm4.stdint.h.23.d53047a68f4a85177f80b422d52785ed
                           .group:00000000 wm4.stdbool.h.29.07dce69c3b78884144b7f7bd19483461

UNDEFINED SYMBOLS
distance_sensors_adapter_init
distance_sensors_adapter_update
distance_sensors_adapter_get
