ARM GAS  C:\Users\Berbardo\AppData\Local\Temp\ccC19M0C.s 			page 1


   1              		.cpu cortex-m4
   2              		.eabi_attribute 27, 1
   3              		.eabi_attribute 28, 1
   4              		.eabi_attribute 20, 1
   5              		.eabi_attribute 21, 1
   6              		.eabi_attribute 23, 3
   7              		.eabi_attribute 24, 1
   8              		.eabi_attribute 25, 1
   9              		.eabi_attribute 26, 1
  10              		.eabi_attribute 30, 1
  11              		.eabi_attribute 34, 1
  12              		.eabi_attribute 18, 4
  13              		.file	"vl53l1_api_debug.c"
  14              		.text
  15              	.Ltext0:
  16              		.cfi_sections	.debug_frame
  17              		.section	.text.VL53L1_get_additional_data,"ax",%progbits
  18              		.align	1
  19              		.global	VL53L1_get_additional_data
  20              		.arch armv7e-m
  21              		.syntax unified
  22              		.thumb
  23              		.thumb_func
  24              		.fpu fpv4-sp-d16
  26              	VL53L1_get_additional_data:
  27              	.LVL0:
  28              	.LFB126:
  29              		.file 1 "D:/Git/VL53L1/lib/core/src/vl53l1_api_debug.c"
   1:D:/Git/VL53L1/lib/core/src\vl53l1_api_debug.c **** /*
   2:D:/Git/VL53L1/lib/core/src\vl53l1_api_debug.c **** * Copyright (c) 2017, STMicroelectronics - All Rights Reserved
   3:D:/Git/VL53L1/lib/core/src\vl53l1_api_debug.c **** *
   4:D:/Git/VL53L1/lib/core/src\vl53l1_api_debug.c **** * This file is part of VL53L1 Core and is dual licensed,
   5:D:/Git/VL53L1/lib/core/src\vl53l1_api_debug.c **** * either 'STMicroelectronics
   6:D:/Git/VL53L1/lib/core/src\vl53l1_api_debug.c **** * Proprietary license'
   7:D:/Git/VL53L1/lib/core/src\vl53l1_api_debug.c **** * or 'BSD 3-clause "New" or "Revised" License' , at your option.
   8:D:/Git/VL53L1/lib/core/src\vl53l1_api_debug.c **** *
   9:D:/Git/VL53L1/lib/core/src\vl53l1_api_debug.c **** ********************************************************************************
  10:D:/Git/VL53L1/lib/core/src\vl53l1_api_debug.c **** *
  11:D:/Git/VL53L1/lib/core/src\vl53l1_api_debug.c **** * 'STMicroelectronics Proprietary license'
  12:D:/Git/VL53L1/lib/core/src\vl53l1_api_debug.c **** *
  13:D:/Git/VL53L1/lib/core/src\vl53l1_api_debug.c **** ********************************************************************************
  14:D:/Git/VL53L1/lib/core/src\vl53l1_api_debug.c **** *
  15:D:/Git/VL53L1/lib/core/src\vl53l1_api_debug.c **** * License terms: STMicroelectronics Proprietary in accordance with licensing
  16:D:/Git/VL53L1/lib/core/src\vl53l1_api_debug.c **** * terms at www.st.com/sla0081
  17:D:/Git/VL53L1/lib/core/src\vl53l1_api_debug.c **** *
  18:D:/Git/VL53L1/lib/core/src\vl53l1_api_debug.c **** * STMicroelectronics confidential
  19:D:/Git/VL53L1/lib/core/src\vl53l1_api_debug.c **** * Reproduction and Communication of this document is strictly prohibited unless
  20:D:/Git/VL53L1/lib/core/src\vl53l1_api_debug.c **** * specifically authorized in writing by STMicroelectronics.
  21:D:/Git/VL53L1/lib/core/src\vl53l1_api_debug.c **** *
  22:D:/Git/VL53L1/lib/core/src\vl53l1_api_debug.c **** *
  23:D:/Git/VL53L1/lib/core/src\vl53l1_api_debug.c **** ********************************************************************************
  24:D:/Git/VL53L1/lib/core/src\vl53l1_api_debug.c **** *
  25:D:/Git/VL53L1/lib/core/src\vl53l1_api_debug.c **** * Alternatively, VL53L1 Core may be distributed under the terms of
  26:D:/Git/VL53L1/lib/core/src\vl53l1_api_debug.c **** * 'BSD 3-clause "New" or "Revised" License', in which case the following
  27:D:/Git/VL53L1/lib/core/src\vl53l1_api_debug.c **** * provisions apply instead of the ones mentioned above :
  28:D:/Git/VL53L1/lib/core/src\vl53l1_api_debug.c **** *
  29:D:/Git/VL53L1/lib/core/src\vl53l1_api_debug.c **** ********************************************************************************
ARM GAS  C:\Users\Berbardo\AppData\Local\Temp\ccC19M0C.s 			page 2


  30:D:/Git/VL53L1/lib/core/src\vl53l1_api_debug.c **** *
  31:D:/Git/VL53L1/lib/core/src\vl53l1_api_debug.c **** * License terms: BSD 3-clause "New" or "Revised" License.
  32:D:/Git/VL53L1/lib/core/src\vl53l1_api_debug.c **** *
  33:D:/Git/VL53L1/lib/core/src\vl53l1_api_debug.c **** * Redistribution and use in source and binary forms, with or without
  34:D:/Git/VL53L1/lib/core/src\vl53l1_api_debug.c **** * modification, are permitted provided that the following conditions are met:
  35:D:/Git/VL53L1/lib/core/src\vl53l1_api_debug.c **** *
  36:D:/Git/VL53L1/lib/core/src\vl53l1_api_debug.c **** * 1. Redistributions of source code must retain the above copyright notice, this
  37:D:/Git/VL53L1/lib/core/src\vl53l1_api_debug.c **** * list of conditions and the following disclaimer.
  38:D:/Git/VL53L1/lib/core/src\vl53l1_api_debug.c **** *
  39:D:/Git/VL53L1/lib/core/src\vl53l1_api_debug.c **** * 2. Redistributions in binary form must reproduce the above copyright notice,
  40:D:/Git/VL53L1/lib/core/src\vl53l1_api_debug.c **** * this list of conditions and the following disclaimer in the documentation
  41:D:/Git/VL53L1/lib/core/src\vl53l1_api_debug.c **** * and/or other materials provided with the distribution.
  42:D:/Git/VL53L1/lib/core/src\vl53l1_api_debug.c **** *
  43:D:/Git/VL53L1/lib/core/src\vl53l1_api_debug.c **** * 3. Neither the name of the copyright holder nor the names of its contributors
  44:D:/Git/VL53L1/lib/core/src\vl53l1_api_debug.c **** * may be used to endorse or promote products derived from this software
  45:D:/Git/VL53L1/lib/core/src\vl53l1_api_debug.c **** * without specific prior written permission.
  46:D:/Git/VL53L1/lib/core/src\vl53l1_api_debug.c **** *
  47:D:/Git/VL53L1/lib/core/src\vl53l1_api_debug.c **** * THIS SOFTWARE IS PROVIDED BY THE COPYRIGHT HOLDERS AND CONTRIBUTORS "AS IS"
  48:D:/Git/VL53L1/lib/core/src\vl53l1_api_debug.c **** * AND ANY EXPRESS OR IMPLIED WARRANTIES, INCLUDING, BUT NOT LIMITED TO, THE
  49:D:/Git/VL53L1/lib/core/src\vl53l1_api_debug.c **** * IMPLIED WARRANTIES OF MERCHANTABILITY AND FITNESS FOR A PARTICULAR PURPOSE ARE
  50:D:/Git/VL53L1/lib/core/src\vl53l1_api_debug.c **** * DISCLAIMED. IN NO EVENT SHALL THE COPYRIGHT HOLDER OR CONTRIBUTORS BE LIABLE
  51:D:/Git/VL53L1/lib/core/src\vl53l1_api_debug.c **** * FOR ANY DIRECT, INDIRECT, INCIDENTAL, SPECIAL, EXEMPLARY, OR CONSEQUENTIAL
  52:D:/Git/VL53L1/lib/core/src\vl53l1_api_debug.c **** * DAMAGES (INCLUDING, BUT NOT LIMITED TO, PROCUREMENT OF SUBSTITUTE GOODS OR
  53:D:/Git/VL53L1/lib/core/src\vl53l1_api_debug.c **** * SERVICES; LOSS OF USE, DATA, OR PROFITS; OR BUSINESS INTERRUPTION) HOWEVER
  54:D:/Git/VL53L1/lib/core/src\vl53l1_api_debug.c **** * CAUSED AND ON ANY THEORY OF LIABILITY, WHETHER IN CONTRACT, STRICT LIABILITY,
  55:D:/Git/VL53L1/lib/core/src\vl53l1_api_debug.c **** * OR TORT (INCLUDING NEGLIGENCE OR OTHERWISE) ARISING IN ANY WAY OUT OF THE USE
  56:D:/Git/VL53L1/lib/core/src\vl53l1_api_debug.c **** * OF THIS SOFTWARE, EVEN IF ADVISED OF THE POSSIBILITY OF SUCH DAMAGE.
  57:D:/Git/VL53L1/lib/core/src\vl53l1_api_debug.c **** *
  58:D:/Git/VL53L1/lib/core/src\vl53l1_api_debug.c **** *
  59:D:/Git/VL53L1/lib/core/src\vl53l1_api_debug.c **** ********************************************************************************
  60:D:/Git/VL53L1/lib/core/src\vl53l1_api_debug.c **** *
  61:D:/Git/VL53L1/lib/core/src\vl53l1_api_debug.c **** */
  62:D:/Git/VL53L1/lib/core/src\vl53l1_api_debug.c **** 
  63:D:/Git/VL53L1/lib/core/src\vl53l1_api_debug.c **** /**
  64:D:/Git/VL53L1/lib/core/src\vl53l1_api_debug.c ****  * @file  vl53l1_api_debug.c
  65:D:/Git/VL53L1/lib/core/src\vl53l1_api_debug.c ****  * @brief EwokPlus25 low level Driver debug function definition
  66:D:/Git/VL53L1/lib/core/src\vl53l1_api_debug.c ****  */
  67:D:/Git/VL53L1/lib/core/src\vl53l1_api_debug.c **** 
  68:D:/Git/VL53L1/lib/core/src\vl53l1_api_debug.c **** #include "vl53l1_ll_def.h"
  69:D:/Git/VL53L1/lib/core/src\vl53l1_api_debug.c **** #include "vl53l1_ll_device.h"
  70:D:/Git/VL53L1/lib/core/src\vl53l1_api_debug.c **** #include "vl53l1_register_structs.h"
  71:D:/Git/VL53L1/lib/core/src\vl53l1_api_debug.c **** #include "vl53l1_core.h"
  72:D:/Git/VL53L1/lib/core/src\vl53l1_api_debug.c **** #include "vl53l1_api_debug.h"
  73:D:/Git/VL53L1/lib/core/src\vl53l1_api_debug.c **** 
  74:D:/Git/VL53L1/lib/core/src\vl53l1_api_debug.c **** #define LOG_FUNCTION_START(fmt, ...) \
  75:D:/Git/VL53L1/lib/core/src\vl53l1_api_debug.c **** 	_LOG_FUNCTION_START(VL53L1_TRACE_MODULE_CORE, fmt, ##__VA_ARGS__)
  76:D:/Git/VL53L1/lib/core/src\vl53l1_api_debug.c **** #define LOG_FUNCTION_END(status, ...) \
  77:D:/Git/VL53L1/lib/core/src\vl53l1_api_debug.c **** 	_LOG_FUNCTION_END(VL53L1_TRACE_MODULE_CORE, status, ##__VA_ARGS__)
  78:D:/Git/VL53L1/lib/core/src\vl53l1_api_debug.c **** #define LOG_FUNCTION_END_FMT(status, fmt, ...) \
  79:D:/Git/VL53L1/lib/core/src\vl53l1_api_debug.c **** 	_LOG_FUNCTION_END_FMT(VL53L1_TRACE_MODULE_CORE, status, \
  80:D:/Git/VL53L1/lib/core/src\vl53l1_api_debug.c **** 	fmt, ##__VA_ARGS__)
  81:D:/Git/VL53L1/lib/core/src\vl53l1_api_debug.c **** 
  82:D:/Git/VL53L1/lib/core/src\vl53l1_api_debug.c **** #define trace_print(level, ...) \
  83:D:/Git/VL53L1/lib/core/src\vl53l1_api_debug.c **** 	_LOG_TRACE_PRINT(trace_flags, \
  84:D:/Git/VL53L1/lib/core/src\vl53l1_api_debug.c **** 	level, VL53L1_TRACE_FUNCTION_NONE, ##__VA_ARGS__)
  85:D:/Git/VL53L1/lib/core/src\vl53l1_api_debug.c **** 
  86:D:/Git/VL53L1/lib/core/src\vl53l1_api_debug.c **** 
ARM GAS  C:\Users\Berbardo\AppData\Local\Temp\ccC19M0C.s 			page 3


  87:D:/Git/VL53L1/lib/core/src\vl53l1_api_debug.c **** /* Start Patch_AdditionalDebugData_11823 */
  88:D:/Git/VL53L1/lib/core/src\vl53l1_api_debug.c **** 
  89:D:/Git/VL53L1/lib/core/src\vl53l1_api_debug.c **** VL53L1_Error VL53L1_get_additional_data(
  90:D:/Git/VL53L1/lib/core/src\vl53l1_api_debug.c **** 	VL53L1_DEV                       Dev,
  91:D:/Git/VL53L1/lib/core/src\vl53l1_api_debug.c **** 	VL53L1_additional_data_t        *pdata)
  92:D:/Git/VL53L1/lib/core/src\vl53l1_api_debug.c **** {
  30              		.loc 1 92 1 view -0
  31              		.cfi_startproc
  32              		@ args = 0, pretend = 0, frame = 0
  33              		@ frame_needed = 0, uses_anonymous_args = 0
  34              		@ link register save eliminated.
  93:D:/Git/VL53L1/lib/core/src\vl53l1_api_debug.c **** 	/*
  94:D:/Git/VL53L1/lib/core/src\vl53l1_api_debug.c **** 	 * Gets the addition debug data
  95:D:/Git/VL53L1/lib/core/src\vl53l1_api_debug.c **** 	 */
  96:D:/Git/VL53L1/lib/core/src\vl53l1_api_debug.c **** 
  97:D:/Git/VL53L1/lib/core/src\vl53l1_api_debug.c **** 	VL53L1_Error  status = VL53L1_ERROR_NONE;
  35              		.loc 1 97 2 view .LVU1
  98:D:/Git/VL53L1/lib/core/src\vl53l1_api_debug.c **** 
  99:D:/Git/VL53L1/lib/core/src\vl53l1_api_debug.c **** 	VL53L1_LLDriverData_t *pdev = VL53L1DevStructGetLLDriverHandle(Dev);
  36              		.loc 1 99 2 view .LVU2
 100:D:/Git/VL53L1/lib/core/src\vl53l1_api_debug.c **** 
 101:D:/Git/VL53L1/lib/core/src\vl53l1_api_debug.c **** 	LOG_FUNCTION_START("");
  37              		.loc 1 101 24 view .LVU3
 102:D:/Git/VL53L1/lib/core/src\vl53l1_api_debug.c **** 
 103:D:/Git/VL53L1/lib/core/src\vl53l1_api_debug.c **** 	/* get LL Driver configuration parameters */
 104:D:/Git/VL53L1/lib/core/src\vl53l1_api_debug.c **** 
 105:D:/Git/VL53L1/lib/core/src\vl53l1_api_debug.c **** 	pdata->preset_mode             = pdev->preset_mode;
  38              		.loc 1 105 2 view .LVU4
  39              		.loc 1 105 39 is_stmt 0 view .LVU5
  40 0000 4378     		ldrb	r3, [r0, #1]	@ zero_extendqisi2
  41              		.loc 1 105 33 view .LVU6
  42 0002 0B70     		strb	r3, [r1]
 106:D:/Git/VL53L1/lib/core/src\vl53l1_api_debug.c **** 	pdata->measurement_mode        = pdev->measurement_mode;
  43              		.loc 1 106 2 is_stmt 1 view .LVU7
  44              		.loc 1 106 39 is_stmt 0 view .LVU8
  45 0004 8378     		ldrb	r3, [r0, #2]	@ zero_extendqisi2
  46              		.loc 1 106 33 view .LVU9
  47 0006 4B70     		strb	r3, [r1, #1]
 107:D:/Git/VL53L1/lib/core/src\vl53l1_api_debug.c **** 
 108:D:/Git/VL53L1/lib/core/src\vl53l1_api_debug.c **** 	pdata->phasecal_config_timeout_us  = pdev->phasecal_config_timeout_us;
  48              		.loc 1 108 2 is_stmt 1 view .LVU10
  49              		.loc 1 108 43 is_stmt 0 view .LVU11
  50 0008 8368     		ldr	r3, [r0, #8]
  51              		.loc 1 108 37 view .LVU12
  52 000a 4B60     		str	r3, [r1, #4]
 109:D:/Git/VL53L1/lib/core/src\vl53l1_api_debug.c **** 	pdata->mm_config_timeout_us        = pdev->mm_config_timeout_us;
  53              		.loc 1 109 2 is_stmt 1 view .LVU13
  54              		.loc 1 109 43 is_stmt 0 view .LVU14
  55 000c C368     		ldr	r3, [r0, #12]
  56              		.loc 1 109 37 view .LVU15
  57 000e 8B60     		str	r3, [r1, #8]
 110:D:/Git/VL53L1/lib/core/src\vl53l1_api_debug.c **** 	pdata->range_config_timeout_us     = pdev->range_config_timeout_us;
  58              		.loc 1 110 2 is_stmt 1 view .LVU16
  59              		.loc 1 110 43 is_stmt 0 view .LVU17
  60 0010 0369     		ldr	r3, [r0, #16]
  61              		.loc 1 110 37 view .LVU18
  62 0012 CB60     		str	r3, [r1, #12]
ARM GAS  C:\Users\Berbardo\AppData\Local\Temp\ccC19M0C.s 			page 4


 111:D:/Git/VL53L1/lib/core/src\vl53l1_api_debug.c **** 	pdata->inter_measurement_period_ms = pdev->inter_measurement_period_ms;
  63              		.loc 1 111 2 is_stmt 1 view .LVU19
  64              		.loc 1 111 43 is_stmt 0 view .LVU20
  65 0014 4369     		ldr	r3, [r0, #20]
  66              		.loc 1 111 37 view .LVU21
  67 0016 0B61     		str	r3, [r1, #16]
 112:D:/Git/VL53L1/lib/core/src\vl53l1_api_debug.c **** 	pdata->dss_config__target_total_rate_mcps =
  68              		.loc 1 112 2 is_stmt 1 view .LVU22
 113:D:/Git/VL53L1/lib/core/src\vl53l1_api_debug.c **** 			pdev->dss_config__target_total_rate_mcps;
  69              		.loc 1 113 8 is_stmt 0 view .LVU23
  70 0018 038B     		ldrh	r3, [r0, #24]
 112:D:/Git/VL53L1/lib/core/src\vl53l1_api_debug.c **** 	pdata->dss_config__target_total_rate_mcps =
  71              		.loc 1 112 44 view .LVU24
  72 001a 8B82     		strh	r3, [r1, #20]	@ movhi
 114:D:/Git/VL53L1/lib/core/src\vl53l1_api_debug.c **** 
 115:D:/Git/VL53L1/lib/core/src\vl53l1_api_debug.c **** 	LOG_FUNCTION_END(status);
  73              		.loc 1 115 26 is_stmt 1 view .LVU25
 116:D:/Git/VL53L1/lib/core/src\vl53l1_api_debug.c **** 
 117:D:/Git/VL53L1/lib/core/src\vl53l1_api_debug.c **** 	return status;
  74              		.loc 1 117 2 view .LVU26
 118:D:/Git/VL53L1/lib/core/src\vl53l1_api_debug.c **** }
  75              		.loc 1 118 1 is_stmt 0 view .LVU27
  76 001c 0020     		movs	r0, #0
  77              	.LVL1:
  78              		.loc 1 118 1 view .LVU28
  79 001e 7047     		bx	lr
  80              		.cfi_endproc
  81              	.LFE126:
  83              		.text
  84              	.Letext0:
  85              		.file 2 "c:\\program files (x86)\\gnu tools arm embedded\\8 2019-q3-update\\arm-none-eabi\\include
  86              		.file 3 "c:\\program files (x86)\\gnu tools arm embedded\\8 2019-q3-update\\arm-none-eabi\\include
  87              		.file 4 "c:\\program files (x86)\\gnu tools arm embedded\\8 2019-q3-update\\lib\\gcc\\arm-none-eab
  88              		.file 5 "c:\\program files (x86)\\gnu tools arm embedded\\8 2019-q3-update\\arm-none-eabi\\include
  89              		.file 6 "c:\\program files (x86)\\gnu tools arm embedded\\8 2019-q3-update\\arm-none-eabi\\include
  90              		.file 7 "c:\\program files (x86)\\gnu tools arm embedded\\8 2019-q3-update\\arm-none-eabi\\include
  91              		.file 8 "D:/Git/VL53L1/lib/platform/inc/vl53l1_types.h"
  92              		.file 9 "D:/Git/VL53L1/lib/core/inc/vl53l1_ll_device.h"
  93              		.file 10 "D:/Git/VL53L1/lib/core/inc/vl53l1_error_codes.h"
  94              		.file 11 "D:/Git/VL53L1/lib/core/inc/vl53l1_register_structs.h"
  95              		.file 12 "D:/Git/VL53L1/lib/core/inc/vl53l1_ll_def.h"
  96              		.file 13 "cube/Drivers/CMSIS/Include/core_cm4.h"
  97              		.file 14 "cube/Drivers/CMSIS/Device/ST/STM32F3xx/Include/system_stm32f3xx.h"
  98              		.file 15 "cube/Drivers/CMSIS/Device/ST/STM32F3xx/Include/stm32f303xc.h"
  99              		.file 16 "cube/Drivers/STM32F3xx_HAL_Driver/Inc/stm32f3xx_hal_def.h"
 100              		.file 17 "cube/Drivers/STM32F3xx_HAL_Driver/Inc/stm32f3xx_hal_dma.h"
 101              		.file 18 "cube/Drivers/STM32F3xx_HAL_Driver/Inc/stm32f3xx_hal_i2c.h"
 102              		.file 19 "cube/Drivers/STM32F3xx_HAL_Driver/Inc/stm32f3xx_hal.h"
 103              		.file 20 "D:/Git/VL53L1/lib/core/inc/vl53l1_def.h"
 104              		.file 21 "D:/Git/VL53L1/lib/platform/inc/vl53l1_platform_user_data.h"
ARM GAS  C:\Users\Berbardo\AppData\Local\Temp\ccC19M0C.s 			page 5


DEFINED SYMBOLS
                            *ABS*:00000000 vl53l1_api_debug.c
C:\Users\Berbardo\AppData\Local\Temp\ccC19M0C.s:18     .text.VL53L1_get_additional_data:00000000 $t
C:\Users\Berbardo\AppData\Local\Temp\ccC19M0C.s:26     .text.VL53L1_get_additional_data:00000000 VL53L1_get_additional_data
                           .group:00000000 wm4.0.a9549919c595c19c35ef13bc9ee4c8af
                           .group:00000000 wm4.target_vl53l1_1.h.12.5039e74bcd507e129caba66ab5fc05af
                           .group:00000000 wm4._newlib_version.h.4.9ba035841e762c3308916a0ce96032e7
                           .group:00000000 wm4.features.h.33.d0b7f3cd6ee95f610104014bb3ed522a
                           .group:00000000 wm4._default_types.h.15.247e5cd201eca3442cbf5404108c4935
                           .group:00000000 wm4._intsup.h.10.48bafbb683905c4daa4565a85aeeb264
                           .group:00000000 wm4._stdint.h.10.c24fa3af3bc1706662bb5593a907e841
                           .group:00000000 wm4.stdint.h.23.d53047a68f4a85177f80b422d52785ed
                           .group:00000000 wm4.stddef.h.39.a38874c8f8a57e66301090908ec2a69f
                           .group:00000000 wm4.newlib.h.8.f6e543eac3f2f65163ba2ffe3b04987b
                           .group:00000000 wm4.ieeefp.h.77.5499ed899a78229fbaf6d102924f4714
                           .group:00000000 wm4.config.h.224.c701144a7b0518c6ee9b9b5465b79f81
                           .group:00000000 wm4._ansi.h.31.de524f58584151836e90d8620a16f8e8
                           .group:00000000 wm4._types.h.20.dd0d04dca3800a0d2a6129b87f3adbb2
                           .group:00000000 wm4.stddef.h.161.5349cb105733e8777bfb0cf53c4e3f34
                           .group:00000000 wm4._types.h.127.34941de1b2539d59d5cac00e0dd27a45
                           .group:00000000 wm4.reent.h.17.e292bf8b0bec6c96e131a54347145a30
                           .group:00000000 wm4.lock.h.2.1461d1fff82dffe8bfddc23307f6484f
                           .group:00000000 wm4.reent.h.77.dcd6129ff07fe81bd5636db29abe53b2
                           .group:00000000 wm4.cdefs.h.49.6260d97adb8d27534cbdc0f868b8ea87
                           .group:00000000 wm4.string.h.15.dab3980bf35408a4c507182805e2de3a
                           .group:00000000 wm4.stddef.h.161.19e15733342b50ead2919490b095303e
                           .group:00000000 wm4.stdio.h.27.3fc80220048df77954e38daec3bb9670
                           .group:00000000 wm4.stdarg.h.34.3a23a216c0c293b3d2ea2e89281481e6
                           .group:00000000 wm4.types.h.40.c2dcbbb5c1f4f0e5cb716ebf7776da48
                           .group:00000000 wm4.stdio.h.2.4aa87247282eca6c8f36f9de33d8df1a
                           .group:00000000 wm4.stdio.h.81.2a55589bfa3ee24eeb84e3c79458e4a9
                           .group:00000000 wm4.stdlib.h.13.4ed386f5c1a80d71e72172885d946ef2
                           .group:00000000 wm4.stdlib.h.56.b4ddaf162082f284ba35b4444af99a9a
                           .group:00000000 wm4.vl53l1_platform_user_config.h.71.4bbd3f655147d64657bb9c77e14249c2
                           .group:00000000 wm4.vl53l1_ll_device.h.76.61a5c622dad24a36ae0651848b8ac7cb
                           .group:00000000 wm4.vl53l1_error_codes.h.71.b6e90121c4542ed0428e2f06155d8266
                           .group:00000000 wm4.vl53l1_register_map.h.69.ec259f417eacfeb4a1fe3b1107810d95
                           .group:00000000 wm4.vl53l1_register_structs.h.74.11a89e7b4ec79fa5f24a8809948e429f
                           .group:00000000 wm4.vl53l1_platform_user_defines.h.65.ba5bf58a2b92eb98a59c4d4834576b4d
                           .group:00000000 wm4.vl53l1_error_exceptions.h.70.5b53c89ff28584d05d224dd03776b32e
                           .group:00000000 wm4.vl53l1_ll_def.h.91.518239c514b35c896619678d2b7b75c9
                           .group:00000000 wm4.vl53l1_platform_log.h.71.79ea17a42b4255ee5461fb53cd7aea3c
                           .group:00000000 wm4.stm32f3xx_hal_conf.h.37.cb1c9cb802da867d86527a1477311c20
                           .group:00000000 wm4.stm32f3xx.h.55.fe34e0340b06ab20c90f3cf1d792e0eb
                           .group:00000000 wm4.stm32f303xc.h.51.75494ed92b93e6861874d99c51c92793
                           .group:00000000 wm4.core_cm4.h.42.42f38327ee0970d80f60117e6a3ba2b0
                           .group:00000000 wm4.cmsis_gcc.h.36.39970cb43ce4b53c82644a1f9bc2eab9
                           .group:00000000 wm4.core_cm4.h.223.390ff9b0e06949b13520d8b6746f63e8
                           .group:00000000 wm4.stm32f303xc.h.710.b77655c64e6ea7efdc9ab6a96701a5ae
                           .group:00000000 wm4.stm32f3xx.h.191.245d83eb21a6c69e2950c577a7134277
                           .group:00000000 wm4.stm32f3xx_hal_def.h.76.500c7c9bfcb8d4adebf82d1af27ff044
                           .group:00000000 wm4.stm32f3xx_hal_rcc.h.64.60ee232241a99e19acd27637eebe4f1c
                           .group:00000000 wm4.stm32f3xx_hal_rcc_ex.h.38.1fba3945551953e78cf69c94a0383651
                           .group:00000000 wm4.stm32f3xx_hal_gpio.h.38.11db931fcbf37182e25c3927ddf6e8ba
                           .group:00000000 wm4.stm32f3xx_hal_gpio_ex.h.38.8d493744f4b7a4f7a0f4f97db0ccbd8e
                           .group:00000000 wm4.stm32f3xx_hal_dma.h.38.61966c780efd486aa451ae49ca247997
                           .group:00000000 wm4.stm32f3xx_hal_dma_ex.h.38.195e7d437d9280b9f4e6bae0fa00db04
ARM GAS  C:\Users\Berbardo\AppData\Local\Temp\ccC19M0C.s 			page 6


                           .group:00000000 wm4.stm32f3xx_hal_dma.h.423.83da80eb3e6ae96f050d0c5e4b55e4b9
                           .group:00000000 wm4.stm32f3xx_hal_cortex.h.38.c5c1d06be9dad8e7837dbe16f3535233
                           .group:00000000 wm4.stm32f3xx_hal_flash.h.38.2b4c202390dfbe69a578ce118ab4d799
                           .group:00000000 wm4.stm32f3xx_hal_flash_ex.h.38.36f8341b05728c01a88b7f1003837b1f
                           .group:00000000 wm4.stm32f3xx_hal_i2c.h.38.e3750f5f029ebf729a7cf07e85cad615
                           .group:00000000 wm4.stm32f3xx_hal_i2c_ex.h.38.74099379a9814ae4d6d1c8682fdde7ad
                           .group:00000000 wm4.stm32f3xx_hal_i2c.h.626.05cba3c85b66bb4631bfd2ebbfab1b06
                           .group:00000000 wm4.stm32f3xx_hal_pwr.h.38.efb6ce75a5c12d6b2c7c914e7a94ec2b
                           .group:00000000 wm4.stm32f3xx_hal_pwr_ex.h.38.d228edc56905d96af2d831d3c8e0487a
                           .group:00000000 wm4.stm32f3xx_hal.h.60.e1acc37932101d84a977b19b7a581169
                           .group:00000000 wm4.vl53l1_def.h.87.ea1a10eae4f02dade0991856ca744364
                           .group:00000000 wm4.vl53l1_platform_user_data.h.94.31d6fd49a37f98d182bed50c298f83ae

NO UNDEFINED SYMBOLS
